Running on hadoop, using /opt/hadoop-2.4.0/bin/hadoop and HADOOP_CONF_DIR=
MAHOUT-JOB: /opt/mahout/examples/target/mahout-examples-1.0-SNAPSHOT-job.jar
14/07/19 05:26:55 WARN driver.MahoutDriver: No cvb.props found on classpath, will use command-line arguments only
14/07/19 05:26:55 INFO common.AbstractJob: Command line arguments: {--convergenceDelta=[0.0], --dictionary=[/cw-seqdir-sparse-lda/dictionary.file-*], --doc_topic_output=[/runs/r11/doc-topics], --doc_topic_smoothing=[1.0E-4], --endPhase=[2147483647], --input=[/cw-out-matrix/matrix], --iteration_block_size=[10], --maxIter=[1], --max_doc_topic_iters=[10], --num_reduce_tasks=[256], --num_terms=[327680000], --num_topics=[10], --num_train_threads=[4], --num_update_threads=[1], --output=[/runs/r11/topics], --random_seed=[42], --startPhase=[0], --tempDir=[/runs/r11/cas-temp/], --term_topic_smoothing=[1.0E-4], --test_set_fraction=[0.0]}
14/07/19 05:26:55 INFO cvb.CVB0Driver: Will run Collapsed Variational Bayes (0th-derivative approximation) learning for LDA on /cw-out-matrix/matrix (numTerms: 327680000), finding 10-topics, with document/topic prior 1.0E-4, topic/term prior 1.0E-4.  Maximum iterations to run will be 1, unless the change in perplexity is less than 0.0.  Topic model output (p(term|topic) for each topic) will be stored /runs/r11/topics.  Random initialization seed is 42, holding out 0.0 of the data for perplexity check

14/07/19 05:26:55 INFO cvb.CVB0Driver: Dictionary to be used located /cw-seqdir-sparse-lda/dictionary.file-*
p(topic|docId) will be stored /runs/r11/doc-topics

14/07/19 05:26:55 WARN util.NativeCodeLoader: Unable to load native-hadoop library for your platform... using builtin-java classes where applicable
14/07/19 05:26:56 INFO cvb.CVB0Driver: Current iteration number: 0
14/07/19 05:26:56 INFO cvb.CVB0Driver: About to run iteration 1 of 1
14/07/19 05:26:56 INFO cvb.CVB0Driver: About to run: Iteration 1 of 1, input path: /runs/r11/cas-temp/topicModelState/model-0
14/07/19 05:26:56 INFO Configuration.deprecation: mapred.input.dir is deprecated. Instead, use mapreduce.input.fileinputformat.inputdir
14/07/19 05:26:56 INFO Configuration.deprecation: mapred.compress.map.output is deprecated. Instead, use mapreduce.map.output.compress
14/07/19 05:26:56 INFO Configuration.deprecation: mapred.output.dir is deprecated. Instead, use mapreduce.output.fileoutputformat.outputdir
14/07/19 05:26:56 INFO client.RMProxy: Connecting to ResourceManager at dco-node121.dco.ethz.ch/172.31.109.131:8032
14/07/19 05:26:57 INFO input.FileInputFormat: Total input paths to process : 1
14/07/19 05:26:58 INFO mapreduce.JobSubmitter: number of splits:1096
14/07/19 05:26:58 INFO Configuration.deprecation: mapred.reduce.tasks is deprecated. Instead, use mapreduce.job.reduces
14/07/19 05:26:58 INFO mapreduce.JobSubmitter: Submitting tokens for job: job_1405738110938_0004
14/07/19 05:26:58 INFO impl.YarnClientImpl: Submitted application application_1405738110938_0004
14/07/19 05:26:58 INFO mapreduce.Job: The url to track the job: http://dco-node121.dco.ethz.ch:8088/proxy/application_1405738110938_0004/
14/07/19 05:26:58 INFO mapreduce.Job: Running job: job_1405738110938_0004
14/07/19 05:27:06 INFO mapreduce.Job: Job job_1405738110938_0004 running in uber mode : false
14/07/19 05:27:06 INFO mapreduce.Job:  map 0% reduce 0%
14/07/19 05:27:32 INFO mapreduce.Job: Task Id : attempt_1405738110938_0004_m_000099_0, Status : FAILED
Error: Java heap space
14/07/19 05:27:42 INFO mapreduce.Job: Task Id : attempt_1405738110938_0004_m_000099_1, Status : FAILED
Error: Java heap space
14/07/19 05:27:50 INFO mapreduce.Job: Task Id : attempt_1405738110938_0004_m_000122_0, Status : FAILED
Error: Java heap space
14/07/19 05:27:52 INFO mapreduce.Job: Task Id : attempt_1405738110938_0004_m_000099_2, Status : FAILED
Error: Java heap space
14/07/19 05:28:27 INFO mapreduce.Job: Task Id : attempt_1405738110938_0004_m_000165_0, Status : FAILED
Error: Java heap space
14/07/19 05:28:43 INFO mapreduce.Job: Task Id : attempt_1405738110938_0004_m_000103_0, Status : FAILED
Error: Java heap space
14/07/19 05:28:48 INFO mapreduce.Job: Task Id : attempt_1405738110938_0004_m_000186_0, Status : FAILED
Error: Java heap space
14/07/19 05:29:01 INFO mapreduce.Job: Task Id : attempt_1405738110938_0004_m_000130_0, Status : FAILED
Error: Java heap space
14/07/19 05:29:02 INFO mapreduce.Job: Task Id : attempt_1405738110938_0004_m_000090_0, Status : FAILED
Error: Java heap space
14/07/19 05:29:06 INFO mapreduce.Job: Task Id : attempt_1405738110938_0004_m_000075_0, Status : FAILED
Error: Java heap space
14/07/19 05:29:10 INFO mapreduce.Job: Task Id : attempt_1405738110938_0004_m_000107_0, Status : FAILED
Error: Java heap space
14/07/19 05:29:10 INFO mapreduce.Job: Task Id : attempt_1405738110938_0004_m_000062_0, Status : FAILED
Error: Java heap space
14/07/19 05:29:11 INFO mapreduce.Job: Task Id : attempt_1405738110938_0004_m_000155_0, Status : FAILED
Error: Java heap space
14/07/19 05:29:11 INFO mapreduce.Job: Task Id : attempt_1405738110938_0004_m_000153_0, Status : FAILED
Error: Java heap space
14/07/19 05:29:12 INFO mapreduce.Job: Task Id : attempt_1405738110938_0004_m_000015_0, Status : FAILED
Error: Java heap space
14/07/19 05:29:13 INFO mapreduce.Job: Task Id : attempt_1405738110938_0004_m_000195_0, Status : FAILED
Error: Java heap space
14/07/19 05:29:15 INFO mapreduce.Job: Task Id : attempt_1405738110938_0004_m_000127_0, Status : FAILED
Error: Java heap space
14/07/19 05:29:19 INFO mapreduce.Job: Task Id : attempt_1405738110938_0004_m_000121_0, Status : FAILED
Error: Java heap space
14/07/19 05:29:21 INFO mapreduce.Job: Task Id : attempt_1405738110938_0004_m_000039_0, Status : FAILED
Error: Java heap space
14/07/19 05:29:21 INFO mapreduce.Job: Task Id : attempt_1405738110938_0004_m_000198_0, Status : FAILED
Error: Java heap space
14/07/19 05:29:21 INFO mapreduce.Job: Task Id : attempt_1405738110938_0004_m_000002_0, Status : FAILED
Error: Java heap space
14/07/19 05:29:22 INFO mapreduce.Job: Task Id : attempt_1405738110938_0004_m_000131_0, Status : FAILED
Error: Java heap space
14/07/19 05:29:22 INFO mapreduce.Job: Task Id : attempt_1405738110938_0004_m_000088_0, Status : FAILED
Error: Java heap space
14/07/19 05:29:23 INFO mapreduce.Job: Task Id : attempt_1405738110938_0004_m_000080_0, Status : FAILED
Error: Java heap space
Container killed by the ApplicationMaster.
Container killed on request. Exit code is 143
Container exited with a non-zero exit code 143

14/07/19 05:29:23 INFO mapreduce.Job: Task Id : attempt_1405738110938_0004_m_000112_0, Status : FAILED
Error: Java heap space
Container killed by the ApplicationMaster.
Container killed on request. Exit code is 143
Container exited with a non-zero exit code 143

14/07/19 05:29:23 INFO mapreduce.Job: Task Id : attempt_1405738110938_0004_m_000113_0, Status : FAILED
Error: Java heap space
14/07/19 05:29:24 INFO mapreduce.Job: Task Id : attempt_1405738110938_0004_m_000152_0, Status : FAILED
Error: Java heap space
14/07/19 05:29:26 INFO mapreduce.Job: Task Id : attempt_1405738110938_0004_m_000133_0, Status : FAILED
Error: Java heap space
14/07/19 05:29:27 INFO mapreduce.Job: Task Id : attempt_1405738110938_0004_m_000094_0, Status : FAILED
Error: Java heap space
14/07/19 05:29:28 INFO mapreduce.Job: Task Id : attempt_1405738110938_0004_m_000143_0, Status : FAILED
Error: Java heap space
14/07/19 05:29:28 INFO mapreduce.Job: Task Id : attempt_1405738110938_0004_m_000122_1, Status : FAILED
Error: Java heap space
14/07/19 05:29:30 INFO mapreduce.Job: Task Id : attempt_1405738110938_0004_m_000145_0, Status : FAILED
Error: Java heap space
14/07/19 05:29:31 INFO mapreduce.Job: Task Id : attempt_1405738110938_0004_m_000169_0, Status : FAILED
Error: Java heap space
14/07/19 05:29:32 INFO mapreduce.Job: Task Id : attempt_1405738110938_0004_m_000092_0, Status : FAILED
Error: Java heap space
14/07/19 05:29:34 INFO mapreduce.Job: Task Id : attempt_1405738110938_0004_m_000144_0, Status : FAILED
Error: Java heap space
14/07/19 05:29:35 INFO mapreduce.Job: Task Id : attempt_1405738110938_0004_m_000138_0, Status : FAILED
Error: Java heap space
14/07/19 05:29:36 INFO mapreduce.Job: Task Id : attempt_1405738110938_0004_m_000115_0, Status : FAILED
Error: Java heap space
14/07/19 05:29:37 INFO mapreduce.Job: Task Id : attempt_1405738110938_0004_m_000182_0, Status : FAILED
Error: Java heap space
Container killed by the ApplicationMaster.
Container killed on request. Exit code is 143
Container exited with a non-zero exit code 143

14/07/19 05:29:37 INFO mapreduce.Job: Task Id : attempt_1405738110938_0004_m_000136_0, Status : FAILED
Error: Java heap space
14/07/19 05:29:37 INFO mapreduce.Job: Task Id : attempt_1405738110938_0004_m_000114_0, Status : FAILED
Error: Java heap space
14/07/19 05:29:37 INFO mapreduce.Job: Task Id : attempt_1405738110938_0004_m_000177_0, Status : FAILED
Error: Java heap space
14/07/19 05:29:37 INFO mapreduce.Job: Task Id : attempt_1405738110938_0004_m_000172_0, Status : FAILED
Error: Java heap space
14/07/19 05:29:37 INFO mapreduce.Job: Task Id : attempt_1405738110938_0004_m_000191_0, Status : FAILED
Error: Java heap space
14/07/19 05:29:38 INFO mapreduce.Job: Task Id : attempt_1405738110938_0004_m_000123_0, Status : FAILED
Error: Java heap space
14/07/19 05:29:38 INFO mapreduce.Job: Task Id : attempt_1405738110938_0004_m_000140_0, Status : FAILED
Error: Java heap space
14/07/19 05:29:39 INFO mapreduce.Job: Task Id : attempt_1405738110938_0004_m_000105_0, Status : FAILED
Error: Java heap space
14/07/19 05:29:40 INFO mapreduce.Job: Task Id : attempt_1405738110938_0004_m_000128_0, Status : FAILED
Error: Java heap space
14/07/19 05:29:40 INFO mapreduce.Job: Task Id : attempt_1405738110938_0004_m_000011_0, Status : FAILED
Error: Java heap space
14/07/19 05:29:41 INFO mapreduce.Job: Task Id : attempt_1405738110938_0004_m_000117_0, Status : FAILED
Error: Java heap space
14/07/19 05:29:42 INFO mapreduce.Job: Task Id : attempt_1405738110938_0004_m_000005_0, Status : FAILED
Error: Java heap space
Container killed by the ApplicationMaster.
Container killed on request. Exit code is 143
Container exited with a non-zero exit code 143

14/07/19 05:29:42 INFO mapreduce.Job: Task Id : attempt_1405738110938_0004_m_000079_0, Status : FAILED
Error: Java heap space
Container killed by the ApplicationMaster.
Container killed on request. Exit code is 143
Container exited with a non-zero exit code 143

14/07/19 05:29:42 INFO mapreduce.Job: Task Id : attempt_1405738110938_0004_m_000067_0, Status : FAILED
Error: Java heap space
14/07/19 05:29:42 INFO mapreduce.Job: Task Id : attempt_1405738110938_0004_m_000106_0, Status : FAILED
Error: Java heap space
14/07/19 05:29:43 INFO mapreduce.Job: Task Id : attempt_1405738110938_0004_m_000165_1, Status : FAILED
Error: Java heap space
14/07/19 05:29:45 INFO mapreduce.Job: Task Id : attempt_1405738110938_0004_m_000199_0, Status : FAILED
Error: Java heap space
14/07/19 05:29:45 INFO mapreduce.Job: Task Id : attempt_1405738110938_0004_m_000104_0, Status : FAILED
Error: Java heap space
14/07/19 05:29:45 INFO mapreduce.Job: Task Id : attempt_1405738110938_0004_m_000108_0, Status : FAILED
Error: Java heap space
14/07/19 05:29:46 INFO mapreduce.Job: Task Id : attempt_1405738110938_0004_m_000007_0, Status : FAILED
Error: Java heap space
14/07/19 05:29:48 INFO mapreduce.Job: Task Id : attempt_1405738110938_0004_m_000111_0, Status : FAILED
Error: Java heap space
14/07/19 05:29:49 INFO mapreduce.Job: Task Id : attempt_1405738110938_0004_m_000102_0, Status : FAILED
Error: Java heap space
14/07/19 05:29:49 INFO mapreduce.Job: Task Id : attempt_1405738110938_0004_m_000062_1, Status : FAILED
Error: Java heap space
14/07/19 05:29:49 INFO mapreduce.Job: Task Id : attempt_1405738110938_0004_m_000126_0, Status : FAILED
Error: Java heap space
14/07/19 05:29:49 INFO mapreduce.Job: Task Id : attempt_1405738110938_0004_m_000173_0, Status : FAILED
Error: Java heap space
14/07/19 05:29:50 INFO mapreduce.Job: Task Id : attempt_1405738110938_0004_m_000179_0, Status : FAILED
Error: Java heap space
14/07/19 05:29:51 INFO mapreduce.Job: Task Id : attempt_1405738110938_0004_m_000116_0, Status : FAILED
Error: Java heap space
14/07/19 05:29:52 INFO mapreduce.Job: Task Id : attempt_1405738110938_0004_m_000035_0, Status : FAILED
Error: Java heap space
14/07/19 05:29:52 INFO mapreduce.Job: Task Id : attempt_1405738110938_0004_m_000075_1, Status : FAILED
Error: Java heap space
14/07/19 05:29:52 INFO mapreduce.Job: Task Id : attempt_1405738110938_0004_m_000121_1, Status : FAILED
Error: Java heap space
14/07/19 05:29:53 INFO mapreduce.Job: Task Id : attempt_1405738110938_0004_m_000146_0, Status : FAILED
Error: Java heap space
14/07/19 05:29:53 INFO mapreduce.Job: Task Id : attempt_1405738110938_0004_m_000118_0, Status : FAILED
Error: Java heap space
14/07/19 05:29:54 INFO mapreduce.Job: Task Id : attempt_1405738110938_0004_m_000082_0, Status : FAILED
Error: Java heap space
14/07/19 05:29:55 INFO mapreduce.Job: Task Id : attempt_1405738110938_0004_m_000195_1, Status : FAILED
Error: Java heap space
14/07/19 05:29:56 INFO mapreduce.Job:  map 16% reduce 0%
14/07/19 05:29:57 INFO mapreduce.Job:  map 100% reduce 100%
14/07/19 05:30:06 INFO mapreduce.Job: Job job_1405738110938_0004 failed with state FAILED due to: Task failed task_1405738110938_0004_m_000099
Job failed as tasks failed. failedMaps:1 failedReduces:0

14/07/19 05:30:06 INFO mapreduce.Job: Counters: 14
	Job Counters 
		Failed map tasks=73
		Killed map tasks=173
		Launched map tasks=246
		Other local map tasks=66
		Data-local map tasks=178
		Rack-local map tasks=2
		Total time spent by all maps in occupied slots (ms)=284786180
		Total time spent by all reduces in occupied slots (ms)=0
		Total time spent by all map tasks (ms)=28478618
		Total vcore-seconds taken by all map tasks=28478618
		Total megabyte-seconds taken by all map tasks=284786180000
	Map-Reduce Framework
		CPU time spent (ms)=0
		Physical memory (bytes) snapshot=0
		Virtual memory (bytes) snapshot=0
Exception in thread "main" java.lang.InterruptedException: Failed to complete iteration 1 stage 1
	at org.apache.mahout.clustering.lda.cvb.CVB0Driver.runIteration(CVB0Driver.java:502)
	at org.apache.mahout.clustering.lda.cvb.CVB0Driver.run(CVB0Driver.java:319)
	at org.apache.mahout.clustering.lda.cvb.CVB0Driver.run(CVB0Driver.java:198)
	at org.apache.hadoop.util.ToolRunner.run(ToolRunner.java:70)
	at org.apache.mahout.clustering.lda.cvb.CVB0Driver.main(CVB0Driver.java:534)
	at sun.reflect.NativeMethodAccessorImpl.invoke0(Native Method)
	at sun.reflect.NativeMethodAccessorImpl.invoke(NativeMethodAccessorImpl.java:62)
	at sun.reflect.DelegatingMethodAccessorImpl.invoke(DelegatingMethodAccessorImpl.java:43)
	at java.lang.reflect.Method.invoke(Method.java:483)
	at org.apache.hadoop.util.ProgramDriver$ProgramDescription.invoke(ProgramDriver.java:72)
	at org.apache.hadoop.util.ProgramDriver.run(ProgramDriver.java:145)
	at org.apache.hadoop.util.ProgramDriver.driver(ProgramDriver.java:153)
	at org.apache.mahout.driver.MahoutDriver.main(MahoutDriver.java:195)
	at sun.reflect.NativeMethodAccessorImpl.invoke0(Native Method)
	at sun.reflect.NativeMethodAccessorImpl.invoke(NativeMethodAccessorImpl.java:62)
	at sun.reflect.DelegatingMethodAccessorImpl.invoke(DelegatingMethodAccessorImpl.java:43)
	at java.lang.reflect.Method.invoke(Method.java:483)
	at org.apache.hadoop.util.RunJar.main(RunJar.java:212)
