Spark assembly has been built with Hive, including Datanucleus jars on classpath
Java HotSpot(TM) 64-Bit Server VM warning: ignoring option MaxPermSize=128m; support was removed in 8.0
=====================================
Remove Infrequent Words Configuration
-------------------------------------
maxWordCount=2147483647, minWordCount=10000, output=hdfs://dco-node121.dco.ethz.ch:54310/cw-combined-pruned-10000, inputCombined=hdfs://dco-node121.dco.ethz.ch:54310/cw-combined, inputWordcount=hdfs://dco-node121.dco.ethz.ch:54310/cw-wordcount/wordcounts.txt
=====================================
2014-07-23 06:02:10,523 [main] WARN  org.apache.spark.SparkConf - 
SPARK_JAVA_OPTS was detected (set to '-Xms4g -Xmx70g  -Dspark.akka.frameSize=2000').
This is deprecated in Spark 1.0+.

Please instead use:
 - ./spark-submit with conf/spark-defaults.conf to set defaults for an application
 - ./spark-submit with --driver-java-options to set -X options for a driver
 - spark.executor.extraJavaOptions to set -X options for executors
 - SPARK_DAEMON_JAVA_OPTS to set java options for standalone daemons (master or worker)
        
2014-07-23 06:02:10,524 [main] WARN  org.apache.spark.SparkConf - Setting 'spark.executor.extraJavaOptions' to '-Xms4g -Xmx70g  -Dspark.akka.frameSize=2000' as a work-around.
2014-07-23 06:02:10,525 [main] WARN  org.apache.spark.SparkConf - Setting 'spark.driver.extraJavaOptions' to '-Xms4g -Xmx70g  -Dspark.akka.frameSize=2000' as a work-around.
2014-07-23 06:02:10,581 [main] INFO  org.apache.spark.SecurityManager - Changing view acls to: root
2014-07-23 06:02:10,582 [main] INFO  org.apache.spark.SecurityManager - SecurityManager: authentication disabled; ui acls disabled; users with view permissions: Set(root)
2014-07-23 06:02:11,026 [spark-akka.actor.default-dispatcher-2] INFO  akka.event.slf4j.Slf4jLogger - Slf4jLogger started
2014-07-23 06:02:11,084 [spark-akka.actor.default-dispatcher-4] INFO  Remoting - Starting remoting
2014-07-23 06:02:11,259 [spark-akka.actor.default-dispatcher-6] INFO  Remoting - Remoting started; listening on addresses :[akka.tcp://spark@dco-node121-mgt.dco.ethz.ch:41722]
2014-07-23 06:02:11,262 [spark-akka.actor.default-dispatcher-6] INFO  Remoting - Remoting now listens on addresses: [akka.tcp://spark@dco-node121-mgt.dco.ethz.ch:41722]
2014-07-23 06:02:11,292 [main] INFO  org.apache.spark.SparkEnv - Registering MapOutputTracker
2014-07-23 06:02:11,295 [main] INFO  org.apache.spark.SparkEnv - Registering BlockManagerMaster
2014-07-23 06:02:11,311 [main] INFO  org.apache.spark.storage.DiskBlockManager - Created local directory at /tmp/spark-local-20140723060211-c480
2014-07-23 06:02:11,316 [main] INFO  org.apache.spark.storage.MemoryStore - MemoryStore started with capacity 40.3 GB.
2014-07-23 06:02:11,345 [main] INFO  org.apache.spark.network.ConnectionManager - Bound socket to port 44749 with id = ConnectionManagerId(dco-node121-mgt.dco.ethz.ch,44749)
2014-07-23 06:02:11,350 [main] INFO  org.apache.spark.storage.BlockManagerMaster - Trying to register BlockManager
2014-07-23 06:02:11,355 [spark-akka.actor.default-dispatcher-4] INFO  org.apache.spark.storage.BlockManagerInfo - Registering block manager dco-node121-mgt.dco.ethz.ch:44749 with 40.3 GB RAM
2014-07-23 06:02:11,357 [main] INFO  org.apache.spark.storage.BlockManagerMaster - Registered BlockManager
2014-07-23 06:02:11,376 [main] INFO  org.apache.spark.HttpServer - Starting HTTP Server
2014-07-23 06:02:11,434 [main] INFO  org.eclipse.jetty.server.Server - jetty-8.y.z-SNAPSHOT
2014-07-23 06:02:11,453 [main] INFO  org.eclipse.jetty.server.AbstractConnector - Started SocketConnector@0.0.0.0:37004
2014-07-23 06:02:11,454 [main] INFO  org.apache.spark.broadcast.HttpBroadcast - Broadcast server started at http://172.31.109.131:37004
2014-07-23 06:02:11,460 [main] INFO  org.apache.spark.HttpFileServer - HTTP File server directory is /tmp/spark-41d2a5c9-0f60-42c8-8804-4110db254ff5
2014-07-23 06:02:11,460 [main] INFO  org.apache.spark.HttpServer - Starting HTTP Server
2014-07-23 06:02:11,461 [main] INFO  org.eclipse.jetty.server.Server - jetty-8.y.z-SNAPSHOT
2014-07-23 06:02:11,464 [main] INFO  org.eclipse.jetty.server.AbstractConnector - Started SocketConnector@0.0.0.0:47189
2014-07-23 06:02:11,838 [main] INFO  org.eclipse.jetty.server.Server - jetty-8.y.z-SNAPSHOT
2014-07-23 06:02:11,850 [main] WARN  org.eclipse.jetty.util.component.AbstractLifeCycle - FAILED SelectChannelConnector@0.0.0.0:4040: java.net.BindException: Address already in use
java.net.BindException: Address already in use
	at sun.nio.ch.Net.bind0(Native Method)
	at sun.nio.ch.Net.bind(Net.java:414)
	at sun.nio.ch.Net.bind(Net.java:406)
	at sun.nio.ch.ServerSocketChannelImpl.bind(ServerSocketChannelImpl.java:214)
	at sun.nio.ch.ServerSocketAdaptor.bind(ServerSocketAdaptor.java:74)
	at org.eclipse.jetty.server.nio.SelectChannelConnector.open(SelectChannelConnector.java:187)
	at org.eclipse.jetty.server.AbstractConnector.doStart(AbstractConnector.java:316)
	at org.eclipse.jetty.server.nio.SelectChannelConnector.doStart(SelectChannelConnector.java:265)
	at org.eclipse.jetty.util.component.AbstractLifeCycle.start(AbstractLifeCycle.java:64)
	at org.eclipse.jetty.server.Server.doStart(Server.java:293)
	at org.eclipse.jetty.util.component.AbstractLifeCycle.start(AbstractLifeCycle.java:64)
	at org.apache.spark.ui.JettyUtils$$anonfun$1.apply$mcV$sp(JettyUtils.scala:192)
	at org.apache.spark.ui.JettyUtils$$anonfun$1.apply(JettyUtils.scala:192)
	at org.apache.spark.ui.JettyUtils$$anonfun$1.apply(JettyUtils.scala:192)
	at scala.util.Try$.apply(Try.scala:161)
	at org.apache.spark.ui.JettyUtils$.connect$1(JettyUtils.scala:191)
	at org.apache.spark.ui.JettyUtils$.startJettyServer(JettyUtils.scala:205)
	at org.apache.spark.ui.WebUI.bind(WebUI.scala:99)
	at org.apache.spark.SparkContext.<init>(SparkContext.scala:223)
	at RemoveInfrequentWordsApp$.createSparkContext(RemoveInfrequentWordsApp.scala:98)
	at RemoveInfrequentWordsApp$.main(RemoveInfrequentWordsApp.scala:15)
	at RemoveInfrequentWordsApp.main(RemoveInfrequentWordsApp.scala)
	at sun.reflect.NativeMethodAccessorImpl.invoke0(Native Method)
	at sun.reflect.NativeMethodAccessorImpl.invoke(NativeMethodAccessorImpl.java:62)
	at sun.reflect.DelegatingMethodAccessorImpl.invoke(DelegatingMethodAccessorImpl.java:43)
	at java.lang.reflect.Method.invoke(Method.java:483)
	at org.apache.spark.deploy.SparkSubmit$.launch(SparkSubmit.scala:292)
	at org.apache.spark.deploy.SparkSubmit$.main(SparkSubmit.scala:55)
	at org.apache.spark.deploy.SparkSubmit.main(SparkSubmit.scala)
2014-07-23 06:02:11,855 [main] WARN  org.eclipse.jetty.util.component.AbstractLifeCycle - FAILED org.eclipse.jetty.server.Server@10ded6a9: java.net.BindException: Address already in use
java.net.BindException: Address already in use
	at sun.nio.ch.Net.bind0(Native Method)
	at sun.nio.ch.Net.bind(Net.java:414)
	at sun.nio.ch.Net.bind(Net.java:406)
	at sun.nio.ch.ServerSocketChannelImpl.bind(ServerSocketChannelImpl.java:214)
	at sun.nio.ch.ServerSocketAdaptor.bind(ServerSocketAdaptor.java:74)
	at org.eclipse.jetty.server.nio.SelectChannelConnector.open(SelectChannelConnector.java:187)
	at org.eclipse.jetty.server.AbstractConnector.doStart(AbstractConnector.java:316)
	at org.eclipse.jetty.server.nio.SelectChannelConnector.doStart(SelectChannelConnector.java:265)
	at org.eclipse.jetty.util.component.AbstractLifeCycle.start(AbstractLifeCycle.java:64)
	at org.eclipse.jetty.server.Server.doStart(Server.java:293)
	at org.eclipse.jetty.util.component.AbstractLifeCycle.start(AbstractLifeCycle.java:64)
	at org.apache.spark.ui.JettyUtils$$anonfun$1.apply$mcV$sp(JettyUtils.scala:192)
	at org.apache.spark.ui.JettyUtils$$anonfun$1.apply(JettyUtils.scala:192)
	at org.apache.spark.ui.JettyUtils$$anonfun$1.apply(JettyUtils.scala:192)
	at scala.util.Try$.apply(Try.scala:161)
	at org.apache.spark.ui.JettyUtils$.connect$1(JettyUtils.scala:191)
	at org.apache.spark.ui.JettyUtils$.startJettyServer(JettyUtils.scala:205)
	at org.apache.spark.ui.WebUI.bind(WebUI.scala:99)
	at org.apache.spark.SparkContext.<init>(SparkContext.scala:223)
	at RemoveInfrequentWordsApp$.createSparkContext(RemoveInfrequentWordsApp.scala:98)
	at RemoveInfrequentWordsApp$.main(RemoveInfrequentWordsApp.scala:15)
	at RemoveInfrequentWordsApp.main(RemoveInfrequentWordsApp.scala)
	at sun.reflect.NativeMethodAccessorImpl.invoke0(Native Method)
	at sun.reflect.NativeMethodAccessorImpl.invoke(NativeMethodAccessorImpl.java:62)
	at sun.reflect.DelegatingMethodAccessorImpl.invoke(DelegatingMethodAccessorImpl.java:43)
	at java.lang.reflect.Method.invoke(Method.java:483)
	at org.apache.spark.deploy.SparkSubmit$.launch(SparkSubmit.scala:292)
	at org.apache.spark.deploy.SparkSubmit$.main(SparkSubmit.scala:55)
	at org.apache.spark.deploy.SparkSubmit.main(SparkSubmit.scala)
2014-07-23 06:02:11,860 [main] INFO  org.eclipse.jetty.server.handler.ContextHandler - stopped o.e.j.s.ServletContextHandler{/metrics/json,null}
2014-07-23 06:02:11,860 [main] INFO  org.eclipse.jetty.server.handler.ContextHandler - stopped o.e.j.s.ServletContextHandler{/stages/stage/kill,null}
2014-07-23 06:02:11,860 [main] INFO  org.eclipse.jetty.server.handler.ContextHandler - stopped o.e.j.s.ServletContextHandler{/,null}
2014-07-23 06:02:11,861 [main] INFO  org.eclipse.jetty.server.handler.ContextHandler - stopped o.e.j.s.ServletContextHandler{/static,null}
2014-07-23 06:02:11,861 [main] INFO  org.eclipse.jetty.server.handler.ContextHandler - stopped o.e.j.s.ServletContextHandler{/executors/json,null}
2014-07-23 06:02:11,861 [main] INFO  org.eclipse.jetty.server.handler.ContextHandler - stopped o.e.j.s.ServletContextHandler{/executors,null}
2014-07-23 06:02:11,862 [main] INFO  org.eclipse.jetty.server.handler.ContextHandler - stopped o.e.j.s.ServletContextHandler{/environment/json,null}
2014-07-23 06:02:11,862 [main] INFO  org.eclipse.jetty.server.handler.ContextHandler - stopped o.e.j.s.ServletContextHandler{/environment,null}
2014-07-23 06:02:11,862 [main] INFO  org.eclipse.jetty.server.handler.ContextHandler - stopped o.e.j.s.ServletContextHandler{/storage/rdd/json,null}
2014-07-23 06:02:11,863 [main] INFO  org.eclipse.jetty.server.handler.ContextHandler - stopped o.e.j.s.ServletContextHandler{/storage/rdd,null}
2014-07-23 06:02:11,863 [main] INFO  org.eclipse.jetty.server.handler.ContextHandler - stopped o.e.j.s.ServletContextHandler{/storage/json,null}
2014-07-23 06:02:11,863 [main] INFO  org.eclipse.jetty.server.handler.ContextHandler - stopped o.e.j.s.ServletContextHandler{/storage,null}
2014-07-23 06:02:11,863 [main] INFO  org.eclipse.jetty.server.handler.ContextHandler - stopped o.e.j.s.ServletContextHandler{/stages/pool/json,null}
2014-07-23 06:02:11,864 [main] INFO  org.eclipse.jetty.server.handler.ContextHandler - stopped o.e.j.s.ServletContextHandler{/stages/pool,null}
2014-07-23 06:02:11,864 [main] INFO  org.eclipse.jetty.server.handler.ContextHandler - stopped o.e.j.s.ServletContextHandler{/stages/stage/json,null}
2014-07-23 06:02:11,864 [main] INFO  org.eclipse.jetty.server.handler.ContextHandler - stopped o.e.j.s.ServletContextHandler{/stages/stage,null}
2014-07-23 06:02:11,865 [main] INFO  org.eclipse.jetty.server.handler.ContextHandler - stopped o.e.j.s.ServletContextHandler{/stages/json,null}
2014-07-23 06:02:11,865 [main] INFO  org.eclipse.jetty.server.handler.ContextHandler - stopped o.e.j.s.ServletContextHandler{/stages,null}
2014-07-23 06:02:11,919 [main] INFO  org.apache.spark.ui.JettyUtils - Failed to create UI at port, 4040. Trying again.
2014-07-23 06:02:11,920 [main] INFO  org.apache.spark.ui.JettyUtils - Error was: Failure(java.net.BindException: Address already in use)
2014-07-23 06:02:11,922 [main] INFO  org.eclipse.jetty.server.Server - jetty-8.y.z-SNAPSHOT
2014-07-23 06:02:11,934 [main] WARN  org.eclipse.jetty.util.component.AbstractLifeCycle - FAILED SelectChannelConnector@0.0.0.0:4041: java.net.BindException: Address already in use
java.net.BindException: Address already in use
	at sun.nio.ch.Net.bind0(Native Method)
	at sun.nio.ch.Net.bind(Net.java:414)
	at sun.nio.ch.Net.bind(Net.java:406)
	at sun.nio.ch.ServerSocketChannelImpl.bind(ServerSocketChannelImpl.java:214)
	at sun.nio.ch.ServerSocketAdaptor.bind(ServerSocketAdaptor.java:74)
	at org.eclipse.jetty.server.nio.SelectChannelConnector.open(SelectChannelConnector.java:187)
	at org.eclipse.jetty.server.AbstractConnector.doStart(AbstractConnector.java:316)
	at org.eclipse.jetty.server.nio.SelectChannelConnector.doStart(SelectChannelConnector.java:265)
	at org.eclipse.jetty.util.component.AbstractLifeCycle.start(AbstractLifeCycle.java:64)
	at org.eclipse.jetty.server.Server.doStart(Server.java:293)
	at org.eclipse.jetty.util.component.AbstractLifeCycle.start(AbstractLifeCycle.java:64)
	at org.apache.spark.ui.JettyUtils$$anonfun$1.apply$mcV$sp(JettyUtils.scala:192)
	at org.apache.spark.ui.JettyUtils$$anonfun$1.apply(JettyUtils.scala:192)
	at org.apache.spark.ui.JettyUtils$$anonfun$1.apply(JettyUtils.scala:192)
	at scala.util.Try$.apply(Try.scala:161)
	at org.apache.spark.ui.JettyUtils$.connect$1(JettyUtils.scala:191)
	at org.apache.spark.ui.JettyUtils$.startJettyServer(JettyUtils.scala:205)
	at org.apache.spark.ui.WebUI.bind(WebUI.scala:99)
	at org.apache.spark.SparkContext.<init>(SparkContext.scala:223)
	at RemoveInfrequentWordsApp$.createSparkContext(RemoveInfrequentWordsApp.scala:98)
	at RemoveInfrequentWordsApp$.main(RemoveInfrequentWordsApp.scala:15)
	at RemoveInfrequentWordsApp.main(RemoveInfrequentWordsApp.scala)
	at sun.reflect.NativeMethodAccessorImpl.invoke0(Native Method)
	at sun.reflect.NativeMethodAccessorImpl.invoke(NativeMethodAccessorImpl.java:62)
	at sun.reflect.DelegatingMethodAccessorImpl.invoke(DelegatingMethodAccessorImpl.java:43)
	at java.lang.reflect.Method.invoke(Method.java:483)
	at org.apache.spark.deploy.SparkSubmit$.launch(SparkSubmit.scala:292)
	at org.apache.spark.deploy.SparkSubmit$.main(SparkSubmit.scala:55)
	at org.apache.spark.deploy.SparkSubmit.main(SparkSubmit.scala)
2014-07-23 06:02:11,936 [main] WARN  org.eclipse.jetty.util.component.AbstractLifeCycle - FAILED org.eclipse.jetty.server.Server@2ceb80a1: java.net.BindException: Address already in use
java.net.BindException: Address already in use
	at sun.nio.ch.Net.bind0(Native Method)
	at sun.nio.ch.Net.bind(Net.java:414)
	at sun.nio.ch.Net.bind(Net.java:406)
	at sun.nio.ch.ServerSocketChannelImpl.bind(ServerSocketChannelImpl.java:214)
	at sun.nio.ch.ServerSocketAdaptor.bind(ServerSocketAdaptor.java:74)
	at org.eclipse.jetty.server.nio.SelectChannelConnector.open(SelectChannelConnector.java:187)
	at org.eclipse.jetty.server.AbstractConnector.doStart(AbstractConnector.java:316)
	at org.eclipse.jetty.server.nio.SelectChannelConnector.doStart(SelectChannelConnector.java:265)
	at org.eclipse.jetty.util.component.AbstractLifeCycle.start(AbstractLifeCycle.java:64)
	at org.eclipse.jetty.server.Server.doStart(Server.java:293)
	at org.eclipse.jetty.util.component.AbstractLifeCycle.start(AbstractLifeCycle.java:64)
	at org.apache.spark.ui.JettyUtils$$anonfun$1.apply$mcV$sp(JettyUtils.scala:192)
	at org.apache.spark.ui.JettyUtils$$anonfun$1.apply(JettyUtils.scala:192)
	at org.apache.spark.ui.JettyUtils$$anonfun$1.apply(JettyUtils.scala:192)
	at scala.util.Try$.apply(Try.scala:161)
	at org.apache.spark.ui.JettyUtils$.connect$1(JettyUtils.scala:191)
	at org.apache.spark.ui.JettyUtils$.startJettyServer(JettyUtils.scala:205)
	at org.apache.spark.ui.WebUI.bind(WebUI.scala:99)
	at org.apache.spark.SparkContext.<init>(SparkContext.scala:223)
	at RemoveInfrequentWordsApp$.createSparkContext(RemoveInfrequentWordsApp.scala:98)
	at RemoveInfrequentWordsApp$.main(RemoveInfrequentWordsApp.scala:15)
	at RemoveInfrequentWordsApp.main(RemoveInfrequentWordsApp.scala)
	at sun.reflect.NativeMethodAccessorImpl.invoke0(Native Method)
	at sun.reflect.NativeMethodAccessorImpl.invoke(NativeMethodAccessorImpl.java:62)
	at sun.reflect.DelegatingMethodAccessorImpl.invoke(DelegatingMethodAccessorImpl.java:43)
	at java.lang.reflect.Method.invoke(Method.java:483)
	at org.apache.spark.deploy.SparkSubmit$.launch(SparkSubmit.scala:292)
	at org.apache.spark.deploy.SparkSubmit$.main(SparkSubmit.scala:55)
	at org.apache.spark.deploy.SparkSubmit.main(SparkSubmit.scala)
2014-07-23 06:02:11,938 [main] INFO  org.eclipse.jetty.server.handler.ContextHandler - stopped o.e.j.s.ServletContextHandler{/metrics/json,null}
2014-07-23 06:02:11,938 [main] INFO  org.eclipse.jetty.server.handler.ContextHandler - stopped o.e.j.s.ServletContextHandler{/stages/stage/kill,null}
2014-07-23 06:02:11,938 [main] INFO  org.eclipse.jetty.server.handler.ContextHandler - stopped o.e.j.s.ServletContextHandler{/,null}
2014-07-23 06:02:11,938 [main] INFO  org.eclipse.jetty.server.handler.ContextHandler - stopped o.e.j.s.ServletContextHandler{/static,null}
2014-07-23 06:02:11,938 [main] INFO  org.eclipse.jetty.server.handler.ContextHandler - stopped o.e.j.s.ServletContextHandler{/executors/json,null}
2014-07-23 06:02:11,939 [main] INFO  org.eclipse.jetty.server.handler.ContextHandler - stopped o.e.j.s.ServletContextHandler{/executors,null}
2014-07-23 06:02:11,939 [main] INFO  org.eclipse.jetty.server.handler.ContextHandler - stopped o.e.j.s.ServletContextHandler{/environment/json,null}
2014-07-23 06:02:11,939 [main] INFO  org.eclipse.jetty.server.handler.ContextHandler - stopped o.e.j.s.ServletContextHandler{/environment,null}
2014-07-23 06:02:11,939 [main] INFO  org.eclipse.jetty.server.handler.ContextHandler - stopped o.e.j.s.ServletContextHandler{/storage/rdd/json,null}
2014-07-23 06:02:11,939 [main] INFO  org.eclipse.jetty.server.handler.ContextHandler - stopped o.e.j.s.ServletContextHandler{/storage/rdd,null}
2014-07-23 06:02:11,939 [main] INFO  org.eclipse.jetty.server.handler.ContextHandler - stopped o.e.j.s.ServletContextHandler{/storage/json,null}
2014-07-23 06:02:11,940 [main] INFO  org.eclipse.jetty.server.handler.ContextHandler - stopped o.e.j.s.ServletContextHandler{/storage,null}
2014-07-23 06:02:11,940 [main] INFO  org.eclipse.jetty.server.handler.ContextHandler - stopped o.e.j.s.ServletContextHandler{/stages/pool/json,null}
2014-07-23 06:02:11,940 [main] INFO  org.eclipse.jetty.server.handler.ContextHandler - stopped o.e.j.s.ServletContextHandler{/stages/pool,null}
2014-07-23 06:02:11,940 [main] INFO  org.eclipse.jetty.server.handler.ContextHandler - stopped o.e.j.s.ServletContextHandler{/stages/stage/json,null}
2014-07-23 06:02:11,940 [main] INFO  org.eclipse.jetty.server.handler.ContextHandler - stopped o.e.j.s.ServletContextHandler{/stages/stage,null}
2014-07-23 06:02:11,941 [main] INFO  org.eclipse.jetty.server.handler.ContextHandler - stopped o.e.j.s.ServletContextHandler{/stages/json,null}
2014-07-23 06:02:11,941 [main] INFO  org.eclipse.jetty.server.handler.ContextHandler - stopped o.e.j.s.ServletContextHandler{/stages,null}
2014-07-23 06:02:11,995 [main] INFO  org.apache.spark.ui.JettyUtils - Failed to create UI at port, 4041. Trying again.
2014-07-23 06:02:11,995 [main] INFO  org.apache.spark.ui.JettyUtils - Error was: Failure(java.net.BindException: Address already in use)
2014-07-23 06:02:11,997 [main] INFO  org.eclipse.jetty.server.Server - jetty-8.y.z-SNAPSHOT
2014-07-23 06:02:12,006 [main] WARN  org.eclipse.jetty.util.component.AbstractLifeCycle - FAILED SelectChannelConnector@0.0.0.0:4042: java.net.BindException: Address already in use
java.net.BindException: Address already in use
	at sun.nio.ch.Net.bind0(Native Method)
	at sun.nio.ch.Net.bind(Net.java:414)
	at sun.nio.ch.Net.bind(Net.java:406)
	at sun.nio.ch.ServerSocketChannelImpl.bind(ServerSocketChannelImpl.java:214)
	at sun.nio.ch.ServerSocketAdaptor.bind(ServerSocketAdaptor.java:74)
	at org.eclipse.jetty.server.nio.SelectChannelConnector.open(SelectChannelConnector.java:187)
	at org.eclipse.jetty.server.AbstractConnector.doStart(AbstractConnector.java:316)
	at org.eclipse.jetty.server.nio.SelectChannelConnector.doStart(SelectChannelConnector.java:265)
	at org.eclipse.jetty.util.component.AbstractLifeCycle.start(AbstractLifeCycle.java:64)
	at org.eclipse.jetty.server.Server.doStart(Server.java:293)
	at org.eclipse.jetty.util.component.AbstractLifeCycle.start(AbstractLifeCycle.java:64)
	at org.apache.spark.ui.JettyUtils$$anonfun$1.apply$mcV$sp(JettyUtils.scala:192)
	at org.apache.spark.ui.JettyUtils$$anonfun$1.apply(JettyUtils.scala:192)
	at org.apache.spark.ui.JettyUtils$$anonfun$1.apply(JettyUtils.scala:192)
	at scala.util.Try$.apply(Try.scala:161)
	at org.apache.spark.ui.JettyUtils$.connect$1(JettyUtils.scala:191)
	at org.apache.spark.ui.JettyUtils$.startJettyServer(JettyUtils.scala:205)
	at org.apache.spark.ui.WebUI.bind(WebUI.scala:99)
	at org.apache.spark.SparkContext.<init>(SparkContext.scala:223)
	at RemoveInfrequentWordsApp$.createSparkContext(RemoveInfrequentWordsApp.scala:98)
	at RemoveInfrequentWordsApp$.main(RemoveInfrequentWordsApp.scala:15)
	at RemoveInfrequentWordsApp.main(RemoveInfrequentWordsApp.scala)
	at sun.reflect.NativeMethodAccessorImpl.invoke0(Native Method)
	at sun.reflect.NativeMethodAccessorImpl.invoke(NativeMethodAccessorImpl.java:62)
	at sun.reflect.DelegatingMethodAccessorImpl.invoke(DelegatingMethodAccessorImpl.java:43)
	at java.lang.reflect.Method.invoke(Method.java:483)
	at org.apache.spark.deploy.SparkSubmit$.launch(SparkSubmit.scala:292)
	at org.apache.spark.deploy.SparkSubmit$.main(SparkSubmit.scala:55)
	at org.apache.spark.deploy.SparkSubmit.main(SparkSubmit.scala)
2014-07-23 06:02:12,007 [main] WARN  org.eclipse.jetty.util.component.AbstractLifeCycle - FAILED org.eclipse.jetty.server.Server@340da44c: java.net.BindException: Address already in use
java.net.BindException: Address already in use
	at sun.nio.ch.Net.bind0(Native Method)
	at sun.nio.ch.Net.bind(Net.java:414)
	at sun.nio.ch.Net.bind(Net.java:406)
	at sun.nio.ch.ServerSocketChannelImpl.bind(ServerSocketChannelImpl.java:214)
	at sun.nio.ch.ServerSocketAdaptor.bind(ServerSocketAdaptor.java:74)
	at org.eclipse.jetty.server.nio.SelectChannelConnector.open(SelectChannelConnector.java:187)
	at org.eclipse.jetty.server.AbstractConnector.doStart(AbstractConnector.java:316)
	at org.eclipse.jetty.server.nio.SelectChannelConnector.doStart(SelectChannelConnector.java:265)
	at org.eclipse.jetty.util.component.AbstractLifeCycle.start(AbstractLifeCycle.java:64)
	at org.eclipse.jetty.server.Server.doStart(Server.java:293)
	at org.eclipse.jetty.util.component.AbstractLifeCycle.start(AbstractLifeCycle.java:64)
	at org.apache.spark.ui.JettyUtils$$anonfun$1.apply$mcV$sp(JettyUtils.scala:192)
	at org.apache.spark.ui.JettyUtils$$anonfun$1.apply(JettyUtils.scala:192)
	at org.apache.spark.ui.JettyUtils$$anonfun$1.apply(JettyUtils.scala:192)
	at scala.util.Try$.apply(Try.scala:161)
	at org.apache.spark.ui.JettyUtils$.connect$1(JettyUtils.scala:191)
	at org.apache.spark.ui.JettyUtils$.startJettyServer(JettyUtils.scala:205)
	at org.apache.spark.ui.WebUI.bind(WebUI.scala:99)
	at org.apache.spark.SparkContext.<init>(SparkContext.scala:223)
	at RemoveInfrequentWordsApp$.createSparkContext(RemoveInfrequentWordsApp.scala:98)
	at RemoveInfrequentWordsApp$.main(RemoveInfrequentWordsApp.scala:15)
	at RemoveInfrequentWordsApp.main(RemoveInfrequentWordsApp.scala)
	at sun.reflect.NativeMethodAccessorImpl.invoke0(Native Method)
	at sun.reflect.NativeMethodAccessorImpl.invoke(NativeMethodAccessorImpl.java:62)
	at sun.reflect.DelegatingMethodAccessorImpl.invoke(DelegatingMethodAccessorImpl.java:43)
	at java.lang.reflect.Method.invoke(Method.java:483)
	at org.apache.spark.deploy.SparkSubmit$.launch(SparkSubmit.scala:292)
	at org.apache.spark.deploy.SparkSubmit$.main(SparkSubmit.scala:55)
	at org.apache.spark.deploy.SparkSubmit.main(SparkSubmit.scala)
2014-07-23 06:02:12,008 [main] INFO  org.eclipse.jetty.server.handler.ContextHandler - stopped o.e.j.s.ServletContextHandler{/metrics/json,null}
2014-07-23 06:02:12,008 [main] INFO  org.eclipse.jetty.server.handler.ContextHandler - stopped o.e.j.s.ServletContextHandler{/stages/stage/kill,null}
2014-07-23 06:02:12,009 [main] INFO  org.eclipse.jetty.server.handler.ContextHandler - stopped o.e.j.s.ServletContextHandler{/,null}
2014-07-23 06:02:12,009 [main] INFO  org.eclipse.jetty.server.handler.ContextHandler - stopped o.e.j.s.ServletContextHandler{/static,null}
2014-07-23 06:02:12,009 [main] INFO  org.eclipse.jetty.server.handler.ContextHandler - stopped o.e.j.s.ServletContextHandler{/executors/json,null}
2014-07-23 06:02:12,009 [main] INFO  org.eclipse.jetty.server.handler.ContextHandler - stopped o.e.j.s.ServletContextHandler{/executors,null}
2014-07-23 06:02:12,009 [main] INFO  org.eclipse.jetty.server.handler.ContextHandler - stopped o.e.j.s.ServletContextHandler{/environment/json,null}
2014-07-23 06:02:12,010 [main] INFO  org.eclipse.jetty.server.handler.ContextHandler - stopped o.e.j.s.ServletContextHandler{/environment,null}
2014-07-23 06:02:12,010 [main] INFO  org.eclipse.jetty.server.handler.ContextHandler - stopped o.e.j.s.ServletContextHandler{/storage/rdd/json,null}
2014-07-23 06:02:12,010 [main] INFO  org.eclipse.jetty.server.handler.ContextHandler - stopped o.e.j.s.ServletContextHandler{/storage/rdd,null}
2014-07-23 06:02:12,010 [main] INFO  org.eclipse.jetty.server.handler.ContextHandler - stopped o.e.j.s.ServletContextHandler{/storage/json,null}
2014-07-23 06:02:12,010 [main] INFO  org.eclipse.jetty.server.handler.ContextHandler - stopped o.e.j.s.ServletContextHandler{/storage,null}
2014-07-23 06:02:12,011 [main] INFO  org.eclipse.jetty.server.handler.ContextHandler - stopped o.e.j.s.ServletContextHandler{/stages/pool/json,null}
2014-07-23 06:02:12,011 [main] INFO  org.eclipse.jetty.server.handler.ContextHandler - stopped o.e.j.s.ServletContextHandler{/stages/pool,null}
2014-07-23 06:02:12,011 [main] INFO  org.eclipse.jetty.server.handler.ContextHandler - stopped o.e.j.s.ServletContextHandler{/stages/stage/json,null}
2014-07-23 06:02:12,011 [main] INFO  org.eclipse.jetty.server.handler.ContextHandler - stopped o.e.j.s.ServletContextHandler{/stages/stage,null}
2014-07-23 06:02:12,011 [main] INFO  org.eclipse.jetty.server.handler.ContextHandler - stopped o.e.j.s.ServletContextHandler{/stages/json,null}
2014-07-23 06:02:12,012 [main] INFO  org.eclipse.jetty.server.handler.ContextHandler - stopped o.e.j.s.ServletContextHandler{/stages,null}
2014-07-23 06:02:12,066 [main] INFO  org.apache.spark.ui.JettyUtils - Failed to create UI at port, 4042. Trying again.
2014-07-23 06:02:12,067 [main] INFO  org.apache.spark.ui.JettyUtils - Error was: Failure(java.net.BindException: Address already in use)
2014-07-23 06:02:12,068 [main] INFO  org.eclipse.jetty.server.Server - jetty-8.y.z-SNAPSHOT
2014-07-23 06:02:12,073 [main] WARN  org.eclipse.jetty.util.component.AbstractLifeCycle - FAILED SelectChannelConnector@0.0.0.0:4043: java.net.BindException: Address already in use
java.net.BindException: Address already in use
	at sun.nio.ch.Net.bind0(Native Method)
	at sun.nio.ch.Net.bind(Net.java:414)
	at sun.nio.ch.Net.bind(Net.java:406)
	at sun.nio.ch.ServerSocketChannelImpl.bind(ServerSocketChannelImpl.java:214)
	at sun.nio.ch.ServerSocketAdaptor.bind(ServerSocketAdaptor.java:74)
	at org.eclipse.jetty.server.nio.SelectChannelConnector.open(SelectChannelConnector.java:187)
	at org.eclipse.jetty.server.AbstractConnector.doStart(AbstractConnector.java:316)
	at org.eclipse.jetty.server.nio.SelectChannelConnector.doStart(SelectChannelConnector.java:265)
	at org.eclipse.jetty.util.component.AbstractLifeCycle.start(AbstractLifeCycle.java:64)
	at org.eclipse.jetty.server.Server.doStart(Server.java:293)
	at org.eclipse.jetty.util.component.AbstractLifeCycle.start(AbstractLifeCycle.java:64)
	at org.apache.spark.ui.JettyUtils$$anonfun$1.apply$mcV$sp(JettyUtils.scala:192)
	at org.apache.spark.ui.JettyUtils$$anonfun$1.apply(JettyUtils.scala:192)
	at org.apache.spark.ui.JettyUtils$$anonfun$1.apply(JettyUtils.scala:192)
	at scala.util.Try$.apply(Try.scala:161)
	at org.apache.spark.ui.JettyUtils$.connect$1(JettyUtils.scala:191)
	at org.apache.spark.ui.JettyUtils$.startJettyServer(JettyUtils.scala:205)
	at org.apache.spark.ui.WebUI.bind(WebUI.scala:99)
	at org.apache.spark.SparkContext.<init>(SparkContext.scala:223)
	at RemoveInfrequentWordsApp$.createSparkContext(RemoveInfrequentWordsApp.scala:98)
	at RemoveInfrequentWordsApp$.main(RemoveInfrequentWordsApp.scala:15)
	at RemoveInfrequentWordsApp.main(RemoveInfrequentWordsApp.scala)
	at sun.reflect.NativeMethodAccessorImpl.invoke0(Native Method)
	at sun.reflect.NativeMethodAccessorImpl.invoke(NativeMethodAccessorImpl.java:62)
	at sun.reflect.DelegatingMethodAccessorImpl.invoke(DelegatingMethodAccessorImpl.java:43)
	at java.lang.reflect.Method.invoke(Method.java:483)
	at org.apache.spark.deploy.SparkSubmit$.launch(SparkSubmit.scala:292)
	at org.apache.spark.deploy.SparkSubmit$.main(SparkSubmit.scala:55)
	at org.apache.spark.deploy.SparkSubmit.main(SparkSubmit.scala)
2014-07-23 06:02:12,074 [main] WARN  org.eclipse.jetty.util.component.AbstractLifeCycle - FAILED org.eclipse.jetty.server.Server@119020fb: java.net.BindException: Address already in use
java.net.BindException: Address already in use
	at sun.nio.ch.Net.bind0(Native Method)
	at sun.nio.ch.Net.bind(Net.java:414)
	at sun.nio.ch.Net.bind(Net.java:406)
	at sun.nio.ch.ServerSocketChannelImpl.bind(ServerSocketChannelImpl.java:214)
	at sun.nio.ch.ServerSocketAdaptor.bind(ServerSocketAdaptor.java:74)
	at org.eclipse.jetty.server.nio.SelectChannelConnector.open(SelectChannelConnector.java:187)
	at org.eclipse.jetty.server.AbstractConnector.doStart(AbstractConnector.java:316)
	at org.eclipse.jetty.server.nio.SelectChannelConnector.doStart(SelectChannelConnector.java:265)
	at org.eclipse.jetty.util.component.AbstractLifeCycle.start(AbstractLifeCycle.java:64)
	at org.eclipse.jetty.server.Server.doStart(Server.java:293)
	at org.eclipse.jetty.util.component.AbstractLifeCycle.start(AbstractLifeCycle.java:64)
	at org.apache.spark.ui.JettyUtils$$anonfun$1.apply$mcV$sp(JettyUtils.scala:192)
	at org.apache.spark.ui.JettyUtils$$anonfun$1.apply(JettyUtils.scala:192)
	at org.apache.spark.ui.JettyUtils$$anonfun$1.apply(JettyUtils.scala:192)
	at scala.util.Try$.apply(Try.scala:161)
	at org.apache.spark.ui.JettyUtils$.connect$1(JettyUtils.scala:191)
	at org.apache.spark.ui.JettyUtils$.startJettyServer(JettyUtils.scala:205)
	at org.apache.spark.ui.WebUI.bind(WebUI.scala:99)
	at org.apache.spark.SparkContext.<init>(SparkContext.scala:223)
	at RemoveInfrequentWordsApp$.createSparkContext(RemoveInfrequentWordsApp.scala:98)
	at RemoveInfrequentWordsApp$.main(RemoveInfrequentWordsApp.scala:15)
	at RemoveInfrequentWordsApp.main(RemoveInfrequentWordsApp.scala)
	at sun.reflect.NativeMethodAccessorImpl.invoke0(Native Method)
	at sun.reflect.NativeMethodAccessorImpl.invoke(NativeMethodAccessorImpl.java:62)
	at sun.reflect.DelegatingMethodAccessorImpl.invoke(DelegatingMethodAccessorImpl.java:43)
	at java.lang.reflect.Method.invoke(Method.java:483)
	at org.apache.spark.deploy.SparkSubmit$.launch(SparkSubmit.scala:292)
	at org.apache.spark.deploy.SparkSubmit$.main(SparkSubmit.scala:55)
	at org.apache.spark.deploy.SparkSubmit.main(SparkSubmit.scala)
2014-07-23 06:02:12,074 [main] INFO  org.eclipse.jetty.server.handler.ContextHandler - stopped o.e.j.s.ServletContextHandler{/metrics/json,null}
2014-07-23 06:02:12,075 [main] INFO  org.eclipse.jetty.server.handler.ContextHandler - stopped o.e.j.s.ServletContextHandler{/stages/stage/kill,null}
2014-07-23 06:02:12,075 [main] INFO  org.eclipse.jetty.server.handler.ContextHandler - stopped o.e.j.s.ServletContextHandler{/,null}
2014-07-23 06:02:12,075 [main] INFO  org.eclipse.jetty.server.handler.ContextHandler - stopped o.e.j.s.ServletContextHandler{/static,null}
2014-07-23 06:02:12,075 [main] INFO  org.eclipse.jetty.server.handler.ContextHandler - stopped o.e.j.s.ServletContextHandler{/executors/json,null}
2014-07-23 06:02:12,075 [main] INFO  org.eclipse.jetty.server.handler.ContextHandler - stopped o.e.j.s.ServletContextHandler{/executors,null}
2014-07-23 06:02:12,076 [main] INFO  org.eclipse.jetty.server.handler.ContextHandler - stopped o.e.j.s.ServletContextHandler{/environment/json,null}
2014-07-23 06:02:12,076 [main] INFO  org.eclipse.jetty.server.handler.ContextHandler - stopped o.e.j.s.ServletContextHandler{/environment,null}
2014-07-23 06:02:12,076 [main] INFO  org.eclipse.jetty.server.handler.ContextHandler - stopped o.e.j.s.ServletContextHandler{/storage/rdd/json,null}
2014-07-23 06:02:12,076 [main] INFO  org.eclipse.jetty.server.handler.ContextHandler - stopped o.e.j.s.ServletContextHandler{/storage/rdd,null}
2014-07-23 06:02:12,076 [main] INFO  org.eclipse.jetty.server.handler.ContextHandler - stopped o.e.j.s.ServletContextHandler{/storage/json,null}
2014-07-23 06:02:12,076 [main] INFO  org.eclipse.jetty.server.handler.ContextHandler - stopped o.e.j.s.ServletContextHandler{/storage,null}
2014-07-23 06:02:12,077 [main] INFO  org.eclipse.jetty.server.handler.ContextHandler - stopped o.e.j.s.ServletContextHandler{/stages/pool/json,null}
2014-07-23 06:02:12,077 [main] INFO  org.eclipse.jetty.server.handler.ContextHandler - stopped o.e.j.s.ServletContextHandler{/stages/pool,null}
2014-07-23 06:02:12,077 [main] INFO  org.eclipse.jetty.server.handler.ContextHandler - stopped o.e.j.s.ServletContextHandler{/stages/stage/json,null}
2014-07-23 06:02:12,077 [main] INFO  org.eclipse.jetty.server.handler.ContextHandler - stopped o.e.j.s.ServletContextHandler{/stages/stage,null}
2014-07-23 06:02:12,078 [main] INFO  org.eclipse.jetty.server.handler.ContextHandler - stopped o.e.j.s.ServletContextHandler{/stages/json,null}
2014-07-23 06:02:12,078 [main] INFO  org.eclipse.jetty.server.handler.ContextHandler - stopped o.e.j.s.ServletContextHandler{/stages,null}
2014-07-23 06:02:12,132 [main] INFO  org.apache.spark.ui.JettyUtils - Failed to create UI at port, 4043. Trying again.
2014-07-23 06:02:12,133 [main] INFO  org.apache.spark.ui.JettyUtils - Error was: Failure(java.net.BindException: Address already in use)
2014-07-23 06:02:12,135 [main] INFO  org.eclipse.jetty.server.Server - jetty-8.y.z-SNAPSHOT
2014-07-23 06:02:12,145 [main] INFO  org.eclipse.jetty.server.AbstractConnector - Started SelectChannelConnector@0.0.0.0:4044
2014-07-23 06:02:12,153 [main] INFO  org.apache.spark.ui.SparkUI - Started SparkUI at http://dco-node121-mgt.dco.ethz.ch:4044
2014-07-23 06:02:12,370 [main] WARN  org.apache.hadoop.util.NativeCodeLoader - Unable to load native-hadoop library for your platform... using builtin-java classes where applicable
2014-07-23 06:02:13,000 [main] INFO  org.apache.spark.scheduler.EventLoggingListener - Logging events to hdfs://dco-node121.dco.ethz.ch:54310/spark_event_log/remove-infrequent-words-1406088132475
2014-07-23 06:02:13,228 [main] INFO  org.apache.spark.SparkContext - Added JAR file:/disk3/user_work/runs/remove_infrequent_words14/run.jar at http://172.31.109.131:47189/jars/run.jar with timestamp 1406088133227
2014-07-23 06:02:13,304 [spark-akka.actor.default-dispatcher-4] INFO  org.apache.spark.deploy.client.AppClient$ClientActor - Connecting to master spark://dco-node121.dco.ethz.ch:7077...
2014-07-23 06:02:13,586 [main] INFO  org.apache.spark.storage.MemoryStore - ensureFreeSpace(231905) called with curMem=0, maxMem=43218213273
2014-07-23 06:02:13,589 [main] INFO  org.apache.spark.storage.MemoryStore - Block broadcast_0 stored as values to memory (estimated size 226.5 KB, free 40.2 GB)
2014-07-23 06:02:13,666 [spark-akka.actor.default-dispatcher-6] INFO  org.apache.spark.scheduler.cluster.SparkDeploySchedulerBackend - Connected to Spark cluster with app ID app-20140723060213-0017
2014-07-23 06:02:13,864 [main] INFO  org.apache.hadoop.mapred.FileInputFormat - Total input paths to process : 1
2014-07-23 06:02:13,910 [main] INFO  org.apache.hadoop.net.NetworkTopology - Adding a new node: /default-rack/172.31.109.133:50010
2014-07-23 06:02:13,910 [main] INFO  org.apache.hadoop.net.NetworkTopology - Adding a new node: /default-rack/172.31.109.135:50010
2014-07-23 06:02:13,910 [main] INFO  org.apache.hadoop.net.NetworkTopology - Adding a new node: /default-rack/172.31.109.146:50010
2014-07-23 06:02:13,911 [main] INFO  org.apache.hadoop.net.NetworkTopology - Adding a new node: /default-rack/172.31.109.139:50010
2014-07-23 06:02:13,911 [main] INFO  org.apache.hadoop.net.NetworkTopology - Adding a new node: /default-rack/172.31.109.142:50010
2014-07-23 06:02:13,917 [main] INFO  org.apache.spark.SparkContext - Starting job: collect at RemoveInfrequentWordsApp.scala:51
2014-07-23 06:02:13,938 [spark-akka.actor.default-dispatcher-4] INFO  org.apache.spark.scheduler.DAGScheduler - Got job 0 (collect at RemoveInfrequentWordsApp.scala:51) with 81 output partitions (allowLocal=false)
2014-07-23 06:02:13,939 [spark-akka.actor.default-dispatcher-4] INFO  org.apache.spark.scheduler.DAGScheduler - Final stage: Stage 0(collect at RemoveInfrequentWordsApp.scala:51)
2014-07-23 06:02:13,939 [spark-akka.actor.default-dispatcher-4] INFO  org.apache.spark.scheduler.DAGScheduler - Parents of final stage: List()
2014-07-23 06:02:13,969 [spark-akka.actor.default-dispatcher-4] INFO  org.apache.spark.scheduler.DAGScheduler - Missing parents: List()
2014-07-23 06:02:13,978 [spark-akka.actor.default-dispatcher-4] INFO  org.apache.spark.scheduler.DAGScheduler - Submitting Stage 0 (FilteredRDD[5] at filter at RemoveInfrequentWordsApp.scala:50), which has no missing parents
2014-07-23 06:02:14,051 [spark-akka.actor.default-dispatcher-4] INFO  org.apache.spark.scheduler.DAGScheduler - Submitting 81 missing tasks from Stage 0 (FilteredRDD[5] at filter at RemoveInfrequentWordsApp.scala:50)
2014-07-23 06:02:14,054 [spark-akka.actor.default-dispatcher-4] INFO  org.apache.spark.scheduler.TaskSchedulerImpl - Adding task set 0.0 with 81 tasks
2014-07-23 06:02:29,066 [Timer-0] WARN  org.apache.spark.scheduler.TaskSchedulerImpl - Initial job has not accepted any resources; check your cluster UI to ensure that workers are registered and have sufficient memory
2014-07-23 06:02:44,064 [Timer-0] WARN  org.apache.spark.scheduler.TaskSchedulerImpl - Initial job has not accepted any resources; check your cluster UI to ensure that workers are registered and have sufficient memory
2014-07-23 06:02:59,064 [Timer-0] WARN  org.apache.spark.scheduler.TaskSchedulerImpl - Initial job has not accepted any resources; check your cluster UI to ensure that workers are registered and have sufficient memory
2014-07-23 06:03:14,064 [Timer-0] WARN  org.apache.spark.scheduler.TaskSchedulerImpl - Initial job has not accepted any resources; check your cluster UI to ensure that workers are registered and have sufficient memory
2014-07-23 06:03:29,065 [Timer-0] WARN  org.apache.spark.scheduler.TaskSchedulerImpl - Initial job has not accepted any resources; check your cluster UI to ensure that workers are registered and have sufficient memory
2014-07-23 06:03:44,064 [Timer-0] WARN  org.apache.spark.scheduler.TaskSchedulerImpl - Initial job has not accepted any resources; check your cluster UI to ensure that workers are registered and have sufficient memory
2014-07-23 06:03:59,064 [Timer-0] WARN  org.apache.spark.scheduler.TaskSchedulerImpl - Initial job has not accepted any resources; check your cluster UI to ensure that workers are registered and have sufficient memory
2014-07-23 06:04:14,064 [Timer-0] WARN  org.apache.spark.scheduler.TaskSchedulerImpl - Initial job has not accepted any resources; check your cluster UI to ensure that workers are registered and have sufficient memory
2014-07-23 06:04:29,065 [Timer-0] WARN  org.apache.spark.scheduler.TaskSchedulerImpl - Initial job has not accepted any resources; check your cluster UI to ensure that workers are registered and have sufficient memory
2014-07-23 06:04:44,064 [Timer-0] WARN  org.apache.spark.scheduler.TaskSchedulerImpl - Initial job has not accepted any resources; check your cluster UI to ensure that workers are registered and have sufficient memory
2014-07-23 06:04:59,064 [Timer-0] WARN  org.apache.spark.scheduler.TaskSchedulerImpl - Initial job has not accepted any resources; check your cluster UI to ensure that workers are registered and have sufficient memory
2014-07-23 06:05:14,064 [Timer-0] WARN  org.apache.spark.scheduler.TaskSchedulerImpl - Initial job has not accepted any resources; check your cluster UI to ensure that workers are registered and have sufficient memory
