Spark assembly has been built with Hive, including Datanucleus jars on classpath
Java HotSpot(TM) 64-Bit Server VM warning: ignoring option MaxPermSize=128m; support was removed in 8.0
=====================================
Remove Infrequent Words Configuration
-------------------------------------
maxWordCount=2147483647, minWordCount=10000, output=hdfs://dco-node121.dco.ethz.ch:54310/cw-combined-pruned-10000, inputCombined=hdfs://dco-node121.dco.ethz.ch:54310/cw-combined-pruned-2500, inputWordcount=hdfs://dco-node121.dco.ethz.ch:54310/cw-wordcount/wordcounts.txt
=====================================
2014-07-23 05:13:43,971 [main] WARN  org.apache.spark.SparkConf - 
SPARK_JAVA_OPTS was detected (set to '-Xms4g -Xmx70g  -Dspark.akka.frameSize=2000').
This is deprecated in Spark 1.0+.

Please instead use:
 - ./spark-submit with conf/spark-defaults.conf to set defaults for an application
 - ./spark-submit with --driver-java-options to set -X options for a driver
 - spark.executor.extraJavaOptions to set -X options for executors
 - SPARK_DAEMON_JAVA_OPTS to set java options for standalone daemons (master or worker)
        
2014-07-23 05:13:43,973 [main] WARN  org.apache.spark.SparkConf - Setting 'spark.executor.extraJavaOptions' to '-Xms4g -Xmx70g  -Dspark.akka.frameSize=2000' as a work-around.
2014-07-23 05:13:43,974 [main] WARN  org.apache.spark.SparkConf - Setting 'spark.driver.extraJavaOptions' to '-Xms4g -Xmx70g  -Dspark.akka.frameSize=2000' as a work-around.
2014-07-23 05:13:44,029 [main] INFO  org.apache.spark.SecurityManager - Changing view acls to: root
2014-07-23 05:13:44,029 [main] INFO  org.apache.spark.SecurityManager - SecurityManager: authentication disabled; ui acls disabled; users with view permissions: Set(root)
2014-07-23 05:13:44,468 [spark-akka.actor.default-dispatcher-3] INFO  akka.event.slf4j.Slf4jLogger - Slf4jLogger started
2014-07-23 05:13:44,524 [spark-akka.actor.default-dispatcher-3] INFO  Remoting - Starting remoting
2014-07-23 05:13:44,705 [spark-akka.actor.default-dispatcher-2] INFO  Remoting - Remoting started; listening on addresses :[akka.tcp://spark@dco-node121-mgt.dco.ethz.ch:39330]
2014-07-23 05:13:44,708 [spark-akka.actor.default-dispatcher-3] INFO  Remoting - Remoting now listens on addresses: [akka.tcp://spark@dco-node121-mgt.dco.ethz.ch:39330]
2014-07-23 05:13:44,742 [main] INFO  org.apache.spark.SparkEnv - Registering MapOutputTracker
2014-07-23 05:13:44,745 [main] INFO  org.apache.spark.SparkEnv - Registering BlockManagerMaster
2014-07-23 05:13:44,762 [main] INFO  org.apache.spark.storage.DiskBlockManager - Created local directory at /tmp/spark-local-20140723051344-7898
2014-07-23 05:13:44,767 [main] INFO  org.apache.spark.storage.MemoryStore - MemoryStore started with capacity 40.3 GB.
2014-07-23 05:13:44,796 [main] INFO  org.apache.spark.network.ConnectionManager - Bound socket to port 49044 with id = ConnectionManagerId(dco-node121-mgt.dco.ethz.ch,49044)
2014-07-23 05:13:44,801 [main] INFO  org.apache.spark.storage.BlockManagerMaster - Trying to register BlockManager
2014-07-23 05:13:44,806 [spark-akka.actor.default-dispatcher-5] INFO  org.apache.spark.storage.BlockManagerInfo - Registering block manager dco-node121-mgt.dco.ethz.ch:49044 with 40.3 GB RAM
2014-07-23 05:13:44,808 [main] INFO  org.apache.spark.storage.BlockManagerMaster - Registered BlockManager
2014-07-23 05:13:44,825 [main] INFO  org.apache.spark.HttpServer - Starting HTTP Server
2014-07-23 05:13:44,885 [main] INFO  org.eclipse.jetty.server.Server - jetty-8.y.z-SNAPSHOT
2014-07-23 05:13:44,905 [main] INFO  org.eclipse.jetty.server.AbstractConnector - Started SocketConnector@0.0.0.0:42969
2014-07-23 05:13:44,905 [main] INFO  org.apache.spark.broadcast.HttpBroadcast - Broadcast server started at http://172.31.109.131:42969
2014-07-23 05:13:44,912 [main] INFO  org.apache.spark.HttpFileServer - HTTP File server directory is /tmp/spark-2305596c-fb5b-4317-9647-71d4a9025da2
2014-07-23 05:13:44,912 [main] INFO  org.apache.spark.HttpServer - Starting HTTP Server
2014-07-23 05:13:44,913 [main] INFO  org.eclipse.jetty.server.Server - jetty-8.y.z-SNAPSHOT
2014-07-23 05:13:44,915 [main] INFO  org.eclipse.jetty.server.AbstractConnector - Started SocketConnector@0.0.0.0:45442
2014-07-23 05:13:45,266 [main] INFO  org.eclipse.jetty.server.Server - jetty-8.y.z-SNAPSHOT
2014-07-23 05:13:45,282 [main] WARN  org.eclipse.jetty.util.component.AbstractLifeCycle - FAILED SelectChannelConnector@0.0.0.0:4040: java.net.BindException: Address already in use
java.net.BindException: Address already in use
	at sun.nio.ch.Net.bind0(Native Method)
	at sun.nio.ch.Net.bind(Net.java:414)
	at sun.nio.ch.Net.bind(Net.java:406)
	at sun.nio.ch.ServerSocketChannelImpl.bind(ServerSocketChannelImpl.java:214)
	at sun.nio.ch.ServerSocketAdaptor.bind(ServerSocketAdaptor.java:74)
	at org.eclipse.jetty.server.nio.SelectChannelConnector.open(SelectChannelConnector.java:187)
	at org.eclipse.jetty.server.AbstractConnector.doStart(AbstractConnector.java:316)
	at org.eclipse.jetty.server.nio.SelectChannelConnector.doStart(SelectChannelConnector.java:265)
	at org.eclipse.jetty.util.component.AbstractLifeCycle.start(AbstractLifeCycle.java:64)
	at org.eclipse.jetty.server.Server.doStart(Server.java:293)
	at org.eclipse.jetty.util.component.AbstractLifeCycle.start(AbstractLifeCycle.java:64)
	at org.apache.spark.ui.JettyUtils$$anonfun$1.apply$mcV$sp(JettyUtils.scala:192)
	at org.apache.spark.ui.JettyUtils$$anonfun$1.apply(JettyUtils.scala:192)
	at org.apache.spark.ui.JettyUtils$$anonfun$1.apply(JettyUtils.scala:192)
	at scala.util.Try$.apply(Try.scala:161)
	at org.apache.spark.ui.JettyUtils$.connect$1(JettyUtils.scala:191)
	at org.apache.spark.ui.JettyUtils$.startJettyServer(JettyUtils.scala:205)
	at org.apache.spark.ui.WebUI.bind(WebUI.scala:99)
	at org.apache.spark.SparkContext.<init>(SparkContext.scala:223)
	at RemoveInfrequentWordsApp$.createSparkContext(RemoveInfrequentWordsApp.scala:99)
	at RemoveInfrequentWordsApp$.main(RemoveInfrequentWordsApp.scala:15)
	at RemoveInfrequentWordsApp.main(RemoveInfrequentWordsApp.scala)
	at sun.reflect.NativeMethodAccessorImpl.invoke0(Native Method)
	at sun.reflect.NativeMethodAccessorImpl.invoke(NativeMethodAccessorImpl.java:62)
	at sun.reflect.DelegatingMethodAccessorImpl.invoke(DelegatingMethodAccessorImpl.java:43)
	at java.lang.reflect.Method.invoke(Method.java:483)
	at org.apache.spark.deploy.SparkSubmit$.launch(SparkSubmit.scala:292)
	at org.apache.spark.deploy.SparkSubmit$.main(SparkSubmit.scala:55)
	at org.apache.spark.deploy.SparkSubmit.main(SparkSubmit.scala)
2014-07-23 05:13:45,287 [main] WARN  org.eclipse.jetty.util.component.AbstractLifeCycle - FAILED org.eclipse.jetty.server.Server@10ded6a9: java.net.BindException: Address already in use
java.net.BindException: Address already in use
	at sun.nio.ch.Net.bind0(Native Method)
	at sun.nio.ch.Net.bind(Net.java:414)
	at sun.nio.ch.Net.bind(Net.java:406)
	at sun.nio.ch.ServerSocketChannelImpl.bind(ServerSocketChannelImpl.java:214)
	at sun.nio.ch.ServerSocketAdaptor.bind(ServerSocketAdaptor.java:74)
	at org.eclipse.jetty.server.nio.SelectChannelConnector.open(SelectChannelConnector.java:187)
	at org.eclipse.jetty.server.AbstractConnector.doStart(AbstractConnector.java:316)
	at org.eclipse.jetty.server.nio.SelectChannelConnector.doStart(SelectChannelConnector.java:265)
	at org.eclipse.jetty.util.component.AbstractLifeCycle.start(AbstractLifeCycle.java:64)
	at org.eclipse.jetty.server.Server.doStart(Server.java:293)
	at org.eclipse.jetty.util.component.AbstractLifeCycle.start(AbstractLifeCycle.java:64)
	at org.apache.spark.ui.JettyUtils$$anonfun$1.apply$mcV$sp(JettyUtils.scala:192)
	at org.apache.spark.ui.JettyUtils$$anonfun$1.apply(JettyUtils.scala:192)
	at org.apache.spark.ui.JettyUtils$$anonfun$1.apply(JettyUtils.scala:192)
	at scala.util.Try$.apply(Try.scala:161)
	at org.apache.spark.ui.JettyUtils$.connect$1(JettyUtils.scala:191)
	at org.apache.spark.ui.JettyUtils$.startJettyServer(JettyUtils.scala:205)
	at org.apache.spark.ui.WebUI.bind(WebUI.scala:99)
	at org.apache.spark.SparkContext.<init>(SparkContext.scala:223)
	at RemoveInfrequentWordsApp$.createSparkContext(RemoveInfrequentWordsApp.scala:99)
	at RemoveInfrequentWordsApp$.main(RemoveInfrequentWordsApp.scala:15)
	at RemoveInfrequentWordsApp.main(RemoveInfrequentWordsApp.scala)
	at sun.reflect.NativeMethodAccessorImpl.invoke0(Native Method)
	at sun.reflect.NativeMethodAccessorImpl.invoke(NativeMethodAccessorImpl.java:62)
	at sun.reflect.DelegatingMethodAccessorImpl.invoke(DelegatingMethodAccessorImpl.java:43)
	at java.lang.reflect.Method.invoke(Method.java:483)
	at org.apache.spark.deploy.SparkSubmit$.launch(SparkSubmit.scala:292)
	at org.apache.spark.deploy.SparkSubmit$.main(SparkSubmit.scala:55)
	at org.apache.spark.deploy.SparkSubmit.main(SparkSubmit.scala)
2014-07-23 05:13:45,292 [main] INFO  org.eclipse.jetty.server.handler.ContextHandler - stopped o.e.j.s.ServletContextHandler{/metrics/json,null}
2014-07-23 05:13:45,292 [main] INFO  org.eclipse.jetty.server.handler.ContextHandler - stopped o.e.j.s.ServletContextHandler{/stages/stage/kill,null}
2014-07-23 05:13:45,293 [main] INFO  org.eclipse.jetty.server.handler.ContextHandler - stopped o.e.j.s.ServletContextHandler{/,null}
2014-07-23 05:13:45,293 [main] INFO  org.eclipse.jetty.server.handler.ContextHandler - stopped o.e.j.s.ServletContextHandler{/static,null}
2014-07-23 05:13:45,293 [main] INFO  org.eclipse.jetty.server.handler.ContextHandler - stopped o.e.j.s.ServletContextHandler{/executors/json,null}
2014-07-23 05:13:45,294 [main] INFO  org.eclipse.jetty.server.handler.ContextHandler - stopped o.e.j.s.ServletContextHandler{/executors,null}
2014-07-23 05:13:45,294 [main] INFO  org.eclipse.jetty.server.handler.ContextHandler - stopped o.e.j.s.ServletContextHandler{/environment/json,null}
2014-07-23 05:13:45,294 [main] INFO  org.eclipse.jetty.server.handler.ContextHandler - stopped o.e.j.s.ServletContextHandler{/environment,null}
2014-07-23 05:13:45,295 [main] INFO  org.eclipse.jetty.server.handler.ContextHandler - stopped o.e.j.s.ServletContextHandler{/storage/rdd/json,null}
2014-07-23 05:13:45,295 [main] INFO  org.eclipse.jetty.server.handler.ContextHandler - stopped o.e.j.s.ServletContextHandler{/storage/rdd,null}
2014-07-23 05:13:45,295 [main] INFO  org.eclipse.jetty.server.handler.ContextHandler - stopped o.e.j.s.ServletContextHandler{/storage/json,null}
2014-07-23 05:13:45,295 [main] INFO  org.eclipse.jetty.server.handler.ContextHandler - stopped o.e.j.s.ServletContextHandler{/storage,null}
2014-07-23 05:13:45,296 [main] INFO  org.eclipse.jetty.server.handler.ContextHandler - stopped o.e.j.s.ServletContextHandler{/stages/pool/json,null}
2014-07-23 05:13:45,296 [main] INFO  org.eclipse.jetty.server.handler.ContextHandler - stopped o.e.j.s.ServletContextHandler{/stages/pool,null}
2014-07-23 05:13:45,296 [main] INFO  org.eclipse.jetty.server.handler.ContextHandler - stopped o.e.j.s.ServletContextHandler{/stages/stage/json,null}
2014-07-23 05:13:45,297 [main] INFO  org.eclipse.jetty.server.handler.ContextHandler - stopped o.e.j.s.ServletContextHandler{/stages/stage,null}
2014-07-23 05:13:45,297 [main] INFO  org.eclipse.jetty.server.handler.ContextHandler - stopped o.e.j.s.ServletContextHandler{/stages/json,null}
2014-07-23 05:13:45,297 [main] INFO  org.eclipse.jetty.server.handler.ContextHandler - stopped o.e.j.s.ServletContextHandler{/stages,null}
2014-07-23 05:13:45,351 [main] INFO  org.apache.spark.ui.JettyUtils - Failed to create UI at port, 4040. Trying again.
2014-07-23 05:13:45,352 [main] INFO  org.apache.spark.ui.JettyUtils - Error was: Failure(java.net.BindException: Address already in use)
2014-07-23 05:13:45,354 [main] INFO  org.eclipse.jetty.server.Server - jetty-8.y.z-SNAPSHOT
2014-07-23 05:13:45,367 [main] WARN  org.eclipse.jetty.util.component.AbstractLifeCycle - FAILED SelectChannelConnector@0.0.0.0:4041: java.net.BindException: Address already in use
java.net.BindException: Address already in use
	at sun.nio.ch.Net.bind0(Native Method)
	at sun.nio.ch.Net.bind(Net.java:414)
	at sun.nio.ch.Net.bind(Net.java:406)
	at sun.nio.ch.ServerSocketChannelImpl.bind(ServerSocketChannelImpl.java:214)
	at sun.nio.ch.ServerSocketAdaptor.bind(ServerSocketAdaptor.java:74)
	at org.eclipse.jetty.server.nio.SelectChannelConnector.open(SelectChannelConnector.java:187)
	at org.eclipse.jetty.server.AbstractConnector.doStart(AbstractConnector.java:316)
	at org.eclipse.jetty.server.nio.SelectChannelConnector.doStart(SelectChannelConnector.java:265)
	at org.eclipse.jetty.util.component.AbstractLifeCycle.start(AbstractLifeCycle.java:64)
	at org.eclipse.jetty.server.Server.doStart(Server.java:293)
	at org.eclipse.jetty.util.component.AbstractLifeCycle.start(AbstractLifeCycle.java:64)
	at org.apache.spark.ui.JettyUtils$$anonfun$1.apply$mcV$sp(JettyUtils.scala:192)
	at org.apache.spark.ui.JettyUtils$$anonfun$1.apply(JettyUtils.scala:192)
	at org.apache.spark.ui.JettyUtils$$anonfun$1.apply(JettyUtils.scala:192)
	at scala.util.Try$.apply(Try.scala:161)
	at org.apache.spark.ui.JettyUtils$.connect$1(JettyUtils.scala:191)
	at org.apache.spark.ui.JettyUtils$.startJettyServer(JettyUtils.scala:205)
	at org.apache.spark.ui.WebUI.bind(WebUI.scala:99)
	at org.apache.spark.SparkContext.<init>(SparkContext.scala:223)
	at RemoveInfrequentWordsApp$.createSparkContext(RemoveInfrequentWordsApp.scala:99)
	at RemoveInfrequentWordsApp$.main(RemoveInfrequentWordsApp.scala:15)
	at RemoveInfrequentWordsApp.main(RemoveInfrequentWordsApp.scala)
	at sun.reflect.NativeMethodAccessorImpl.invoke0(Native Method)
	at sun.reflect.NativeMethodAccessorImpl.invoke(NativeMethodAccessorImpl.java:62)
	at sun.reflect.DelegatingMethodAccessorImpl.invoke(DelegatingMethodAccessorImpl.java:43)
	at java.lang.reflect.Method.invoke(Method.java:483)
	at org.apache.spark.deploy.SparkSubmit$.launch(SparkSubmit.scala:292)
	at org.apache.spark.deploy.SparkSubmit$.main(SparkSubmit.scala:55)
	at org.apache.spark.deploy.SparkSubmit.main(SparkSubmit.scala)
2014-07-23 05:13:45,368 [main] WARN  org.eclipse.jetty.util.component.AbstractLifeCycle - FAILED org.eclipse.jetty.server.Server@2ceb80a1: java.net.BindException: Address already in use
java.net.BindException: Address already in use
	at sun.nio.ch.Net.bind0(Native Method)
	at sun.nio.ch.Net.bind(Net.java:414)
	at sun.nio.ch.Net.bind(Net.java:406)
	at sun.nio.ch.ServerSocketChannelImpl.bind(ServerSocketChannelImpl.java:214)
	at sun.nio.ch.ServerSocketAdaptor.bind(ServerSocketAdaptor.java:74)
	at org.eclipse.jetty.server.nio.SelectChannelConnector.open(SelectChannelConnector.java:187)
	at org.eclipse.jetty.server.AbstractConnector.doStart(AbstractConnector.java:316)
	at org.eclipse.jetty.server.nio.SelectChannelConnector.doStart(SelectChannelConnector.java:265)
	at org.eclipse.jetty.util.component.AbstractLifeCycle.start(AbstractLifeCycle.java:64)
	at org.eclipse.jetty.server.Server.doStart(Server.java:293)
	at org.eclipse.jetty.util.component.AbstractLifeCycle.start(AbstractLifeCycle.java:64)
	at org.apache.spark.ui.JettyUtils$$anonfun$1.apply$mcV$sp(JettyUtils.scala:192)
	at org.apache.spark.ui.JettyUtils$$anonfun$1.apply(JettyUtils.scala:192)
	at org.apache.spark.ui.JettyUtils$$anonfun$1.apply(JettyUtils.scala:192)
	at scala.util.Try$.apply(Try.scala:161)
	at org.apache.spark.ui.JettyUtils$.connect$1(JettyUtils.scala:191)
	at org.apache.spark.ui.JettyUtils$.startJettyServer(JettyUtils.scala:205)
	at org.apache.spark.ui.WebUI.bind(WebUI.scala:99)
	at org.apache.spark.SparkContext.<init>(SparkContext.scala:223)
	at RemoveInfrequentWordsApp$.createSparkContext(RemoveInfrequentWordsApp.scala:99)
	at RemoveInfrequentWordsApp$.main(RemoveInfrequentWordsApp.scala:15)
	at RemoveInfrequentWordsApp.main(RemoveInfrequentWordsApp.scala)
	at sun.reflect.NativeMethodAccessorImpl.invoke0(Native Method)
	at sun.reflect.NativeMethodAccessorImpl.invoke(NativeMethodAccessorImpl.java:62)
	at sun.reflect.DelegatingMethodAccessorImpl.invoke(DelegatingMethodAccessorImpl.java:43)
	at java.lang.reflect.Method.invoke(Method.java:483)
	at org.apache.spark.deploy.SparkSubmit$.launch(SparkSubmit.scala:292)
	at org.apache.spark.deploy.SparkSubmit$.main(SparkSubmit.scala:55)
	at org.apache.spark.deploy.SparkSubmit.main(SparkSubmit.scala)
2014-07-23 05:13:45,370 [main] INFO  org.eclipse.jetty.server.handler.ContextHandler - stopped o.e.j.s.ServletContextHandler{/metrics/json,null}
2014-07-23 05:13:45,370 [main] INFO  org.eclipse.jetty.server.handler.ContextHandler - stopped o.e.j.s.ServletContextHandler{/stages/stage/kill,null}
2014-07-23 05:13:45,371 [main] INFO  org.eclipse.jetty.server.handler.ContextHandler - stopped o.e.j.s.ServletContextHandler{/,null}
2014-07-23 05:13:45,371 [main] INFO  org.eclipse.jetty.server.handler.ContextHandler - stopped o.e.j.s.ServletContextHandler{/static,null}
2014-07-23 05:13:45,371 [main] INFO  org.eclipse.jetty.server.handler.ContextHandler - stopped o.e.j.s.ServletContextHandler{/executors/json,null}
2014-07-23 05:13:45,371 [main] INFO  org.eclipse.jetty.server.handler.ContextHandler - stopped o.e.j.s.ServletContextHandler{/executors,null}
2014-07-23 05:13:45,371 [main] INFO  org.eclipse.jetty.server.handler.ContextHandler - stopped o.e.j.s.ServletContextHandler{/environment/json,null}
2014-07-23 05:13:45,372 [main] INFO  org.eclipse.jetty.server.handler.ContextHandler - stopped o.e.j.s.ServletContextHandler{/environment,null}
2014-07-23 05:13:45,372 [main] INFO  org.eclipse.jetty.server.handler.ContextHandler - stopped o.e.j.s.ServletContextHandler{/storage/rdd/json,null}
2014-07-23 05:13:45,372 [main] INFO  org.eclipse.jetty.server.handler.ContextHandler - stopped o.e.j.s.ServletContextHandler{/storage/rdd,null}
2014-07-23 05:13:45,372 [main] INFO  org.eclipse.jetty.server.handler.ContextHandler - stopped o.e.j.s.ServletContextHandler{/storage/json,null}
2014-07-23 05:13:45,372 [main] INFO  org.eclipse.jetty.server.handler.ContextHandler - stopped o.e.j.s.ServletContextHandler{/storage,null}
2014-07-23 05:13:45,373 [main] INFO  org.eclipse.jetty.server.handler.ContextHandler - stopped o.e.j.s.ServletContextHandler{/stages/pool/json,null}
2014-07-23 05:13:45,373 [main] INFO  org.eclipse.jetty.server.handler.ContextHandler - stopped o.e.j.s.ServletContextHandler{/stages/pool,null}
2014-07-23 05:13:45,373 [main] INFO  org.eclipse.jetty.server.handler.ContextHandler - stopped o.e.j.s.ServletContextHandler{/stages/stage/json,null}
2014-07-23 05:13:45,373 [main] INFO  org.eclipse.jetty.server.handler.ContextHandler - stopped o.e.j.s.ServletContextHandler{/stages/stage,null}
2014-07-23 05:13:45,373 [main] INFO  org.eclipse.jetty.server.handler.ContextHandler - stopped o.e.j.s.ServletContextHandler{/stages/json,null}
2014-07-23 05:13:45,374 [main] INFO  org.eclipse.jetty.server.handler.ContextHandler - stopped o.e.j.s.ServletContextHandler{/stages,null}
2014-07-23 05:13:45,430 [main] INFO  org.apache.spark.ui.JettyUtils - Failed to create UI at port, 4041. Trying again.
2014-07-23 05:13:45,430 [main] INFO  org.apache.spark.ui.JettyUtils - Error was: Failure(java.net.BindException: Address already in use)
2014-07-23 05:13:45,432 [main] INFO  org.eclipse.jetty.server.Server - jetty-8.y.z-SNAPSHOT
2014-07-23 05:13:45,450 [main] INFO  org.eclipse.jetty.server.AbstractConnector - Started SelectChannelConnector@0.0.0.0:4042
2014-07-23 05:13:45,457 [main] INFO  org.apache.spark.ui.SparkUI - Started SparkUI at http://dco-node121-mgt.dco.ethz.ch:4042
2014-07-23 05:13:45,682 [main] WARN  org.apache.hadoop.util.NativeCodeLoader - Unable to load native-hadoop library for your platform... using builtin-java classes where applicable
2014-07-23 05:13:46,412 [main] INFO  org.apache.spark.scheduler.EventLoggingListener - Logging events to hdfs://dco-node121.dco.ethz.ch:54310/spark_event_log/remove-infrequent-words-1406085225783
2014-07-23 05:13:47,852 [main] INFO  org.apache.spark.SparkContext - Added JAR file:/disk3/user_work/runs/remove_infrequent_words5/run.jar at http://172.31.109.131:45442/jars/run.jar with timestamp 1406085227851
2014-07-23 05:13:47,913 [spark-akka.actor.default-dispatcher-2] INFO  org.apache.spark.deploy.client.AppClient$ClientActor - Connecting to master spark://dco-node121.dco.ethz.ch:7077...
2014-07-23 05:13:48,185 [main] INFO  org.apache.spark.storage.MemoryStore - ensureFreeSpace(231905) called with curMem=0, maxMem=43218213273
2014-07-23 05:13:48,190 [main] INFO  org.apache.spark.storage.MemoryStore - Block broadcast_0 stored as values to memory (estimated size 226.5 KB, free 40.2 GB)
2014-07-23 05:13:48,275 [spark-akka.actor.default-dispatcher-2] INFO  org.apache.spark.scheduler.cluster.SparkDeploySchedulerBackend - Connected to Spark cluster with app ID app-20140723051348-0006
2014-07-23 05:13:48,454 [main] INFO  org.apache.hadoop.mapred.FileInputFormat - Total input paths to process : 1
2014-07-23 05:13:48,499 [main] INFO  org.apache.hadoop.net.NetworkTopology - Adding a new node: /default-rack/172.31.109.146:50010
2014-07-23 05:13:48,500 [main] INFO  org.apache.hadoop.net.NetworkTopology - Adding a new node: /default-rack/172.31.109.135:50010
2014-07-23 05:13:48,500 [main] INFO  org.apache.hadoop.net.NetworkTopology - Adding a new node: /default-rack/172.31.109.133:50010
2014-07-23 05:13:48,500 [main] INFO  org.apache.hadoop.net.NetworkTopology - Adding a new node: /default-rack/172.31.109.139:50010
2014-07-23 05:13:48,500 [main] INFO  org.apache.hadoop.net.NetworkTopology - Adding a new node: /default-rack/172.31.109.142:50010
2014-07-23 05:13:48,508 [main] INFO  org.apache.spark.SparkContext - Starting job: take at RemoveInfrequentWordsApp.scala:46
2014-07-23 05:13:48,523 [spark-akka.actor.default-dispatcher-3] INFO  org.apache.spark.scheduler.DAGScheduler - Got job 0 (take at RemoveInfrequentWordsApp.scala:46) with 1 output partitions (allowLocal=true)
2014-07-23 05:13:48,524 [spark-akka.actor.default-dispatcher-3] INFO  org.apache.spark.scheduler.DAGScheduler - Final stage: Stage 0(take at RemoveInfrequentWordsApp.scala:46)
2014-07-23 05:13:48,524 [spark-akka.actor.default-dispatcher-3] INFO  org.apache.spark.scheduler.DAGScheduler - Parents of final stage: List()
2014-07-23 05:13:48,543 [spark-akka.actor.default-dispatcher-3] INFO  org.apache.spark.scheduler.DAGScheduler - Missing parents: List()
2014-07-23 05:13:48,544 [spark-akka.actor.default-dispatcher-3] INFO  org.apache.spark.scheduler.DAGScheduler - Computing the requested partition locally
2014-07-23 05:13:48,552 [Local computation of job 0] INFO  org.apache.spark.rdd.HadoopRDD - Input split: hdfs://dco-node121.dco.ethz.ch:54310/cw-wordcount/wordcounts.txt:0+16777216
2014-07-23 05:13:48,558 [Local computation of job 0] INFO  org.apache.hadoop.conf.Configuration.deprecation - mapred.tip.id is deprecated. Instead, use mapreduce.task.id
2014-07-23 05:13:48,558 [Local computation of job 0] INFO  org.apache.hadoop.conf.Configuration.deprecation - mapred.task.id is deprecated. Instead, use mapreduce.task.attempt.id
2014-07-23 05:13:48,558 [Local computation of job 0] INFO  org.apache.hadoop.conf.Configuration.deprecation - mapred.task.is.map is deprecated. Instead, use mapreduce.task.ismap
2014-07-23 05:13:48,558 [Local computation of job 0] INFO  org.apache.hadoop.conf.Configuration.deprecation - mapred.task.partition is deprecated. Instead, use mapreduce.task.partition
2014-07-23 05:13:48,558 [Local computation of job 0] INFO  org.apache.hadoop.conf.Configuration.deprecation - mapred.job.id is deprecated. Instead, use mapreduce.job.id
2014-07-23 05:13:48,659 [main] INFO  org.apache.spark.SparkContext - Job finished: take at RemoveInfrequentWordsApp.scala:46, took 0.150974429 s
2014-07-23 05:13:48,940 [main] INFO  org.apache.spark.SparkContext - Starting job: foreach at RemoveInfrequentWordsApp.scala:27
2014-07-23 05:13:48,943 [spark-akka.actor.default-dispatcher-2] INFO  org.apache.spark.scheduler.DAGScheduler - Got job 1 (foreach at RemoveInfrequentWordsApp.scala:27) with 20 output partitions (allowLocal=false)
2014-07-23 05:13:48,943 [spark-akka.actor.default-dispatcher-2] INFO  org.apache.spark.scheduler.DAGScheduler - Final stage: Stage 1(foreach at RemoveInfrequentWordsApp.scala:27)
2014-07-23 05:13:48,944 [spark-akka.actor.default-dispatcher-2] INFO  org.apache.spark.scheduler.DAGScheduler - Parents of final stage: List()
2014-07-23 05:13:48,947 [spark-akka.actor.default-dispatcher-2] INFO  org.apache.spark.scheduler.DAGScheduler - Missing parents: List()
2014-07-23 05:13:48,954 [spark-akka.actor.default-dispatcher-2] INFO  org.apache.spark.scheduler.DAGScheduler - Submitting Stage 1 (ParallelCollectionRDD[2] at parallelize at RemoveInfrequentWordsApp.scala:27), which has no missing parents
2014-07-23 05:13:49,068 [spark-akka.actor.default-dispatcher-2] INFO  org.apache.spark.scheduler.DAGScheduler - Submitting 20 missing tasks from Stage 1 (ParallelCollectionRDD[2] at parallelize at RemoveInfrequentWordsApp.scala:27)
2014-07-23 05:13:49,070 [spark-akka.actor.default-dispatcher-2] INFO  org.apache.spark.scheduler.TaskSchedulerImpl - Adding task set 1.0 with 20 tasks
2014-07-23 05:14:04,079 [Timer-0] WARN  org.apache.spark.scheduler.TaskSchedulerImpl - Initial job has not accepted any resources; check your cluster UI to ensure that workers are registered and have sufficient memory
2014-07-23 05:14:19,078 [Timer-0] WARN  org.apache.spark.scheduler.TaskSchedulerImpl - Initial job has not accepted any resources; check your cluster UI to ensure that workers are registered and have sufficient memory
2014-07-23 05:14:34,079 [Timer-0] WARN  org.apache.spark.scheduler.TaskSchedulerImpl - Initial job has not accepted any resources; check your cluster UI to ensure that workers are registered and have sufficient memory
2014-07-23 05:14:49,078 [Timer-0] WARN  org.apache.spark.scheduler.TaskSchedulerImpl - Initial job has not accepted any resources; check your cluster UI to ensure that workers are registered and have sufficient memory
2014-07-23 05:15:04,078 [Timer-0] WARN  org.apache.spark.scheduler.TaskSchedulerImpl - Initial job has not accepted any resources; check your cluster UI to ensure that workers are registered and have sufficient memory
2014-07-23 05:15:19,078 [Timer-0] WARN  org.apache.spark.scheduler.TaskSchedulerImpl - Initial job has not accepted any resources; check your cluster UI to ensure that workers are registered and have sufficient memory
2014-07-23 05:15:34,078 [Timer-0] WARN  org.apache.spark.scheduler.TaskSchedulerImpl - Initial job has not accepted any resources; check your cluster UI to ensure that workers are registered and have sufficient memory
2014-07-23 05:15:49,078 [Timer-0] WARN  org.apache.spark.scheduler.TaskSchedulerImpl - Initial job has not accepted any resources; check your cluster UI to ensure that workers are registered and have sufficient memory
2014-07-23 05:16:04,078 [Timer-0] WARN  org.apache.spark.scheduler.TaskSchedulerImpl - Initial job has not accepted any resources; check your cluster UI to ensure that workers are registered and have sufficient memory
2014-07-23 05:16:19,078 [Timer-0] WARN  org.apache.spark.scheduler.TaskSchedulerImpl - Initial job has not accepted any resources; check your cluster UI to ensure that workers are registered and have sufficient memory
2014-07-23 05:16:34,078 [Timer-0] WARN  org.apache.spark.scheduler.TaskSchedulerImpl - Initial job has not accepted any resources; check your cluster UI to ensure that workers are registered and have sufficient memory
2014-07-23 05:16:49,078 [Timer-0] WARN  org.apache.spark.scheduler.TaskSchedulerImpl - Initial job has not accepted any resources; check your cluster UI to ensure that workers are registered and have sufficient memory
2014-07-23 05:17:04,078 [Timer-0] WARN  org.apache.spark.scheduler.TaskSchedulerImpl - Initial job has not accepted any resources; check your cluster UI to ensure that workers are registered and have sufficient memory
2014-07-23 05:17:19,078 [Timer-0] WARN  org.apache.spark.scheduler.TaskSchedulerImpl - Initial job has not accepted any resources; check your cluster UI to ensure that workers are registered and have sufficient memory
2014-07-23 05:17:34,078 [Timer-0] WARN  org.apache.spark.scheduler.TaskSchedulerImpl - Initial job has not accepted any resources; check your cluster UI to ensure that workers are registered and have sufficient memory
2014-07-23 05:17:49,078 [Timer-0] WARN  org.apache.spark.scheduler.TaskSchedulerImpl - Initial job has not accepted any resources; check your cluster UI to ensure that workers are registered and have sufficient memory
2014-07-23 05:18:04,078 [Timer-0] WARN  org.apache.spark.scheduler.TaskSchedulerImpl - Initial job has not accepted any resources; check your cluster UI to ensure that workers are registered and have sufficient memory
2014-07-23 05:18:19,078 [Timer-0] WARN  org.apache.spark.scheduler.TaskSchedulerImpl - Initial job has not accepted any resources; check your cluster UI to ensure that workers are registered and have sufficient memory
2014-07-23 05:18:34,078 [Timer-0] WARN  org.apache.spark.scheduler.TaskSchedulerImpl - Initial job has not accepted any resources; check your cluster UI to ensure that workers are registered and have sufficient memory
2014-07-23 05:18:49,078 [Timer-0] WARN  org.apache.spark.scheduler.TaskSchedulerImpl - Initial job has not accepted any resources; check your cluster UI to ensure that workers are registered and have sufficient memory
2014-07-23 05:19:04,078 [Timer-0] WARN  org.apache.spark.scheduler.TaskSchedulerImpl - Initial job has not accepted any resources; check your cluster UI to ensure that workers are registered and have sufficient memory
2014-07-23 05:19:19,079 [Timer-0] WARN  org.apache.spark.scheduler.TaskSchedulerImpl - Initial job has not accepted any resources; check your cluster UI to ensure that workers are registered and have sufficient memory
2014-07-23 05:19:34,078 [Timer-0] WARN  org.apache.spark.scheduler.TaskSchedulerImpl - Initial job has not accepted any resources; check your cluster UI to ensure that workers are registered and have sufficient memory
2014-07-23 05:19:49,078 [Timer-0] WARN  org.apache.spark.scheduler.TaskSchedulerImpl - Initial job has not accepted any resources; check your cluster UI to ensure that workers are registered and have sufficient memory
2014-07-23 05:19:56,678 [spark-akka.actor.default-dispatcher-2] INFO  org.apache.spark.deploy.client.AppClient$ClientActor - Executor added: app-20140723051348-0006/0 on worker-20140722232232-dco-node135-mgt.dco.ethz.ch-56045 (dco-node135-mgt.dco.ethz.ch:56045) with 16 cores
2014-07-23 05:19:56,680 [spark-akka.actor.default-dispatcher-2] INFO  org.apache.spark.scheduler.cluster.SparkDeploySchedulerBackend - Granted executor ID app-20140723051348-0006/0 on hostPort dco-node135-mgt.dco.ethz.ch:56045 with 16 cores, 70.0 GB RAM
2014-07-23 05:19:56,680 [spark-akka.actor.default-dispatcher-2] INFO  org.apache.spark.deploy.client.AppClient$ClientActor - Executor added: app-20140723051348-0006/1 on worker-20140722232232-dco-node125-mgt.dco.ethz.ch-41556 (dco-node125-mgt.dco.ethz.ch:41556) with 16 cores
2014-07-23 05:19:56,680 [spark-akka.actor.default-dispatcher-2] INFO  org.apache.spark.scheduler.cluster.SparkDeploySchedulerBackend - Granted executor ID app-20140723051348-0006/1 on hostPort dco-node125-mgt.dco.ethz.ch:41556 with 16 cores, 70.0 GB RAM
2014-07-23 05:19:56,680 [spark-akka.actor.default-dispatcher-2] INFO  org.apache.spark.deploy.client.AppClient$ClientActor - Executor added: app-20140723051348-0006/2 on worker-20140722232232-dco-node124-mgt.dco.ethz.ch-46656 (dco-node124-mgt.dco.ethz.ch:46656) with 16 cores
2014-07-23 05:19:56,681 [spark-akka.actor.default-dispatcher-2] INFO  org.apache.spark.scheduler.cluster.SparkDeploySchedulerBackend - Granted executor ID app-20140723051348-0006/2 on hostPort dco-node124-mgt.dco.ethz.ch:46656 with 16 cores, 70.0 GB RAM
2014-07-23 05:19:56,681 [spark-akka.actor.default-dispatcher-2] INFO  org.apache.spark.deploy.client.AppClient$ClientActor - Executor added: app-20140723051348-0006/3 on worker-20140722232232-dco-node123-mgt.dco.ethz.ch-52179 (dco-node123-mgt.dco.ethz.ch:52179) with 16 cores
2014-07-23 05:19:56,681 [spark-akka.actor.default-dispatcher-2] INFO  org.apache.spark.scheduler.cluster.SparkDeploySchedulerBackend - Granted executor ID app-20140723051348-0006/3 on hostPort dco-node123-mgt.dco.ethz.ch:52179 with 16 cores, 70.0 GB RAM
2014-07-23 05:19:56,683 [spark-akka.actor.default-dispatcher-2] INFO  org.apache.spark.deploy.client.AppClient$ClientActor - Executor added: app-20140723051348-0006/4 on worker-20140722232232-dco-node122-mgt.dco.ethz.ch-51038 (dco-node122-mgt.dco.ethz.ch:51038) with 16 cores
2014-07-23 05:19:56,683 [spark-akka.actor.default-dispatcher-2] INFO  org.apache.spark.scheduler.cluster.SparkDeploySchedulerBackend - Granted executor ID app-20140723051348-0006/4 on hostPort dco-node122-mgt.dco.ethz.ch:51038 with 16 cores, 70.0 GB RAM
2014-07-23 05:19:56,683 [spark-akka.actor.default-dispatcher-2] INFO  org.apache.spark.deploy.client.AppClient$ClientActor - Executor added: app-20140723051348-0006/5 on worker-20140722232232-dco-node132-mgt.dco.ethz.ch-45072 (dco-node132-mgt.dco.ethz.ch:45072) with 16 cores
2014-07-23 05:19:56,683 [spark-akka.actor.default-dispatcher-2] INFO  org.apache.spark.scheduler.cluster.SparkDeploySchedulerBackend - Granted executor ID app-20140723051348-0006/5 on hostPort dco-node132-mgt.dco.ethz.ch:45072 with 16 cores, 70.0 GB RAM
2014-07-23 05:19:56,684 [spark-akka.actor.default-dispatcher-3] INFO  org.apache.spark.deploy.client.AppClient$ClientActor - Executor added: app-20140723051348-0006/6 on worker-20140722232232-dco-node131-mgt.dco.ethz.ch-50734 (dco-node131-mgt.dco.ethz.ch:50734) with 16 cores
2014-07-23 05:19:56,685 [spark-akka.actor.default-dispatcher-3] INFO  org.apache.spark.scheduler.cluster.SparkDeploySchedulerBackend - Granted executor ID app-20140723051348-0006/6 on hostPort dco-node131-mgt.dco.ethz.ch:50734 with 16 cores, 70.0 GB RAM
2014-07-23 05:19:56,686 [spark-akka.actor.default-dispatcher-6] INFO  org.apache.spark.deploy.client.AppClient$ClientActor - Executor added: app-20140723051348-0006/7 on worker-20140722232232-dco-node133-mgt.dco.ethz.ch-44156 (dco-node133-mgt.dco.ethz.ch:44156) with 16 cores
2014-07-23 05:19:56,687 [spark-akka.actor.default-dispatcher-6] INFO  org.apache.spark.scheduler.cluster.SparkDeploySchedulerBackend - Granted executor ID app-20140723051348-0006/7 on hostPort dco-node133-mgt.dco.ethz.ch:44156 with 16 cores, 70.0 GB RAM
2014-07-23 05:19:56,688 [spark-akka.actor.default-dispatcher-6] INFO  org.apache.spark.deploy.client.AppClient$ClientActor - Executor added: app-20140723051348-0006/8 on worker-20140722232232-dco-node127-mgt.dco.ethz.ch-60499 (dco-node127-mgt.dco.ethz.ch:60499) with 16 cores
2014-07-23 05:19:56,688 [spark-akka.actor.default-dispatcher-6] INFO  org.apache.spark.scheduler.cluster.SparkDeploySchedulerBackend - Granted executor ID app-20140723051348-0006/8 on hostPort dco-node127-mgt.dco.ethz.ch:60499 with 16 cores, 70.0 GB RAM
2014-07-23 05:19:56,689 [spark-akka.actor.default-dispatcher-6] INFO  org.apache.spark.deploy.client.AppClient$ClientActor - Executor added: app-20140723051348-0006/9 on worker-20140722232232-dco-node121-mgt.dco.ethz.ch-45820 (dco-node121-mgt.dco.ethz.ch:45820) with 16 cores
2014-07-23 05:19:56,690 [spark-akka.actor.default-dispatcher-6] INFO  org.apache.spark.scheduler.cluster.SparkDeploySchedulerBackend - Granted executor ID app-20140723051348-0006/9 on hostPort dco-node121-mgt.dco.ethz.ch:45820 with 16 cores, 70.0 GB RAM
2014-07-23 05:19:56,690 [spark-akka.actor.default-dispatcher-6] INFO  org.apache.spark.deploy.client.AppClient$ClientActor - Executor added: app-20140723051348-0006/10 on worker-20140722232232-dco-node129-mgt.dco.ethz.ch-37573 (dco-node129-mgt.dco.ethz.ch:37573) with 16 cores
2014-07-23 05:19:56,691 [spark-akka.actor.default-dispatcher-6] INFO  org.apache.spark.scheduler.cluster.SparkDeploySchedulerBackend - Granted executor ID app-20140723051348-0006/10 on hostPort dco-node129-mgt.dco.ethz.ch:37573 with 16 cores, 70.0 GB RAM
2014-07-23 05:19:56,691 [spark-akka.actor.default-dispatcher-6] INFO  org.apache.spark.deploy.client.AppClient$ClientActor - Executor added: app-20140723051348-0006/11 on worker-20140722232232-dco-node128-mgt.dco.ethz.ch-58779 (dco-node128-mgt.dco.ethz.ch:58779) with 16 cores
2014-07-23 05:19:56,692 [spark-akka.actor.default-dispatcher-6] INFO  org.apache.spark.scheduler.cluster.SparkDeploySchedulerBackend - Granted executor ID app-20140723051348-0006/11 on hostPort dco-node128-mgt.dco.ethz.ch:58779 with 16 cores, 70.0 GB RAM
2014-07-23 05:19:56,692 [spark-akka.actor.default-dispatcher-6] INFO  org.apache.spark.deploy.client.AppClient$ClientActor - Executor added: app-20140723051348-0006/12 on worker-20140722232232-dco-node134-mgt.dco.ethz.ch-42367 (dco-node134-mgt.dco.ethz.ch:42367) with 16 cores
2014-07-23 05:19:56,693 [spark-akka.actor.default-dispatcher-6] INFO  org.apache.spark.scheduler.cluster.SparkDeploySchedulerBackend - Granted executor ID app-20140723051348-0006/12 on hostPort dco-node134-mgt.dco.ethz.ch:42367 with 16 cores, 70.0 GB RAM
2014-07-23 05:19:56,693 [spark-akka.actor.default-dispatcher-6] INFO  org.apache.spark.deploy.client.AppClient$ClientActor - Executor added: app-20140723051348-0006/13 on worker-20140722232231-dco-node130-mgt.dco.ethz.ch-56551 (dco-node130-mgt.dco.ethz.ch:56551) with 16 cores
2014-07-23 05:19:56,694 [spark-akka.actor.default-dispatcher-6] INFO  org.apache.spark.scheduler.cluster.SparkDeploySchedulerBackend - Granted executor ID app-20140723051348-0006/13 on hostPort dco-node130-mgt.dco.ethz.ch:56551 with 16 cores, 70.0 GB RAM
2014-07-23 05:19:56,695 [spark-akka.actor.default-dispatcher-6] INFO  org.apache.spark.deploy.client.AppClient$ClientActor - Executor added: app-20140723051348-0006/14 on worker-20140722232232-dco-node136-mgt.dco.ethz.ch-34960 (dco-node136-mgt.dco.ethz.ch:34960) with 16 cores
2014-07-23 05:19:56,695 [spark-akka.actor.default-dispatcher-6] INFO  org.apache.spark.scheduler.cluster.SparkDeploySchedulerBackend - Granted executor ID app-20140723051348-0006/14 on hostPort dco-node136-mgt.dco.ethz.ch:34960 with 16 cores, 70.0 GB RAM
2014-07-23 05:19:56,695 [spark-akka.actor.default-dispatcher-6] INFO  org.apache.spark.deploy.client.AppClient$ClientActor - Executor added: app-20140723051348-0006/15 on worker-20140722232232-dco-node126-mgt.dco.ethz.ch-38949 (dco-node126-mgt.dco.ethz.ch:38949) with 16 cores
2014-07-23 05:19:56,696 [spark-akka.actor.default-dispatcher-6] INFO  org.apache.spark.scheduler.cluster.SparkDeploySchedulerBackend - Granted executor ID app-20140723051348-0006/15 on hostPort dco-node126-mgt.dco.ethz.ch:38949 with 16 cores, 70.0 GB RAM
2014-07-23 05:19:56,709 [spark-akka.actor.default-dispatcher-6] INFO  org.apache.spark.deploy.client.AppClient$ClientActor - Executor updated: app-20140723051348-0006/0 is now RUNNING
2014-07-23 05:19:56,709 [spark-akka.actor.default-dispatcher-6] INFO  org.apache.spark.deploy.client.AppClient$ClientActor - Executor updated: app-20140723051348-0006/2 is now RUNNING
2014-07-23 05:19:56,711 [spark-akka.actor.default-dispatcher-6] INFO  org.apache.spark.deploy.client.AppClient$ClientActor - Executor updated: app-20140723051348-0006/3 is now RUNNING
2014-07-23 05:19:56,713 [spark-akka.actor.default-dispatcher-6] INFO  org.apache.spark.deploy.client.AppClient$ClientActor - Executor updated: app-20140723051348-0006/1 is now RUNNING
2014-07-23 05:19:56,716 [spark-akka.actor.default-dispatcher-6] INFO  org.apache.spark.deploy.client.AppClient$ClientActor - Executor updated: app-20140723051348-0006/5 is now RUNNING
2014-07-23 05:19:56,720 [spark-akka.actor.default-dispatcher-6] INFO  org.apache.spark.deploy.client.AppClient$ClientActor - Executor updated: app-20140723051348-0006/8 is now RUNNING
2014-07-23 05:19:56,723 [spark-akka.actor.default-dispatcher-6] INFO  org.apache.spark.deploy.client.AppClient$ClientActor - Executor updated: app-20140723051348-0006/11 is now RUNNING
2014-07-23 05:19:56,725 [spark-akka.actor.default-dispatcher-6] INFO  org.apache.spark.deploy.client.AppClient$ClientActor - Executor updated: app-20140723051348-0006/6 is now RUNNING
2014-07-23 05:19:56,727 [spark-akka.actor.default-dispatcher-6] INFO  org.apache.spark.deploy.client.AppClient$ClientActor - Executor updated: app-20140723051348-0006/7 is now RUNNING
2014-07-23 05:19:56,729 [spark-akka.actor.default-dispatcher-6] INFO  org.apache.spark.deploy.client.AppClient$ClientActor - Executor updated: app-20140723051348-0006/4 is now RUNNING
2014-07-23 05:19:56,731 [spark-akka.actor.default-dispatcher-6] INFO  org.apache.spark.deploy.client.AppClient$ClientActor - Executor updated: app-20140723051348-0006/12 is now RUNNING
2014-07-23 05:19:56,733 [spark-akka.actor.default-dispatcher-6] INFO  org.apache.spark.deploy.client.AppClient$ClientActor - Executor updated: app-20140723051348-0006/15 is now RUNNING
2014-07-23 05:19:56,735 [spark-akka.actor.default-dispatcher-6] INFO  org.apache.spark.deploy.client.AppClient$ClientActor - Executor updated: app-20140723051348-0006/10 is now RUNNING
2014-07-23 05:19:56,736 [spark-akka.actor.default-dispatcher-6] INFO  org.apache.spark.deploy.client.AppClient$ClientActor - Executor updated: app-20140723051348-0006/13 is now RUNNING
2014-07-23 05:19:56,738 [spark-akka.actor.default-dispatcher-6] INFO  org.apache.spark.deploy.client.AppClient$ClientActor - Executor updated: app-20140723051348-0006/14 is now RUNNING
2014-07-23 05:19:56,742 [spark-akka.actor.default-dispatcher-5] INFO  org.apache.spark.deploy.client.AppClient$ClientActor - Executor updated: app-20140723051348-0006/9 is now RUNNING
2014-07-23 05:19:58,832 [spark-akka.actor.default-dispatcher-3] INFO  org.apache.spark.scheduler.cluster.SparkDeploySchedulerBackend - Registered executor: Actor[akka.tcp://sparkExecutor@dco-node130-mgt.dco.ethz.ch:51091/user/Executor#-32217549] with ID 13
2014-07-23 05:19:58,844 [spark-akka.actor.default-dispatcher-3] INFO  org.apache.spark.scheduler.TaskSetManager - Starting task 1.0:0 as TID 0 on executor 13: dco-node130-mgt.dco.ethz.ch (PROCESS_LOCAL)
2014-07-23 05:19:58,858 [spark-akka.actor.default-dispatcher-3] INFO  org.apache.spark.scheduler.TaskSetManager - Serialized task 1.0:0 as 44120 bytes in 11 ms
2014-07-23 05:19:58,862 [spark-akka.actor.default-dispatcher-3] INFO  org.apache.spark.scheduler.TaskSetManager - Starting task 1.0:1 as TID 1 on executor 13: dco-node130-mgt.dco.ethz.ch (PROCESS_LOCAL)
2014-07-23 05:19:58,873 [spark-akka.actor.default-dispatcher-3] INFO  org.apache.spark.scheduler.TaskSetManager - Serialized task 1.0:1 as 44120 bytes in 10 ms
2014-07-23 05:19:58,873 [spark-akka.actor.default-dispatcher-3] INFO  org.apache.spark.scheduler.TaskSetManager - Starting task 1.0:2 as TID 2 on executor 13: dco-node130-mgt.dco.ethz.ch (PROCESS_LOCAL)
2014-07-23 05:19:58,882 [spark-akka.actor.default-dispatcher-3] INFO  org.apache.spark.scheduler.TaskSetManager - Serialized task 1.0:2 as 44120 bytes in 9 ms
2014-07-23 05:19:58,883 [spark-akka.actor.default-dispatcher-3] INFO  org.apache.spark.scheduler.TaskSetManager - Starting task 1.0:3 as TID 3 on executor 13: dco-node130-mgt.dco.ethz.ch (PROCESS_LOCAL)
2014-07-23 05:19:58,888 [spark-akka.actor.default-dispatcher-3] INFO  org.apache.spark.scheduler.TaskSetManager - Serialized task 1.0:3 as 44120 bytes in 5 ms
2014-07-23 05:19:58,888 [spark-akka.actor.default-dispatcher-3] INFO  org.apache.spark.scheduler.TaskSetManager - Starting task 1.0:4 as TID 4 on executor 13: dco-node130-mgt.dco.ethz.ch (PROCESS_LOCAL)
2014-07-23 05:19:58,894 [spark-akka.actor.default-dispatcher-3] INFO  org.apache.spark.scheduler.TaskSetManager - Serialized task 1.0:4 as 44120 bytes in 5 ms
2014-07-23 05:19:58,894 [spark-akka.actor.default-dispatcher-3] INFO  org.apache.spark.scheduler.TaskSetManager - Starting task 1.0:5 as TID 5 on executor 13: dco-node130-mgt.dco.ethz.ch (PROCESS_LOCAL)
2014-07-23 05:19:58,899 [spark-akka.actor.default-dispatcher-3] INFO  org.apache.spark.scheduler.TaskSetManager - Serialized task 1.0:5 as 44120 bytes in 5 ms
2014-07-23 05:19:58,899 [spark-akka.actor.default-dispatcher-3] INFO  org.apache.spark.scheduler.TaskSetManager - Starting task 1.0:6 as TID 6 on executor 13: dco-node130-mgt.dco.ethz.ch (PROCESS_LOCAL)
2014-07-23 05:19:58,908 [spark-akka.actor.default-dispatcher-3] INFO  org.apache.spark.scheduler.TaskSetManager - Serialized task 1.0:6 as 44120 bytes in 8 ms
2014-07-23 05:19:58,908 [spark-akka.actor.default-dispatcher-3] INFO  org.apache.spark.scheduler.TaskSetManager - Starting task 1.0:7 as TID 7 on executor 13: dco-node130-mgt.dco.ethz.ch (PROCESS_LOCAL)
2014-07-23 05:19:58,912 [spark-akka.actor.default-dispatcher-3] INFO  org.apache.spark.scheduler.TaskSetManager - Serialized task 1.0:7 as 44120 bytes in 4 ms
2014-07-23 05:19:58,913 [spark-akka.actor.default-dispatcher-3] INFO  org.apache.spark.scheduler.TaskSetManager - Starting task 1.0:8 as TID 8 on executor 13: dco-node130-mgt.dco.ethz.ch (PROCESS_LOCAL)
2014-07-23 05:19:58,917 [spark-akka.actor.default-dispatcher-3] INFO  org.apache.spark.scheduler.TaskSetManager - Serialized task 1.0:8 as 44120 bytes in 4 ms
2014-07-23 05:19:58,917 [spark-akka.actor.default-dispatcher-3] INFO  org.apache.spark.scheduler.TaskSetManager - Starting task 1.0:9 as TID 9 on executor 13: dco-node130-mgt.dco.ethz.ch (PROCESS_LOCAL)
2014-07-23 05:19:58,921 [spark-akka.actor.default-dispatcher-3] INFO  org.apache.spark.scheduler.TaskSetManager - Serialized task 1.0:9 as 44120 bytes in 2 ms
2014-07-23 05:19:58,921 [spark-akka.actor.default-dispatcher-3] INFO  org.apache.spark.scheduler.TaskSetManager - Starting task 1.0:10 as TID 10 on executor 13: dco-node130-mgt.dco.ethz.ch (PROCESS_LOCAL)
2014-07-23 05:19:58,924 [spark-akka.actor.default-dispatcher-3] INFO  org.apache.spark.scheduler.TaskSetManager - Serialized task 1.0:10 as 44120 bytes in 3 ms
2014-07-23 05:19:58,924 [spark-akka.actor.default-dispatcher-3] INFO  org.apache.spark.scheduler.TaskSetManager - Starting task 1.0:11 as TID 11 on executor 13: dco-node130-mgt.dco.ethz.ch (PROCESS_LOCAL)
2014-07-23 05:19:58,927 [spark-akka.actor.default-dispatcher-3] INFO  org.apache.spark.scheduler.TaskSetManager - Serialized task 1.0:11 as 44120 bytes in 3 ms
2014-07-23 05:19:58,928 [spark-akka.actor.default-dispatcher-3] INFO  org.apache.spark.scheduler.TaskSetManager - Starting task 1.0:12 as TID 12 on executor 13: dco-node130-mgt.dco.ethz.ch (PROCESS_LOCAL)
2014-07-23 05:19:58,931 [spark-akka.actor.default-dispatcher-3] INFO  org.apache.spark.scheduler.TaskSetManager - Serialized task 1.0:12 as 44120 bytes in 3 ms
2014-07-23 05:19:58,931 [spark-akka.actor.default-dispatcher-3] INFO  org.apache.spark.scheduler.TaskSetManager - Starting task 1.0:13 as TID 13 on executor 13: dco-node130-mgt.dco.ethz.ch (PROCESS_LOCAL)
2014-07-23 05:19:58,934 [spark-akka.actor.default-dispatcher-3] INFO  org.apache.spark.scheduler.TaskSetManager - Serialized task 1.0:13 as 44120 bytes in 3 ms
2014-07-23 05:19:58,935 [spark-akka.actor.default-dispatcher-3] INFO  org.apache.spark.scheduler.TaskSetManager - Starting task 1.0:14 as TID 14 on executor 13: dco-node130-mgt.dco.ethz.ch (PROCESS_LOCAL)
2014-07-23 05:19:58,938 [spark-akka.actor.default-dispatcher-3] INFO  org.apache.spark.scheduler.TaskSetManager - Serialized task 1.0:14 as 44120 bytes in 3 ms
2014-07-23 05:19:58,939 [spark-akka.actor.default-dispatcher-3] INFO  org.apache.spark.scheduler.TaskSetManager - Starting task 1.0:15 as TID 15 on executor 13: dco-node130-mgt.dco.ethz.ch (PROCESS_LOCAL)
2014-07-23 05:19:58,941 [spark-akka.actor.default-dispatcher-3] INFO  org.apache.spark.scheduler.TaskSetManager - Serialized task 1.0:15 as 44120 bytes in 2 ms
2014-07-23 05:19:59,125 [spark-akka.actor.default-dispatcher-6] INFO  org.apache.spark.storage.BlockManagerInfo - Registering block manager dco-node130-mgt.dco.ethz.ch:52789 with 40.3 GB RAM
2014-07-23 05:19:59,709 [spark-akka.actor.default-dispatcher-15] INFO  org.apache.spark.scheduler.cluster.SparkDeploySchedulerBackend - Registered executor: Actor[akka.tcp://sparkExecutor@dco-node132-mgt.dco.ethz.ch:56566/user/Executor#-845082203] with ID 5
2014-07-23 05:19:59,710 [spark-akka.actor.default-dispatcher-15] INFO  org.apache.spark.scheduler.TaskSetManager - Starting task 1.0:16 as TID 16 on executor 5: dco-node132-mgt.dco.ethz.ch (PROCESS_LOCAL)
2014-07-23 05:19:59,719 [spark-akka.actor.default-dispatcher-15] INFO  org.apache.spark.scheduler.TaskSetManager - Serialized task 1.0:16 as 44120 bytes in 9 ms
2014-07-23 05:19:59,719 [spark-akka.actor.default-dispatcher-15] INFO  org.apache.spark.scheduler.TaskSetManager - Starting task 1.0:17 as TID 17 on executor 5: dco-node132-mgt.dco.ethz.ch (PROCESS_LOCAL)
2014-07-23 05:19:59,722 [spark-akka.actor.default-dispatcher-15] INFO  org.apache.spark.scheduler.TaskSetManager - Serialized task 1.0:17 as 44120 bytes in 3 ms
2014-07-23 05:19:59,723 [spark-akka.actor.default-dispatcher-15] INFO  org.apache.spark.scheduler.TaskSetManager - Starting task 1.0:18 as TID 18 on executor 5: dco-node132-mgt.dco.ethz.ch (PROCESS_LOCAL)
2014-07-23 05:19:59,726 [spark-akka.actor.default-dispatcher-15] INFO  org.apache.spark.scheduler.TaskSetManager - Serialized task 1.0:18 as 44120 bytes in 3 ms
2014-07-23 05:19:59,727 [spark-akka.actor.default-dispatcher-15] INFO  org.apache.spark.scheduler.TaskSetManager - Starting task 1.0:19 as TID 19 on executor 5: dco-node132-mgt.dco.ethz.ch (PROCESS_LOCAL)
2014-07-23 05:19:59,730 [spark-akka.actor.default-dispatcher-15] INFO  org.apache.spark.scheduler.TaskSetManager - Serialized task 1.0:19 as 44120 bytes in 3 ms
2014-07-23 05:19:59,734 [spark-akka.actor.default-dispatcher-15] INFO  org.apache.spark.scheduler.cluster.SparkDeploySchedulerBackend - Registered executor: Actor[akka.tcp://sparkExecutor@dco-node133-mgt.dco.ethz.ch:45619/user/Executor#-520455518] with ID 7
2014-07-23 05:19:59,744 [spark-akka.actor.default-dispatcher-15] INFO  org.apache.spark.scheduler.cluster.SparkDeploySchedulerBackend - Registered executor: Actor[akka.tcp://sparkExecutor@dco-node127-mgt.dco.ethz.ch:58580/user/Executor#-146085858] with ID 8
2014-07-23 05:19:59,746 [spark-akka.actor.default-dispatcher-15] INFO  org.apache.spark.scheduler.cluster.SparkDeploySchedulerBackend - Registered executor: Actor[akka.tcp://sparkExecutor@dco-node125-mgt.dco.ethz.ch:54233/user/Executor#1940202593] with ID 1
2014-07-23 05:19:59,749 [spark-akka.actor.default-dispatcher-15] INFO  org.apache.spark.scheduler.cluster.SparkDeploySchedulerBackend - Registered executor: Actor[akka.tcp://sparkExecutor@dco-node126-mgt.dco.ethz.ch:38562/user/Executor#-116320664] with ID 15
2014-07-23 05:19:59,751 [spark-akka.actor.default-dispatcher-15] INFO  org.apache.spark.scheduler.cluster.SparkDeploySchedulerBackend - Registered executor: Actor[akka.tcp://sparkExecutor@dco-node136-mgt.dco.ethz.ch:60045/user/Executor#-314524884] with ID 14
2014-07-23 05:19:59,754 [spark-akka.actor.default-dispatcher-15] INFO  org.apache.spark.scheduler.cluster.SparkDeploySchedulerBackend - Registered executor: Actor[akka.tcp://sparkExecutor@dco-node123-mgt.dco.ethz.ch:59235/user/Executor#539255471] with ID 3
2014-07-23 05:19:59,758 [spark-akka.actor.default-dispatcher-15] INFO  org.apache.spark.scheduler.cluster.SparkDeploySchedulerBackend - Registered executor: Actor[akka.tcp://sparkExecutor@dco-node131-mgt.dco.ethz.ch:39928/user/Executor#1627103487] with ID 6
2014-07-23 05:19:59,761 [spark-akka.actor.default-dispatcher-15] INFO  org.apache.spark.scheduler.cluster.SparkDeploySchedulerBackend - Registered executor: Actor[akka.tcp://sparkExecutor@dco-node124-mgt.dco.ethz.ch:39655/user/Executor#-1975160434] with ID 2
2014-07-23 05:19:59,777 [spark-akka.actor.default-dispatcher-15] INFO  org.apache.spark.scheduler.cluster.SparkDeploySchedulerBackend - Registered executor: Actor[akka.tcp://sparkExecutor@dco-node122-mgt.dco.ethz.ch:52754/user/Executor#-833212881] with ID 4
2014-07-23 05:19:59,783 [spark-akka.actor.default-dispatcher-20] INFO  org.apache.spark.scheduler.cluster.SparkDeploySchedulerBackend - Registered executor: Actor[akka.tcp://sparkExecutor@dco-node135-mgt.dco.ethz.ch:37828/user/Executor#645227760] with ID 0
2014-07-23 05:19:59,805 [spark-akka.actor.default-dispatcher-20] INFO  org.apache.spark.scheduler.cluster.SparkDeploySchedulerBackend - Registered executor: Actor[akka.tcp://sparkExecutor@dco-node128-mgt.dco.ethz.ch:59403/user/Executor#271847604] with ID 11
2014-07-23 05:19:59,830 [spark-akka.actor.default-dispatcher-22] INFO  org.apache.spark.scheduler.cluster.SparkDeploySchedulerBackend - Registered executor: Actor[akka.tcp://sparkExecutor@dco-node121-mgt.dco.ethz.ch:40772/user/Executor#-263378513] with ID 9
2014-07-23 05:19:59,963 [spark-akka.actor.default-dispatcher-4] INFO  org.apache.spark.storage.BlockManagerInfo - Registering block manager dco-node132-mgt.dco.ethz.ch:36696 with 40.3 GB RAM
2014-07-23 05:19:59,989 [spark-akka.actor.default-dispatcher-16] INFO  org.apache.spark.storage.BlockManagerInfo - Registering block manager dco-node125-mgt.dco.ethz.ch:50975 with 40.3 GB RAM
2014-07-23 05:19:59,990 [spark-akka.actor.default-dispatcher-16] INFO  org.apache.spark.scheduler.cluster.SparkDeploySchedulerBackend - Registered executor: Actor[akka.tcp://sparkExecutor@dco-node129-mgt.dco.ethz.ch:39843/user/Executor#1620472071] with ID 10
2014-07-23 05:19:59,997 [spark-akka.actor.default-dispatcher-16] INFO  org.apache.spark.storage.BlockManagerInfo - Registering block manager dco-node133-mgt.dco.ethz.ch:37612 with 40.3 GB RAM
2014-07-23 05:20:00,005 [spark-akka.actor.default-dispatcher-16] INFO  org.apache.spark.storage.BlockManagerInfo - Registering block manager dco-node127-mgt.dco.ethz.ch:46226 with 40.3 GB RAM
2014-07-23 05:20:00,016 [spark-akka.actor.default-dispatcher-16] INFO  org.apache.spark.storage.BlockManagerInfo - Registering block manager dco-node126-mgt.dco.ethz.ch:44457 with 40.3 GB RAM
2014-07-23 05:20:00,017 [spark-akka.actor.default-dispatcher-2] INFO  org.apache.spark.storage.BlockManagerInfo - Registering block manager dco-node124-mgt.dco.ethz.ch:36061 with 40.3 GB RAM
2014-07-23 05:20:00,018 [spark-akka.actor.default-dispatcher-15] INFO  org.apache.spark.storage.BlockManagerInfo - Registering block manager dco-node123-mgt.dco.ethz.ch:44001 with 40.3 GB RAM
2014-07-23 05:20:00,025 [spark-akka.actor.default-dispatcher-22] INFO  org.apache.spark.storage.BlockManagerInfo - Registering block manager dco-node136-mgt.dco.ethz.ch:59042 with 40.3 GB RAM
2014-07-23 05:20:00,031 [spark-akka.actor.default-dispatcher-2] INFO  org.apache.spark.storage.BlockManagerInfo - Registering block manager dco-node131-mgt.dco.ethz.ch:34828 with 40.3 GB RAM
2014-07-23 05:20:00,047 [spark-akka.actor.default-dispatcher-16] INFO  org.apache.spark.storage.BlockManagerInfo - Registering block manager dco-node135-mgt.dco.ethz.ch:59049 with 40.3 GB RAM
2014-07-23 05:20:00,050 [spark-akka.actor.default-dispatcher-2] INFO  org.apache.spark.storage.BlockManagerInfo - Registering block manager dco-node122-mgt.dco.ethz.ch:49445 with 40.3 GB RAM
2014-07-23 05:20:00,074 [spark-akka.actor.default-dispatcher-22] INFO  org.apache.spark.storage.BlockManagerInfo - Registering block manager dco-node128-mgt.dco.ethz.ch:47542 with 40.3 GB RAM
2014-07-23 05:20:00,090 [spark-akka.actor.default-dispatcher-2] INFO  org.apache.spark.storage.BlockManagerInfo - Registering block manager dco-node121-mgt.dco.ethz.ch:45918 with 40.3 GB RAM
2014-07-23 05:20:00,190 [spark-akka.actor.default-dispatcher-4] INFO  org.apache.spark.scheduler.cluster.SparkDeploySchedulerBackend - Registered executor: Actor[akka.tcp://sparkExecutor@dco-node134-mgt.dco.ethz.ch:34270/user/Executor#248686443] with ID 12
2014-07-23 05:20:00,255 [spark-akka.actor.default-dispatcher-4] INFO  org.apache.spark.storage.BlockManagerInfo - Registering block manager dco-node129-mgt.dco.ethz.ch:44145 with 40.3 GB RAM
2014-07-23 05:20:00,450 [spark-akka.actor.default-dispatcher-15] INFO  org.apache.spark.storage.BlockManagerInfo - Registering block manager dco-node134-mgt.dco.ethz.ch:49491 with 40.3 GB RAM
2014-07-23 05:21:25,157 [Result resolver thread-0] INFO  org.apache.spark.scheduler.TaskSetManager - Finished TID 19 in 85423 ms on dco-node132-mgt.dco.ethz.ch (progress: 1/20)
2014-07-23 05:21:25,159 [spark-akka.actor.default-dispatcher-3] INFO  org.apache.spark.scheduler.DAGScheduler - Completed ResultTask(1, 19)
2014-07-23 05:21:25,244 [spark-akka.actor.default-dispatcher-20] INFO  org.apache.spark.scheduler.DAGScheduler - Completed ResultTask(1, 17)
2014-07-23 05:21:25,244 [Result resolver thread-1] INFO  org.apache.spark.scheduler.TaskSetManager - Finished TID 17 in 85521 ms on dco-node132-mgt.dco.ethz.ch (progress: 2/20)
2014-07-23 05:21:28,176 [spark-akka.actor.default-dispatcher-19] INFO  org.apache.spark.scheduler.DAGScheduler - Completed ResultTask(1, 16)
2014-07-23 05:21:28,176 [Result resolver thread-2] INFO  org.apache.spark.scheduler.TaskSetManager - Finished TID 16 in 88462 ms on dco-node132-mgt.dco.ethz.ch (progress: 3/20)
2014-07-23 05:21:35,718 [Result resolver thread-3] INFO  org.apache.spark.scheduler.TaskSetManager - Finished TID 18 in 95991 ms on dco-node132-mgt.dco.ethz.ch (progress: 4/20)
2014-07-23 05:21:35,718 [spark-akka.actor.default-dispatcher-22] INFO  org.apache.spark.scheduler.DAGScheduler - Completed ResultTask(1, 18)
2014-07-23 05:22:22,654 [spark-akka.actor.default-dispatcher-15] INFO  org.apache.spark.scheduler.DAGScheduler - Completed ResultTask(1, 5)
2014-07-23 05:22:22,655 [Result resolver thread-0] INFO  org.apache.spark.scheduler.TaskSetManager - Finished TID 5 in 143756 ms on dco-node130-mgt.dco.ethz.ch (progress: 5/20)
2014-07-23 05:22:31,338 [spark-akka.actor.default-dispatcher-14] INFO  org.apache.spark.scheduler.DAGScheduler - Completed ResultTask(1, 6)
2014-07-23 05:22:31,338 [Result resolver thread-1] INFO  org.apache.spark.scheduler.TaskSetManager - Finished TID 6 in 152435 ms on dco-node130-mgt.dco.ethz.ch (progress: 6/20)
2014-07-23 05:22:44,716 [spark-akka.actor.default-dispatcher-17] INFO  org.apache.spark.scheduler.DAGScheduler - Completed ResultTask(1, 13)
2014-07-23 05:22:44,716 [Result resolver thread-2] INFO  org.apache.spark.scheduler.TaskSetManager - Finished TID 13 in 165781 ms on dco-node130-mgt.dco.ethz.ch (progress: 7/20)
2014-07-23 05:22:49,238 [spark-akka.actor.default-dispatcher-18] INFO  org.apache.spark.scheduler.DAGScheduler - Completed ResultTask(1, 14)
2014-07-23 05:22:49,238 [Result resolver thread-3] INFO  org.apache.spark.scheduler.TaskSetManager - Finished TID 14 in 170299 ms on dco-node130-mgt.dco.ethz.ch (progress: 8/20)
2014-07-23 05:22:52,807 [spark-akka.actor.default-dispatcher-6] INFO  org.apache.spark.scheduler.DAGScheduler - Completed ResultTask(1, 7)
2014-07-23 05:22:52,807 [Result resolver thread-0] INFO  org.apache.spark.scheduler.TaskSetManager - Finished TID 7 in 173895 ms on dco-node130-mgt.dco.ethz.ch (progress: 9/20)
2014-07-23 05:23:03,946 [spark-akka.actor.default-dispatcher-14] INFO  org.apache.spark.scheduler.DAGScheduler - Completed ResultTask(1, 10)
2014-07-23 05:23:03,946 [Result resolver thread-1] INFO  org.apache.spark.scheduler.TaskSetManager - Finished TID 10 in 185022 ms on dco-node130-mgt.dco.ethz.ch (progress: 10/20)
2014-07-23 05:23:07,271 [spark-akka.actor.default-dispatcher-14] INFO  org.apache.spark.scheduler.DAGScheduler - Completed ResultTask(1, 15)
2014-07-23 05:23:07,271 [Result resolver thread-2] INFO  org.apache.spark.scheduler.TaskSetManager - Finished TID 15 in 188329 ms on dco-node130-mgt.dco.ethz.ch (progress: 11/20)
2014-07-23 05:23:07,489 [spark-akka.actor.default-dispatcher-2] INFO  org.apache.spark.scheduler.DAGScheduler - Completed ResultTask(1, 12)
2014-07-23 05:23:07,489 [Result resolver thread-3] INFO  org.apache.spark.scheduler.TaskSetManager - Finished TID 12 in 188558 ms on dco-node130-mgt.dco.ethz.ch (progress: 12/20)
2014-07-23 05:23:08,571 [spark-akka.actor.default-dispatcher-14] INFO  org.apache.spark.scheduler.DAGScheduler - Completed ResultTask(1, 11)
2014-07-23 05:23:08,571 [Result resolver thread-0] INFO  org.apache.spark.scheduler.TaskSetManager - Finished TID 11 in 189643 ms on dco-node130-mgt.dco.ethz.ch (progress: 13/20)
2014-07-23 05:23:08,919 [spark-akka.actor.default-dispatcher-18] INFO  org.apache.spark.scheduler.DAGScheduler - Completed ResultTask(1, 9)
2014-07-23 05:23:08,920 [Result resolver thread-1] INFO  org.apache.spark.scheduler.TaskSetManager - Finished TID 9 in 189999 ms on dco-node130-mgt.dco.ethz.ch (progress: 14/20)
2014-07-23 05:23:10,138 [spark-akka.actor.default-dispatcher-18] INFO  org.apache.spark.scheduler.DAGScheduler - Completed ResultTask(1, 8)
2014-07-23 05:23:10,138 [Result resolver thread-2] INFO  org.apache.spark.scheduler.TaskSetManager - Finished TID 8 in 191223 ms on dco-node130-mgt.dco.ethz.ch (progress: 15/20)
2014-07-23 05:23:11,445 [spark-akka.actor.default-dispatcher-5] INFO  org.apache.spark.scheduler.DAGScheduler - Completed ResultTask(1, 4)
2014-07-23 05:23:11,445 [Result resolver thread-3] INFO  org.apache.spark.scheduler.TaskSetManager - Finished TID 4 in 192554 ms on dco-node130-mgt.dco.ethz.ch (progress: 16/20)
2014-07-23 05:23:35,596 [Result resolver thread-0] INFO  org.apache.spark.scheduler.TaskSetManager - Finished TID 3 in 216709 ms on dco-node130-mgt.dco.ethz.ch (progress: 17/20)
2014-07-23 05:23:35,596 [spark-akka.actor.default-dispatcher-20] INFO  org.apache.spark.scheduler.DAGScheduler - Completed ResultTask(1, 3)
2014-07-23 05:23:46,362 [spark-akka.actor.default-dispatcher-20] INFO  org.apache.spark.scheduler.DAGScheduler - Completed ResultTask(1, 1)
2014-07-23 05:23:46,363 [Result resolver thread-1] INFO  org.apache.spark.scheduler.TaskSetManager - Finished TID 1 in 227498 ms on dco-node130-mgt.dco.ethz.ch (progress: 18/20)
2014-07-23 05:23:51,212 [spark-akka.actor.default-dispatcher-6] INFO  org.apache.spark.scheduler.DAGScheduler - Completed ResultTask(1, 0)
2014-07-23 05:23:51,212 [Result resolver thread-2] INFO  org.apache.spark.scheduler.TaskSetManager - Finished TID 0 in 232370 ms on dco-node130-mgt.dco.ethz.ch (progress: 19/20)
2014-07-23 05:23:54,203 [spark-akka.actor.default-dispatcher-15] INFO  org.apache.spark.scheduler.DAGScheduler - Completed ResultTask(1, 2)
2014-07-23 05:23:54,203 [Result resolver thread-3] INFO  org.apache.spark.scheduler.TaskSetManager - Finished TID 2 in 235326 ms on dco-node130-mgt.dco.ethz.ch (progress: 20/20)
2014-07-23 05:23:54,205 [Result resolver thread-3] INFO  org.apache.spark.scheduler.TaskSchedulerImpl - Removed TaskSet 1.0, whose tasks have all completed, from pool 
2014-07-23 05:23:54,205 [spark-akka.actor.default-dispatcher-15] INFO  org.apache.spark.scheduler.DAGScheduler - Stage 1 (foreach at RemoveInfrequentWordsApp.scala:27) finished in 605.125 s
2014-07-23 05:23:54,211 [main] INFO  org.apache.spark.SparkContext - Job finished: foreach at RemoveInfrequentWordsApp.scala:27, took 605.270482913 s
