Running on hadoop, using /opt/hadoop-2.4.0/bin/hadoop and HADOOP_CONF_DIR=
MAHOUT-JOB: /opt/mahout/examples/target/mahout-examples-1.0-SNAPSHOT-job.jar
14/07/20 00:23:39 WARN driver.MahoutDriver: No cvb.props found on classpath, will use command-line arguments only
14/07/20 00:23:39 INFO common.AbstractJob: Command line arguments: {--convergenceDelta=[0.0], --dictionary=[/cw-seqdir-sparse-lda/dictionary.file-*], --doc_topic_output=[/runs/r21/doc-topics], --doc_topic_smoothing=[1.0E-4], --endPhase=[2147483647], --input=[/cw-out-matrix/matrix], --iteration_block_size=[10], --maxIter=[1], --max_doc_topic_iters=[10], --num_reduce_tasks=[10], --num_topics=[10], --num_train_threads=[4], --num_update_threads=[4], --output=[/runs/r21/topics], --random_seed=[42], --startPhase=[0], --tempDir=[/runs/r21/cas-temp/], --term_topic_smoothing=[1.0E-4], --test_set_fraction=[0.1]}
14/07/20 00:23:39 WARN util.NativeCodeLoader: Unable to load native-hadoop library for your platform... using builtin-java classes where applicable
14/07/20 00:24:05 INFO cvb.CVB0Driver: Will run Collapsed Variational Bayes (0th-derivative approximation) learning for LDA on /cw-out-matrix/matrix (numTerms: 13914453), finding 10-topics, with document/topic prior 1.0E-4, topic/term prior 1.0E-4.  Maximum iterations to run will be 1, unless the change in perplexity is less than 0.0.  Topic model output (p(term|topic) for each topic) will be stored /runs/r21/topics.  Random initialization seed is 42, holding out 0.1 of the data for perplexity check

14/07/20 00:24:05 INFO cvb.CVB0Driver: Dictionary to be used located /cw-seqdir-sparse-lda/dictionary.file-*
p(topic|docId) will be stored /runs/r21/doc-topics

14/07/20 00:24:05 INFO cvb.CVB0Driver: Current iteration number: 0
14/07/20 00:24:05 INFO cvb.CVB0Driver: About to run iteration 1 of 1
14/07/20 00:24:05 INFO cvb.CVB0Driver: About to run: Iteration 1 of 1, input path: /runs/r21/cas-temp/topicModelState/model-0
14/07/20 00:24:05 INFO Configuration.deprecation: mapred.input.dir is deprecated. Instead, use mapreduce.input.fileinputformat.inputdir
14/07/20 00:24:05 INFO Configuration.deprecation: mapred.compress.map.output is deprecated. Instead, use mapreduce.map.output.compress
14/07/20 00:24:05 INFO Configuration.deprecation: mapred.output.dir is deprecated. Instead, use mapreduce.output.fileoutputformat.outputdir
14/07/20 00:24:05 INFO client.RMProxy: Connecting to ResourceManager at dco-node121.dco.ethz.ch/172.31.109.131:8032
14/07/20 00:24:13 INFO input.FileInputFormat: Total input paths to process : 1
14/07/20 00:24:19 INFO mapreduce.JobSubmitter: number of splits:1096
14/07/20 00:24:19 INFO mapreduce.JobSubmitter: Submitting tokens for job: job_1405807405790_0001
14/07/20 00:24:20 INFO impl.YarnClientImpl: Submitted application application_1405807405790_0001
14/07/20 00:24:20 INFO mapreduce.Job: The url to track the job: http://dco-node121.dco.ethz.ch:8088/proxy/application_1405807405790_0001/
14/07/20 00:24:20 INFO mapreduce.Job: Running job: job_1405807405790_0001
14/07/20 00:24:29 INFO mapreduce.Job: Job job_1405807405790_0001 running in uber mode : false
14/07/20 00:24:29 INFO mapreduce.Job:  map 0% reduce 0%
14/07/20 00:25:12 INFO mapreduce.Job:  map 1% reduce 0%
14/07/20 00:25:29 INFO mapreduce.Job:  map 2% reduce 0%
14/07/20 00:25:43 INFO mapreduce.Job:  map 3% reduce 0%
14/07/20 00:25:56 INFO mapreduce.Job:  map 4% reduce 0%
14/07/20 00:26:09 INFO mapreduce.Job:  map 5% reduce 0%
14/07/20 00:26:22 INFO mapreduce.Job:  map 6% reduce 0%
14/07/20 00:26:35 INFO mapreduce.Job:  map 7% reduce 0%
14/07/20 00:26:48 INFO mapreduce.Job:  map 8% reduce 0%
14/07/20 00:27:01 INFO mapreduce.Job:  map 9% reduce 0%
14/07/20 00:27:14 INFO mapreduce.Job:  map 10% reduce 0%
14/07/20 00:27:30 INFO mapreduce.Job:  map 11% reduce 0%
14/07/20 00:28:56 INFO mapreduce.Job:  map 12% reduce 0%
14/07/20 00:29:02 INFO mapreduce.Job:  map 13% reduce 0%
14/07/20 00:29:07 INFO mapreduce.Job:  map 14% reduce 0%
14/07/20 00:29:12 INFO mapreduce.Job:  map 15% reduce 0%
14/07/20 00:29:19 INFO mapreduce.Job:  map 16% reduce 0%
14/07/20 00:29:31 INFO mapreduce.Job:  map 17% reduce 0%
14/07/20 00:29:50 INFO mapreduce.Job:  map 18% reduce 0%
14/07/20 00:30:06 INFO mapreduce.Job:  map 19% reduce 0%
14/07/20 00:30:19 INFO mapreduce.Job:  map 20% reduce 0%
14/07/20 00:30:32 INFO mapreduce.Job:  map 21% reduce 0%
14/07/20 00:30:45 INFO mapreduce.Job:  map 22% reduce 0%
14/07/20 00:30:58 INFO mapreduce.Job:  map 23% reduce 0%
14/07/20 00:31:11 INFO mapreduce.Job:  map 24% reduce 0%
14/07/20 00:31:28 INFO mapreduce.Job:  map 25% reduce 0%
14/07/20 00:31:48 INFO mapreduce.Job:  map 26% reduce 0%
14/07/20 00:32:51 INFO mapreduce.Job: Task Id : attempt_1405807405790_0001_r_000000_0, Status : FAILED
Error: java.lang.IllegalArgumentException: Invalid value for mapreduce.reduce.shuffle.memory.limit.percent: 0.0
	at org.apache.hadoop.mapreduce.task.reduce.MergeManagerImpl.<init>(MergeManagerImpl.java:179)
	at org.apache.hadoop.mapreduce.task.reduce.Shuffle.createMergeManager(Shuffle.java:85)
	at org.apache.hadoop.mapreduce.task.reduce.Shuffle.init(Shuffle.java:80)
	at org.apache.hadoop.mapred.ReduceTask.run(ReduceTask.java:374)
	at org.apache.hadoop.mapred.YarnChild$2.run(YarnChild.java:167)
	at java.security.AccessController.doPrivileged(Native Method)
	at javax.security.auth.Subject.doAs(Subject.java:422)
	at org.apache.hadoop.security.UserGroupInformation.doAs(UserGroupInformation.java:1548)
	at org.apache.hadoop.mapred.YarnChild.main(YarnChild.java:162)

14/07/20 00:32:52 INFO mapreduce.Job:  map 27% reduce 0%
14/07/20 00:32:59 INFO mapreduce.Job: Task Id : attempt_1405807405790_0001_r_000001_0, Status : FAILED
Error: java.lang.IllegalArgumentException: Invalid value for mapreduce.reduce.shuffle.memory.limit.percent: 0.0
	at org.apache.hadoop.mapreduce.task.reduce.MergeManagerImpl.<init>(MergeManagerImpl.java:179)
	at org.apache.hadoop.mapreduce.task.reduce.Shuffle.createMergeManager(Shuffle.java:85)
	at org.apache.hadoop.mapreduce.task.reduce.Shuffle.init(Shuffle.java:80)
	at org.apache.hadoop.mapred.ReduceTask.run(ReduceTask.java:374)
	at org.apache.hadoop.mapred.YarnChild$2.run(YarnChild.java:167)
	at java.security.AccessController.doPrivileged(Native Method)
	at javax.security.auth.Subject.doAs(Subject.java:422)
	at org.apache.hadoop.security.UserGroupInformation.doAs(UserGroupInformation.java:1548)
	at org.apache.hadoop.mapred.YarnChild.main(YarnChild.java:162)

14/07/20 00:33:13 INFO mapreduce.Job:  map 28% reduce 0%
14/07/20 00:33:21 INFO mapreduce.Job:  map 29% reduce 0%
14/07/20 00:33:32 INFO mapreduce.Job:  map 30% reduce 0%
14/07/20 00:33:34 INFO mapreduce.Job: Task Id : attempt_1405807405790_0001_r_000000_1, Status : FAILED
Error: java.lang.IllegalArgumentException: Invalid value for mapreduce.reduce.shuffle.memory.limit.percent: 0.0
	at org.apache.hadoop.mapreduce.task.reduce.MergeManagerImpl.<init>(MergeManagerImpl.java:179)
	at org.apache.hadoop.mapreduce.task.reduce.Shuffle.createMergeManager(Shuffle.java:85)
	at org.apache.hadoop.mapreduce.task.reduce.Shuffle.init(Shuffle.java:80)
	at org.apache.hadoop.mapred.ReduceTask.run(ReduceTask.java:374)
	at org.apache.hadoop.mapred.YarnChild$2.run(YarnChild.java:167)
	at java.security.AccessController.doPrivileged(Native Method)
	at javax.security.auth.Subject.doAs(Subject.java:422)
	at org.apache.hadoop.security.UserGroupInformation.doAs(UserGroupInformation.java:1548)
	at org.apache.hadoop.mapred.YarnChild.main(YarnChild.java:162)

14/07/20 00:33:45 INFO mapreduce.Job:  map 31% reduce 0%
14/07/20 00:33:57 INFO mapreduce.Job:  map 32% reduce 0%
14/07/20 00:34:11 INFO mapreduce.Job:  map 33% reduce 0%
14/07/20 00:34:25 INFO mapreduce.Job:  map 34% reduce 0%
14/07/20 00:34:40 INFO mapreduce.Job:  map 35% reduce 0%
14/07/20 00:34:54 INFO mapreduce.Job:  map 36% reduce 0%
14/07/20 00:35:08 INFO mapreduce.Job:  map 37% reduce 0%
14/07/20 00:35:25 INFO mapreduce.Job:  map 38% reduce 0%
14/07/20 00:35:43 INFO mapreduce.Job:  map 39% reduce 0%
14/07/20 00:35:54 INFO mapreduce.Job: Task Id : attempt_1405807405790_0001_r_000001_1, Status : FAILED
Error: java.lang.IllegalArgumentException: Invalid value for mapreduce.reduce.shuffle.memory.limit.percent: 0.0
	at org.apache.hadoop.mapreduce.task.reduce.MergeManagerImpl.<init>(MergeManagerImpl.java:179)
	at org.apache.hadoop.mapreduce.task.reduce.Shuffle.createMergeManager(Shuffle.java:85)
	at org.apache.hadoop.mapreduce.task.reduce.Shuffle.init(Shuffle.java:80)
	at org.apache.hadoop.mapred.ReduceTask.run(ReduceTask.java:374)
	at org.apache.hadoop.mapred.YarnChild$2.run(YarnChild.java:167)
	at java.security.AccessController.doPrivileged(Native Method)
	at javax.security.auth.Subject.doAs(Subject.java:422)
	at org.apache.hadoop.security.UserGroupInformation.doAs(UserGroupInformation.java:1548)
	at org.apache.hadoop.mapred.YarnChild.main(YarnChild.java:162)

14/07/20 00:36:23 INFO mapreduce.Job:  map 40% reduce 0%
14/07/20 00:36:35 INFO mapreduce.Job: Task Id : attempt_1405807405790_0001_r_000002_0, Status : FAILED
Error: java.lang.IllegalArgumentException: Invalid value for mapreduce.reduce.shuffle.memory.limit.percent: 0.0
	at org.apache.hadoop.mapreduce.task.reduce.MergeManagerImpl.<init>(MergeManagerImpl.java:179)
	at org.apache.hadoop.mapreduce.task.reduce.Shuffle.createMergeManager(Shuffle.java:85)
	at org.apache.hadoop.mapreduce.task.reduce.Shuffle.init(Shuffle.java:80)
	at org.apache.hadoop.mapred.ReduceTask.run(ReduceTask.java:374)
	at org.apache.hadoop.mapred.YarnChild$2.run(YarnChild.java:167)
	at java.security.AccessController.doPrivileged(Native Method)
	at javax.security.auth.Subject.doAs(Subject.java:422)
	at org.apache.hadoop.security.UserGroupInformation.doAs(UserGroupInformation.java:1548)
	at org.apache.hadoop.mapred.YarnChild.main(YarnChild.java:162)

14/07/20 00:36:37 INFO mapreduce.Job: Task Id : attempt_1405807405790_0001_r_000000_2, Status : FAILED
Error: java.lang.IllegalArgumentException: Invalid value for mapreduce.reduce.shuffle.memory.limit.percent: 0.0
	at org.apache.hadoop.mapreduce.task.reduce.MergeManagerImpl.<init>(MergeManagerImpl.java:179)
	at org.apache.hadoop.mapreduce.task.reduce.Shuffle.createMergeManager(Shuffle.java:85)
	at org.apache.hadoop.mapreduce.task.reduce.Shuffle.init(Shuffle.java:80)
	at org.apache.hadoop.mapred.ReduceTask.run(ReduceTask.java:374)
	at org.apache.hadoop.mapred.YarnChild$2.run(YarnChild.java:167)
	at java.security.AccessController.doPrivileged(Native Method)
	at javax.security.auth.Subject.doAs(Subject.java:422)
	at org.apache.hadoop.security.UserGroupInformation.doAs(UserGroupInformation.java:1548)
	at org.apache.hadoop.mapred.YarnChild.main(YarnChild.java:162)

14/07/20 00:36:41 INFO mapreduce.Job: Task Id : attempt_1405807405790_0001_r_000001_2, Status : FAILED
Error: java.lang.IllegalArgumentException: Invalid value for mapreduce.reduce.shuffle.memory.limit.percent: 0.0
	at org.apache.hadoop.mapreduce.task.reduce.MergeManagerImpl.<init>(MergeManagerImpl.java:179)
	at org.apache.hadoop.mapreduce.task.reduce.Shuffle.createMergeManager(Shuffle.java:85)
	at org.apache.hadoop.mapreduce.task.reduce.Shuffle.init(Shuffle.java:80)
	at org.apache.hadoop.mapred.ReduceTask.run(ReduceTask.java:374)
	at org.apache.hadoop.mapred.YarnChild$2.run(YarnChild.java:167)
	at java.security.AccessController.doPrivileged(Native Method)
	at javax.security.auth.Subject.doAs(Subject.java:422)
	at org.apache.hadoop.security.UserGroupInformation.doAs(UserGroupInformation.java:1548)
	at org.apache.hadoop.mapred.YarnChild.main(YarnChild.java:162)

14/07/20 00:36:45 INFO mapreduce.Job: Task Id : attempt_1405807405790_0001_r_000003_0, Status : FAILED
Error: java.lang.IllegalArgumentException: Invalid value for mapreduce.reduce.shuffle.memory.limit.percent: 0.0
	at org.apache.hadoop.mapreduce.task.reduce.MergeManagerImpl.<init>(MergeManagerImpl.java:179)
	at org.apache.hadoop.mapreduce.task.reduce.Shuffle.createMergeManager(Shuffle.java:85)
	at org.apache.hadoop.mapreduce.task.reduce.Shuffle.init(Shuffle.java:80)
	at org.apache.hadoop.mapred.ReduceTask.run(ReduceTask.java:374)
	at org.apache.hadoop.mapred.YarnChild$2.run(YarnChild.java:167)
	at java.security.AccessController.doPrivileged(Native Method)
	at javax.security.auth.Subject.doAs(Subject.java:422)
	at org.apache.hadoop.security.UserGroupInformation.doAs(UserGroupInformation.java:1548)
	at org.apache.hadoop.mapred.YarnChild.main(YarnChild.java:162)

14/07/20 00:36:49 INFO mapreduce.Job: Task Id : attempt_1405807405790_0001_r_000002_1, Status : FAILED
Error: java.lang.IllegalArgumentException: Invalid value for mapreduce.reduce.shuffle.memory.limit.percent: 0.0
	at org.apache.hadoop.mapreduce.task.reduce.MergeManagerImpl.<init>(MergeManagerImpl.java:179)
	at org.apache.hadoop.mapreduce.task.reduce.Shuffle.createMergeManager(Shuffle.java:85)
	at org.apache.hadoop.mapreduce.task.reduce.Shuffle.init(Shuffle.java:80)
	at org.apache.hadoop.mapred.ReduceTask.run(ReduceTask.java:374)
	at org.apache.hadoop.mapred.YarnChild$2.run(YarnChild.java:167)
	at java.security.AccessController.doPrivileged(Native Method)
	at javax.security.auth.Subject.doAs(Subject.java:422)
	at org.apache.hadoop.security.UserGroupInformation.doAs(UserGroupInformation.java:1548)
	at org.apache.hadoop.mapred.YarnChild.main(YarnChild.java:162)

14/07/20 00:36:54 INFO mapreduce.Job:  map 100% reduce 100%
14/07/20 00:36:55 INFO mapreduce.Job: Job job_1405807405790_0001 failed with state FAILED due to: Task failed task_1405807405790_0001_r_000000
Job failed as tasks failed. failedMaps:0 failedReduces:1

14/07/20 00:36:55 INFO mapreduce.Job: Counters: 40
	File System Counters
		FILE: Number of bytes read=8365247563
		FILE: Number of bytes written=16632027949
		FILE: Number of read operations=0
		FILE: Number of large read operations=0
		FILE: Number of write operations=0
		HDFS: Number of bytes read=5957171922
		HDFS: Number of bytes written=0
		HDFS: Number of read operations=1420
		HDFS: Number of large read operations=0
		HDFS: Number of write operations=0
	Job Counters 
		Failed reduce tasks=10
		Killed map tasks=143
		Launched map tasks=498
		Launched reduce tasks=10
		Data-local map tasks=487
		Rack-local map tasks=11
		Total time spent by all maps in occupied slots (ms)=1175926250
		Total time spent by all reduces in occupied slots (ms)=3002156
		Total time spent by all map tasks (ms)=117592625
		Total time spent by all reduce tasks (ms)=25442
		Total vcore-seconds taken by all map tasks=117592625
		Total vcore-seconds taken by all reduce tasks=25442
		Total megabyte-seconds taken by all map tasks=1175926250000
		Total megabyte-seconds taken by all reduce tasks=3053040000
	Map-Reduce Framework
		Map input records=13196200
		Map output records=3550
		Map output bytes=8269449200
		Map output materialized bytes=8298772567
		Input split bytes=43310
		Combine input records=3550
		Combine output records=3550
		Spilled Records=7100
		Failed Shuffles=0
		Merged Map outputs=0
		GC time elapsed (ms)=5128934
		CPU time spent (ms)=111978490
		Physical memory (bytes) snapshot=1301485649920
		Virtual memory (bytes) snapshot=4544314646528
		Total committed heap usage (bytes)=1235919306752
	File Input Format Counters 
		Bytes Read=5957128612
Exception in thread "main" java.lang.InterruptedException: Failed to complete iteration 1 stage 1
	at org.apache.mahout.clustering.lda.cvb.CVB0Driver.runIteration(CVB0Driver.java:502)
	at org.apache.mahout.clustering.lda.cvb.CVB0Driver.run(CVB0Driver.java:319)
	at org.apache.mahout.clustering.lda.cvb.CVB0Driver.run(CVB0Driver.java:198)
	at org.apache.hadoop.util.ToolRunner.run(ToolRunner.java:70)
	at org.apache.mahout.clustering.lda.cvb.CVB0Driver.main(CVB0Driver.java:534)
	at sun.reflect.NativeMethodAccessorImpl.invoke0(Native Method)
	at sun.reflect.NativeMethodAccessorImpl.invoke(NativeMethodAccessorImpl.java:62)
	at sun.reflect.DelegatingMethodAccessorImpl.invoke(DelegatingMethodAccessorImpl.java:43)
	at java.lang.reflect.Method.invoke(Method.java:483)
	at org.apache.hadoop.util.ProgramDriver$ProgramDescription.invoke(ProgramDriver.java:72)
	at org.apache.hadoop.util.ProgramDriver.run(ProgramDriver.java:145)
	at org.apache.hadoop.util.ProgramDriver.driver(ProgramDriver.java:153)
	at org.apache.mahout.driver.MahoutDriver.main(MahoutDriver.java:195)
	at sun.reflect.NativeMethodAccessorImpl.invoke0(Native Method)
	at sun.reflect.NativeMethodAccessorImpl.invoke(NativeMethodAccessorImpl.java:62)
	at sun.reflect.DelegatingMethodAccessorImpl.invoke(DelegatingMethodAccessorImpl.java:43)
	at java.lang.reflect.Method.invoke(Method.java:483)
	at org.apache.hadoop.util.RunJar.main(RunJar.java:212)
