Running on hadoop, using /opt/hadoop-2.4.0/bin/hadoop and HADOOP_CONF_DIR=
MAHOUT-JOB: /opt/mahout/examples/target/mahout-examples-1.0-SNAPSHOT-job.jar
14/07/19 10:00:12 WARN driver.MahoutDriver: No cvb.props found on classpath, will use command-line arguments only
14/07/19 10:00:13 INFO common.AbstractJob: Command line arguments: {--convergenceDelta=[0.0], --dictionary=[/cw-seqdir-sparse-lda/dictionary.file-*], --doc_topic_output=[/runs/r16/doc-topics], --doc_topic_smoothing=[1.0E-4], --endPhase=[2147483647], --input=[/cw-out-matrix/matrix], --iteration_block_size=[10], --maxIter=[1], --max_doc_topic_iters=[10], --num_reduce_tasks=[60], --num_topics=[10], --num_train_threads=[4], --num_update_threads=[4], --output=[/runs/r16/topics], --random_seed=[42], --startPhase=[0], --tempDir=[/runs/r16/cas-temp/], --term_topic_smoothing=[1.0E-4], --test_set_fraction=[0.1]}
14/07/19 10:00:13 WARN util.NativeCodeLoader: Unable to load native-hadoop library for your platform... using builtin-java classes where applicable
14/07/19 10:00:34 INFO cvb.CVB0Driver: Will run Collapsed Variational Bayes (0th-derivative approximation) learning for LDA on /cw-out-matrix/matrix (numTerms: 13914453), finding 10-topics, with document/topic prior 1.0E-4, topic/term prior 1.0E-4.  Maximum iterations to run will be 1, unless the change in perplexity is less than 0.0.  Topic model output (p(term|topic) for each topic) will be stored /runs/r16/topics.  Random initialization seed is 42, holding out 0.1 of the data for perplexity check

14/07/19 10:00:34 INFO cvb.CVB0Driver: Dictionary to be used located /cw-seqdir-sparse-lda/dictionary.file-*
p(topic|docId) will be stored /runs/r16/doc-topics

14/07/19 10:00:34 INFO cvb.CVB0Driver: Current iteration number: 0
14/07/19 10:00:34 INFO cvb.CVB0Driver: About to run iteration 1 of 1
14/07/19 10:00:34 INFO cvb.CVB0Driver: About to run: Iteration 1 of 1, input path: /runs/r16/cas-temp/topicModelState/model-0
14/07/19 10:00:34 INFO Configuration.deprecation: mapred.input.dir is deprecated. Instead, use mapreduce.input.fileinputformat.inputdir
14/07/19 10:00:34 INFO Configuration.deprecation: mapred.compress.map.output is deprecated. Instead, use mapreduce.map.output.compress
14/07/19 10:00:34 INFO Configuration.deprecation: mapred.output.dir is deprecated. Instead, use mapreduce.output.fileoutputformat.outputdir
14/07/19 10:00:34 INFO client.RMProxy: Connecting to ResourceManager at dco-node121.dco.ethz.ch/172.31.109.131:8032
14/07/19 10:00:44 INFO input.FileInputFormat: Total input paths to process : 1
14/07/19 10:00:48 INFO mapreduce.JobSubmitter: number of splits:1096
14/07/19 10:00:48 INFO mapreduce.JobSubmitter: Submitting tokens for job: job_1405756751094_0001
14/07/19 10:00:49 INFO impl.YarnClientImpl: Submitted application application_1405756751094_0001
14/07/19 10:00:49 INFO mapreduce.Job: The url to track the job: http://dco-node121.dco.ethz.ch:8088/proxy/application_1405756751094_0001/
14/07/19 10:00:49 INFO mapreduce.Job: Running job: job_1405756751094_0001
14/07/19 10:00:57 INFO mapreduce.Job: Job job_1405756751094_0001 running in uber mode : false
14/07/19 10:00:57 INFO mapreduce.Job:  map 0% reduce 0%
14/07/19 10:01:41 INFO mapreduce.Job:  map 1% reduce 0%
14/07/19 10:01:57 INFO mapreduce.Job:  map 2% reduce 0%
14/07/19 10:02:10 INFO mapreduce.Job:  map 3% reduce 0%
14/07/19 10:02:24 INFO mapreduce.Job:  map 4% reduce 0%
14/07/19 10:02:37 INFO mapreduce.Job:  map 5% reduce 0%
14/07/19 10:02:50 INFO mapreduce.Job:  map 6% reduce 0%
14/07/19 10:03:02 INFO mapreduce.Job:  map 7% reduce 0%
14/07/19 10:03:15 INFO mapreduce.Job:  map 8% reduce 0%
14/07/19 10:03:28 INFO mapreduce.Job:  map 9% reduce 0%
14/07/19 10:03:42 INFO mapreduce.Job:  map 10% reduce 0%
14/07/19 10:03:59 INFO mapreduce.Job:  map 11% reduce 0%
14/07/19 10:05:23 INFO mapreduce.Job:  map 12% reduce 0%
14/07/19 10:05:30 INFO mapreduce.Job:  map 13% reduce 0%
14/07/19 10:05:36 INFO mapreduce.Job:  map 14% reduce 0%
14/07/19 10:05:41 INFO mapreduce.Job:  map 15% reduce 0%
14/07/19 10:05:45 INFO mapreduce.Job:  map 16% reduce 0%
14/07/19 10:05:57 INFO mapreduce.Job:  map 17% reduce 0%
14/07/19 10:06:17 INFO mapreduce.Job:  map 18% reduce 0%
14/07/19 10:06:34 INFO mapreduce.Job:  map 19% reduce 0%
14/07/19 10:06:48 INFO mapreduce.Job:  map 20% reduce 0%
14/07/19 10:07:04 INFO mapreduce.Job:  map 21% reduce 0%
14/07/19 10:07:19 INFO mapreduce.Job:  map 22% reduce 0%
14/07/19 10:07:35 INFO mapreduce.Job:  map 23% reduce 0%
14/07/19 10:07:51 INFO mapreduce.Job:  map 24% reduce 0%
14/07/19 10:08:06 INFO mapreduce.Job:  map 25% reduce 0%
14/07/19 10:08:27 INFO mapreduce.Job:  map 26% reduce 0%
14/07/19 10:09:38 INFO mapreduce.Job:  map 27% reduce 0%
14/07/19 10:09:51 INFO mapreduce.Job:  map 28% reduce 0%
14/07/19 10:09:59 INFO mapreduce.Job:  map 29% reduce 0%
14/07/19 10:10:10 INFO mapreduce.Job:  map 30% reduce 0%
14/07/19 10:10:21 INFO mapreduce.Job:  map 31% reduce 0%
14/07/19 10:10:36 INFO mapreduce.Job:  map 32% reduce 0%
14/07/19 10:10:52 INFO mapreduce.Job:  map 33% reduce 0%
14/07/19 10:11:07 INFO mapreduce.Job:  map 34% reduce 0%
14/07/19 10:11:24 INFO mapreduce.Job:  map 35% reduce 0%
14/07/19 10:11:41 INFO mapreduce.Job:  map 36% reduce 0%
14/07/19 10:11:58 INFO mapreduce.Job:  map 37% reduce 0%
14/07/19 10:12:20 INFO mapreduce.Job:  map 38% reduce 0%
14/07/19 10:13:08 INFO mapreduce.Job:  map 39% reduce 0%
14/07/19 10:13:44 INFO mapreduce.Job:  map 40% reduce 0%
14/07/19 10:14:00 INFO mapreduce.Job:  map 41% reduce 0%
14/07/19 10:14:10 INFO mapreduce.Job:  map 42% reduce 0%
14/07/19 10:14:21 INFO mapreduce.Job:  map 43% reduce 0%
14/07/19 10:14:38 INFO mapreduce.Job:  map 44% reduce 0%
14/07/19 10:14:56 INFO mapreduce.Job:  map 45% reduce 0%
14/07/19 10:14:57 INFO mapreduce.Job:  map 45% reduce 1%
14/07/19 10:15:19 INFO mapreduce.Job:  map 46% reduce 1%
14/07/19 10:15:42 INFO mapreduce.Job:  map 47% reduce 1%
14/07/19 10:15:58 INFO mapreduce.Job:  map 48% reduce 1%
14/07/19 10:16:20 INFO mapreduce.Job:  map 49% reduce 1%
14/07/19 10:16:44 INFO mapreduce.Job:  map 50% reduce 1%
14/07/19 10:17:38 INFO mapreduce.Job:  map 51% reduce 1%
14/07/19 10:18:10 INFO mapreduce.Job:  map 52% reduce 1%
14/07/19 10:18:24 INFO mapreduce.Job:  map 53% reduce 1%
14/07/19 10:18:38 INFO mapreduce.Job:  map 54% reduce 1%
14/07/19 10:18:51 INFO mapreduce.Job:  map 55% reduce 1%
14/07/19 10:19:08 INFO mapreduce.Job:  map 56% reduce 1%
14/07/19 10:19:31 INFO mapreduce.Job:  map 57% reduce 1%
14/07/19 10:20:05 INFO mapreduce.Job:  map 58% reduce 1%
14/07/19 10:20:44 INFO mapreduce.Job:  map 59% reduce 1%
14/07/19 10:21:15 INFO mapreduce.Job:  map 60% reduce 1%
14/07/19 10:21:35 INFO mapreduce.Job:  map 61% reduce 1%
14/07/19 10:21:50 INFO mapreduce.Job:  map 62% reduce 1%
14/07/19 10:22:07 INFO mapreduce.Job:  map 63% reduce 1%
14/07/19 10:22:30 INFO mapreduce.Job:  map 63% reduce 2%
14/07/19 10:22:34 INFO mapreduce.Job:  map 64% reduce 2%
14/07/19 10:23:05 INFO mapreduce.Job:  map 65% reduce 2%
14/07/19 10:23:27 INFO mapreduce.Job:  map 66% reduce 2%
14/07/19 10:23:48 INFO mapreduce.Job:  map 67% reduce 2%
14/07/19 10:24:17 INFO mapreduce.Job:  map 68% reduce 2%
14/07/19 10:24:52 INFO mapreduce.Job:  map 69% reduce 2%
14/07/19 10:25:08 INFO mapreduce.Job:  map 70% reduce 2%
14/07/19 10:25:39 INFO mapreduce.Job:  map 71% reduce 2%
14/07/19 10:26:04 INFO mapreduce.Job:  map 72% reduce 2%
14/07/19 10:26:30 INFO mapreduce.Job:  map 72% reduce 3%
14/07/19 10:26:31 INFO mapreduce.Job:  map 73% reduce 3%
14/07/19 10:26:46 INFO mapreduce.Job:  map 74% reduce 3%
14/07/19 10:27:06 INFO mapreduce.Job:  map 75% reduce 3%
14/07/19 10:27:24 INFO mapreduce.Job:  map 76% reduce 3%
14/07/19 10:27:43 INFO mapreduce.Job:  map 77% reduce 3%
14/07/19 10:28:13 INFO mapreduce.Job:  map 78% reduce 3%
14/07/19 10:28:53 INFO mapreduce.Job:  map 79% reduce 3%
14/07/19 10:29:15 INFO mapreduce.Job:  map 80% reduce 3%
14/07/19 10:29:38 INFO mapreduce.Job:  map 81% reduce 3%
14/07/19 10:29:55 INFO mapreduce.Job:  map 82% reduce 3%
14/07/19 10:30:14 INFO mapreduce.Job:  map 83% reduce 3%
14/07/19 10:30:38 INFO mapreduce.Job:  map 84% reduce 3%
14/07/19 10:31:07 INFO mapreduce.Job:  map 85% reduce 3%
14/07/19 10:31:31 INFO mapreduce.Job:  map 86% reduce 3%
14/07/19 10:31:49 INFO mapreduce.Job:  map 87% reduce 3%
14/07/19 10:32:06 INFO mapreduce.Job:  map 88% reduce 3%
14/07/19 10:32:24 INFO mapreduce.Job:  map 89% reduce 3%
14/07/19 10:32:55 INFO mapreduce.Job:  map 90% reduce 3%
14/07/19 10:33:39 INFO mapreduce.Job:  map 91% reduce 3%
14/07/19 10:33:53 INFO mapreduce.Job:  map 91% reduce 4%
14/07/19 10:34:00 INFO mapreduce.Job:  map 92% reduce 4%
14/07/19 10:34:20 INFO mapreduce.Job:  map 93% reduce 4%
14/07/19 10:34:34 INFO mapreduce.Job:  map 94% reduce 4%
14/07/19 10:34:51 INFO mapreduce.Job:  map 95% reduce 4%
14/07/19 10:35:10 INFO mapreduce.Job:  map 96% reduce 4%
14/07/19 10:35:37 INFO mapreduce.Job:  map 97% reduce 4%
14/07/19 10:36:13 INFO mapreduce.Job:  map 98% reduce 4%
14/07/19 10:36:55 INFO mapreduce.Job:  map 99% reduce 4%
14/07/19 10:37:21 INFO mapreduce.Job:  map 99% reduce 5%
14/07/19 10:37:46 INFO mapreduce.Job:  map 100% reduce 5%
14/07/19 10:38:21 INFO mapreduce.Job:  map 100% reduce 6%
14/07/19 10:38:33 INFO mapreduce.Job:  map 100% reduce 8%
14/07/19 10:38:34 INFO mapreduce.Job:  map 100% reduce 11%
14/07/19 10:38:38 INFO mapreduce.Job:  map 100% reduce 15%
14/07/19 10:38:39 INFO mapreduce.Job:  map 100% reduce 20%
14/07/19 10:38:43 INFO mapreduce.Job:  map 100% reduce 23%
14/07/19 10:38:44 INFO mapreduce.Job:  map 100% reduce 28%
14/07/19 10:38:48 INFO mapreduce.Job:  map 100% reduce 31%
14/07/19 10:38:49 INFO mapreduce.Job:  map 100% reduce 36%
14/07/19 10:38:53 INFO mapreduce.Job:  map 100% reduce 40%
14/07/19 10:38:54 INFO mapreduce.Job:  map 100% reduce 45%
14/07/19 10:38:58 INFO mapreduce.Job:  map 100% reduce 48%
14/07/19 10:38:59 INFO mapreduce.Job:  map 100% reduce 53%
14/07/19 10:39:03 INFO mapreduce.Job:  map 100% reduce 56%
14/07/19 10:39:04 INFO mapreduce.Job:  map 100% reduce 61%
14/07/19 10:39:08 INFO mapreduce.Job:  map 100% reduce 65%
14/07/19 10:39:09 INFO mapreduce.Job:  map 100% reduce 70%
14/07/19 10:39:13 INFO mapreduce.Job:  map 100% reduce 73%
14/07/19 10:39:14 INFO mapreduce.Job:  map 100% reduce 75%
14/07/19 10:39:18 INFO mapreduce.Job:  map 100% reduce 78%
14/07/19 10:39:24 INFO mapreduce.Job:  map 100% reduce 80%
14/07/19 10:39:26 INFO mapreduce.Job:  map 100% reduce 81%
14/07/19 10:39:28 INFO mapreduce.Job:  map 100% reduce 82%
14/07/19 10:39:29 INFO mapreduce.Job:  map 100% reduce 83%
14/07/19 10:39:51 INFO mapreduce.Job:  map 100% reduce 85%
14/07/19 10:39:56 INFO mapreduce.Job:  map 100% reduce 87%
14/07/19 10:47:05 INFO mapreduce.Job:  map 100% reduce 88%
14/07/19 10:55:17 INFO mapreduce.Job: Task Id : attempt_1405756751094_0001_r_000001_1, Status : FAILED
Error: org.apache.hadoop.mapreduce.task.reduce.Shuffle$ShuffleError: error in shuffle in fetcher#3
	at org.apache.hadoop.mapreduce.task.reduce.Shuffle.run(Shuffle.java:134)
	at org.apache.hadoop.mapred.ReduceTask.run(ReduceTask.java:376)
	at org.apache.hadoop.mapred.YarnChild$2.run(YarnChild.java:167)
	at java.security.AccessController.doPrivileged(Native Method)
	at javax.security.auth.Subject.doAs(Subject.java:422)
	at org.apache.hadoop.security.UserGroupInformation.doAs(UserGroupInformation.java:1548)
	at org.apache.hadoop.mapred.YarnChild.main(YarnChild.java:162)
Caused by: java.lang.OutOfMemoryError: Java heap space
	at org.apache.hadoop.io.BoundedByteArrayOutputStream.<init>(BoundedByteArrayOutputStream.java:56)
	at org.apache.hadoop.io.BoundedByteArrayOutputStream.<init>(BoundedByteArrayOutputStream.java:46)
	at org.apache.hadoop.mapreduce.task.reduce.InMemoryMapOutput.<init>(InMemoryMapOutput.java:63)
	at org.apache.hadoop.mapreduce.task.reduce.MergeManagerImpl.unconditionalReserve(MergeManagerImpl.java:297)
	at org.apache.hadoop.mapreduce.task.reduce.MergeManagerImpl.reserve(MergeManagerImpl.java:287)
	at org.apache.hadoop.mapreduce.task.reduce.Fetcher.copyMapOutput(Fetcher.java:411)
	at org.apache.hadoop.mapreduce.task.reduce.Fetcher.copyFromHost(Fetcher.java:341)
	at org.apache.hadoop.mapreduce.task.reduce.Fetcher.run(Fetcher.java:165)

14/07/19 10:57:24 INFO mapreduce.Job:  map 100% reduce 89%
