Spark assembly has been built with Hive, including Datanucleus jars on classpath
Java HotSpot(TM) 64-Bit Server VM warning: ignoring option MaxPermSize=128m; support was removed in 8.0
=====================================
Remove Infrequent Words Configuration
-------------------------------------
maxWordCount=2147483647, minWordCount=15000, output=hdfs://dco-node121.dco.ethz.ch:54310/cw-combined-pruned-15000, inputCombined=hdfs://dco-node121.dco.ethz.ch:54310/cw-combined-pruned-5000, inputWordcount=hdfs://dco-node121.dco.ethz.ch:54310/cw-wordcount/wordcounts.txt
=====================================
2014-07-23 05:26:47,642 [main] WARN  org.apache.spark.SparkConf - 
SPARK_JAVA_OPTS was detected (set to '-Xms4g -Xmx70g  -Dspark.akka.frameSize=2000').
This is deprecated in Spark 1.0+.

Please instead use:
 - ./spark-submit with conf/spark-defaults.conf to set defaults for an application
 - ./spark-submit with --driver-java-options to set -X options for a driver
 - spark.executor.extraJavaOptions to set -X options for executors
 - SPARK_DAEMON_JAVA_OPTS to set java options for standalone daemons (master or worker)
        
2014-07-23 05:26:47,644 [main] WARN  org.apache.spark.SparkConf - Setting 'spark.executor.extraJavaOptions' to '-Xms4g -Xmx70g  -Dspark.akka.frameSize=2000' as a work-around.
2014-07-23 05:26:47,644 [main] WARN  org.apache.spark.SparkConf - Setting 'spark.driver.extraJavaOptions' to '-Xms4g -Xmx70g  -Dspark.akka.frameSize=2000' as a work-around.
2014-07-23 05:26:47,699 [main] INFO  org.apache.spark.SecurityManager - Changing view acls to: root
2014-07-23 05:26:47,700 [main] INFO  org.apache.spark.SecurityManager - SecurityManager: authentication disabled; ui acls disabled; users with view permissions: Set(root)
2014-07-23 05:26:48,166 [spark-akka.actor.default-dispatcher-3] INFO  akka.event.slf4j.Slf4jLogger - Slf4jLogger started
2014-07-23 05:26:48,225 [spark-akka.actor.default-dispatcher-5] INFO  Remoting - Starting remoting
2014-07-23 05:26:48,405 [spark-akka.actor.default-dispatcher-2] INFO  Remoting - Remoting started; listening on addresses :[akka.tcp://spark@dco-node121-mgt.dco.ethz.ch:60640]
2014-07-23 05:26:48,409 [spark-akka.actor.default-dispatcher-5] INFO  Remoting - Remoting now listens on addresses: [akka.tcp://spark@dco-node121-mgt.dco.ethz.ch:60640]
2014-07-23 05:26:48,439 [main] INFO  org.apache.spark.SparkEnv - Registering MapOutputTracker
2014-07-23 05:26:48,442 [main] INFO  org.apache.spark.SparkEnv - Registering BlockManagerMaster
2014-07-23 05:26:48,458 [main] INFO  org.apache.spark.storage.DiskBlockManager - Created local directory at /tmp/spark-local-20140723052648-543e
2014-07-23 05:26:48,463 [main] INFO  org.apache.spark.storage.MemoryStore - MemoryStore started with capacity 40.3 GB.
2014-07-23 05:26:48,492 [main] INFO  org.apache.spark.network.ConnectionManager - Bound socket to port 46902 with id = ConnectionManagerId(dco-node121-mgt.dco.ethz.ch,46902)
2014-07-23 05:26:48,497 [main] INFO  org.apache.spark.storage.BlockManagerMaster - Trying to register BlockManager
2014-07-23 05:26:48,500 [spark-akka.actor.default-dispatcher-4] INFO  org.apache.spark.storage.BlockManagerInfo - Registering block manager dco-node121-mgt.dco.ethz.ch:46902 with 40.3 GB RAM
2014-07-23 05:26:48,502 [main] INFO  org.apache.spark.storage.BlockManagerMaster - Registered BlockManager
2014-07-23 05:26:48,518 [main] INFO  org.apache.spark.HttpServer - Starting HTTP Server
2014-07-23 05:26:48,576 [main] INFO  org.eclipse.jetty.server.Server - jetty-8.y.z-SNAPSHOT
2014-07-23 05:26:48,596 [main] INFO  org.eclipse.jetty.server.AbstractConnector - Started SocketConnector@0.0.0.0:47606
2014-07-23 05:26:48,596 [main] INFO  org.apache.spark.broadcast.HttpBroadcast - Broadcast server started at http://172.31.109.131:47606
2014-07-23 05:26:48,603 [main] INFO  org.apache.spark.HttpFileServer - HTTP File server directory is /tmp/spark-3a140ad4-a2ec-4883-b07a-e0e41028aa11
2014-07-23 05:26:48,603 [main] INFO  org.apache.spark.HttpServer - Starting HTTP Server
2014-07-23 05:26:48,604 [main] INFO  org.eclipse.jetty.server.Server - jetty-8.y.z-SNAPSHOT
2014-07-23 05:26:48,607 [main] INFO  org.eclipse.jetty.server.AbstractConnector - Started SocketConnector@0.0.0.0:42342
2014-07-23 05:26:48,957 [main] INFO  org.eclipse.jetty.server.Server - jetty-8.y.z-SNAPSHOT
2014-07-23 05:26:48,969 [main] WARN  org.eclipse.jetty.util.component.AbstractLifeCycle - FAILED SelectChannelConnector@0.0.0.0:4040: java.net.BindException: Address already in use
java.net.BindException: Address already in use
	at sun.nio.ch.Net.bind0(Native Method)
	at sun.nio.ch.Net.bind(Net.java:414)
	at sun.nio.ch.Net.bind(Net.java:406)
	at sun.nio.ch.ServerSocketChannelImpl.bind(ServerSocketChannelImpl.java:214)
	at sun.nio.ch.ServerSocketAdaptor.bind(ServerSocketAdaptor.java:74)
	at org.eclipse.jetty.server.nio.SelectChannelConnector.open(SelectChannelConnector.java:187)
	at org.eclipse.jetty.server.AbstractConnector.doStart(AbstractConnector.java:316)
	at org.eclipse.jetty.server.nio.SelectChannelConnector.doStart(SelectChannelConnector.java:265)
	at org.eclipse.jetty.util.component.AbstractLifeCycle.start(AbstractLifeCycle.java:64)
	at org.eclipse.jetty.server.Server.doStart(Server.java:293)
	at org.eclipse.jetty.util.component.AbstractLifeCycle.start(AbstractLifeCycle.java:64)
	at org.apache.spark.ui.JettyUtils$$anonfun$1.apply$mcV$sp(JettyUtils.scala:192)
	at org.apache.spark.ui.JettyUtils$$anonfun$1.apply(JettyUtils.scala:192)
	at org.apache.spark.ui.JettyUtils$$anonfun$1.apply(JettyUtils.scala:192)
	at scala.util.Try$.apply(Try.scala:161)
	at org.apache.spark.ui.JettyUtils$.connect$1(JettyUtils.scala:191)
	at org.apache.spark.ui.JettyUtils$.startJettyServer(JettyUtils.scala:205)
	at org.apache.spark.ui.WebUI.bind(WebUI.scala:99)
	at org.apache.spark.SparkContext.<init>(SparkContext.scala:223)
	at RemoveInfrequentWordsApp$.createSparkContext(RemoveInfrequentWordsApp.scala:99)
	at RemoveInfrequentWordsApp$.main(RemoveInfrequentWordsApp.scala:15)
	at RemoveInfrequentWordsApp.main(RemoveInfrequentWordsApp.scala)
	at sun.reflect.NativeMethodAccessorImpl.invoke0(Native Method)
	at sun.reflect.NativeMethodAccessorImpl.invoke(NativeMethodAccessorImpl.java:62)
	at sun.reflect.DelegatingMethodAccessorImpl.invoke(DelegatingMethodAccessorImpl.java:43)
	at java.lang.reflect.Method.invoke(Method.java:483)
	at org.apache.spark.deploy.SparkSubmit$.launch(SparkSubmit.scala:292)
	at org.apache.spark.deploy.SparkSubmit$.main(SparkSubmit.scala:55)
	at org.apache.spark.deploy.SparkSubmit.main(SparkSubmit.scala)
2014-07-23 05:26:48,974 [main] WARN  org.eclipse.jetty.util.component.AbstractLifeCycle - FAILED org.eclipse.jetty.server.Server@10ded6a9: java.net.BindException: Address already in use
java.net.BindException: Address already in use
	at sun.nio.ch.Net.bind0(Native Method)
	at sun.nio.ch.Net.bind(Net.java:414)
	at sun.nio.ch.Net.bind(Net.java:406)
	at sun.nio.ch.ServerSocketChannelImpl.bind(ServerSocketChannelImpl.java:214)
	at sun.nio.ch.ServerSocketAdaptor.bind(ServerSocketAdaptor.java:74)
	at org.eclipse.jetty.server.nio.SelectChannelConnector.open(SelectChannelConnector.java:187)
	at org.eclipse.jetty.server.AbstractConnector.doStart(AbstractConnector.java:316)
	at org.eclipse.jetty.server.nio.SelectChannelConnector.doStart(SelectChannelConnector.java:265)
	at org.eclipse.jetty.util.component.AbstractLifeCycle.start(AbstractLifeCycle.java:64)
	at org.eclipse.jetty.server.Server.doStart(Server.java:293)
	at org.eclipse.jetty.util.component.AbstractLifeCycle.start(AbstractLifeCycle.java:64)
	at org.apache.spark.ui.JettyUtils$$anonfun$1.apply$mcV$sp(JettyUtils.scala:192)
	at org.apache.spark.ui.JettyUtils$$anonfun$1.apply(JettyUtils.scala:192)
	at org.apache.spark.ui.JettyUtils$$anonfun$1.apply(JettyUtils.scala:192)
	at scala.util.Try$.apply(Try.scala:161)
	at org.apache.spark.ui.JettyUtils$.connect$1(JettyUtils.scala:191)
	at org.apache.spark.ui.JettyUtils$.startJettyServer(JettyUtils.scala:205)
	at org.apache.spark.ui.WebUI.bind(WebUI.scala:99)
	at org.apache.spark.SparkContext.<init>(SparkContext.scala:223)
	at RemoveInfrequentWordsApp$.createSparkContext(RemoveInfrequentWordsApp.scala:99)
	at RemoveInfrequentWordsApp$.main(RemoveInfrequentWordsApp.scala:15)
	at RemoveInfrequentWordsApp.main(RemoveInfrequentWordsApp.scala)
	at sun.reflect.NativeMethodAccessorImpl.invoke0(Native Method)
	at sun.reflect.NativeMethodAccessorImpl.invoke(NativeMethodAccessorImpl.java:62)
	at sun.reflect.DelegatingMethodAccessorImpl.invoke(DelegatingMethodAccessorImpl.java:43)
	at java.lang.reflect.Method.invoke(Method.java:483)
	at org.apache.spark.deploy.SparkSubmit$.launch(SparkSubmit.scala:292)
	at org.apache.spark.deploy.SparkSubmit$.main(SparkSubmit.scala:55)
	at org.apache.spark.deploy.SparkSubmit.main(SparkSubmit.scala)
2014-07-23 05:26:48,978 [main] INFO  org.eclipse.jetty.server.handler.ContextHandler - stopped o.e.j.s.ServletContextHandler{/metrics/json,null}
2014-07-23 05:26:48,979 [main] INFO  org.eclipse.jetty.server.handler.ContextHandler - stopped o.e.j.s.ServletContextHandler{/stages/stage/kill,null}
2014-07-23 05:26:48,979 [main] INFO  org.eclipse.jetty.server.handler.ContextHandler - stopped o.e.j.s.ServletContextHandler{/,null}
2014-07-23 05:26:48,979 [main] INFO  org.eclipse.jetty.server.handler.ContextHandler - stopped o.e.j.s.ServletContextHandler{/static,null}
2014-07-23 05:26:48,979 [main] INFO  org.eclipse.jetty.server.handler.ContextHandler - stopped o.e.j.s.ServletContextHandler{/executors/json,null}
2014-07-23 05:26:48,980 [main] INFO  org.eclipse.jetty.server.handler.ContextHandler - stopped o.e.j.s.ServletContextHandler{/executors,null}
2014-07-23 05:26:48,980 [main] INFO  org.eclipse.jetty.server.handler.ContextHandler - stopped o.e.j.s.ServletContextHandler{/environment/json,null}
2014-07-23 05:26:48,980 [main] INFO  org.eclipse.jetty.server.handler.ContextHandler - stopped o.e.j.s.ServletContextHandler{/environment,null}
2014-07-23 05:26:48,981 [main] INFO  org.eclipse.jetty.server.handler.ContextHandler - stopped o.e.j.s.ServletContextHandler{/storage/rdd/json,null}
2014-07-23 05:26:48,981 [main] INFO  org.eclipse.jetty.server.handler.ContextHandler - stopped o.e.j.s.ServletContextHandler{/storage/rdd,null}
2014-07-23 05:26:48,981 [main] INFO  org.eclipse.jetty.server.handler.ContextHandler - stopped o.e.j.s.ServletContextHandler{/storage/json,null}
2014-07-23 05:26:48,982 [main] INFO  org.eclipse.jetty.server.handler.ContextHandler - stopped o.e.j.s.ServletContextHandler{/storage,null}
2014-07-23 05:26:48,982 [main] INFO  org.eclipse.jetty.server.handler.ContextHandler - stopped o.e.j.s.ServletContextHandler{/stages/pool/json,null}
2014-07-23 05:26:48,982 [main] INFO  org.eclipse.jetty.server.handler.ContextHandler - stopped o.e.j.s.ServletContextHandler{/stages/pool,null}
2014-07-23 05:26:48,982 [main] INFO  org.eclipse.jetty.server.handler.ContextHandler - stopped o.e.j.s.ServletContextHandler{/stages/stage/json,null}
2014-07-23 05:26:48,982 [main] INFO  org.eclipse.jetty.server.handler.ContextHandler - stopped o.e.j.s.ServletContextHandler{/stages/stage,null}
2014-07-23 05:26:48,983 [main] INFO  org.eclipse.jetty.server.handler.ContextHandler - stopped o.e.j.s.ServletContextHandler{/stages/json,null}
2014-07-23 05:26:48,983 [main] INFO  org.eclipse.jetty.server.handler.ContextHandler - stopped o.e.j.s.ServletContextHandler{/stages,null}
2014-07-23 05:26:49,037 [main] INFO  org.apache.spark.ui.JettyUtils - Failed to create UI at port, 4040. Trying again.
2014-07-23 05:26:49,038 [main] INFO  org.apache.spark.ui.JettyUtils - Error was: Failure(java.net.BindException: Address already in use)
2014-07-23 05:26:49,041 [main] INFO  org.eclipse.jetty.server.Server - jetty-8.y.z-SNAPSHOT
2014-07-23 05:26:49,060 [main] INFO  org.eclipse.jetty.server.AbstractConnector - Started SelectChannelConnector@0.0.0.0:4041
2014-07-23 05:26:49,070 [main] INFO  org.apache.spark.ui.SparkUI - Started SparkUI at http://dco-node121-mgt.dco.ethz.ch:4041
2014-07-23 05:26:49,293 [main] WARN  org.apache.hadoop.util.NativeCodeLoader - Unable to load native-hadoop library for your platform... using builtin-java classes where applicable
2014-07-23 05:26:49,978 [main] INFO  org.apache.spark.scheduler.EventLoggingListener - Logging events to hdfs://dco-node121.dco.ethz.ch:54310/spark_event_log/remove-infrequent-words-1406086009388
2014-07-23 05:26:50,208 [main] INFO  org.apache.spark.SparkContext - Added JAR file:/disk3/user_work/runs/remove_infrequent_words7/run.jar at http://172.31.109.131:42342/jars/run.jar with timestamp 1406086010207
2014-07-23 05:26:50,277 [spark-akka.actor.default-dispatcher-4] INFO  org.apache.spark.deploy.client.AppClient$ClientActor - Connecting to master spark://dco-node121.dco.ethz.ch:7077...
2014-07-23 05:26:50,545 [main] INFO  org.apache.spark.storage.MemoryStore - ensureFreeSpace(231905) called with curMem=0, maxMem=43218213273
2014-07-23 05:26:50,548 [main] INFO  org.apache.spark.storage.MemoryStore - Block broadcast_0 stored as values to memory (estimated size 226.5 KB, free 40.2 GB)
2014-07-23 05:26:50,625 [spark-akka.actor.default-dispatcher-4] INFO  org.apache.spark.scheduler.cluster.SparkDeploySchedulerBackend - Connected to Spark cluster with app ID app-20140723052650-0008
2014-07-23 05:26:50,822 [main] INFO  org.apache.hadoop.mapred.FileInputFormat - Total input paths to process : 1
2014-07-23 05:26:50,869 [main] INFO  org.apache.hadoop.net.NetworkTopology - Adding a new node: /default-rack/172.31.109.133:50010
2014-07-23 05:26:50,870 [main] INFO  org.apache.hadoop.net.NetworkTopology - Adding a new node: /default-rack/172.31.109.135:50010
2014-07-23 05:26:50,870 [main] INFO  org.apache.hadoop.net.NetworkTopology - Adding a new node: /default-rack/172.31.109.146:50010
2014-07-23 05:26:50,870 [main] INFO  org.apache.hadoop.net.NetworkTopology - Adding a new node: /default-rack/172.31.109.139:50010
2014-07-23 05:26:50,870 [main] INFO  org.apache.hadoop.net.NetworkTopology - Adding a new node: /default-rack/172.31.109.142:50010
2014-07-23 05:26:50,878 [main] INFO  org.apache.spark.SparkContext - Starting job: take at RemoveInfrequentWordsApp.scala:46
2014-07-23 05:26:50,892 [spark-akka.actor.default-dispatcher-3] INFO  org.apache.spark.scheduler.DAGScheduler - Got job 0 (take at RemoveInfrequentWordsApp.scala:46) with 1 output partitions (allowLocal=true)
2014-07-23 05:26:50,893 [spark-akka.actor.default-dispatcher-3] INFO  org.apache.spark.scheduler.DAGScheduler - Final stage: Stage 0(take at RemoveInfrequentWordsApp.scala:46)
2014-07-23 05:26:50,893 [spark-akka.actor.default-dispatcher-3] INFO  org.apache.spark.scheduler.DAGScheduler - Parents of final stage: List()
2014-07-23 05:26:50,911 [spark-akka.actor.default-dispatcher-3] INFO  org.apache.spark.scheduler.DAGScheduler - Missing parents: List()
2014-07-23 05:26:50,912 [spark-akka.actor.default-dispatcher-3] INFO  org.apache.spark.scheduler.DAGScheduler - Computing the requested partition locally
2014-07-23 05:26:50,921 [Local computation of job 0] INFO  org.apache.spark.rdd.HadoopRDD - Input split: hdfs://dco-node121.dco.ethz.ch:54310/cw-wordcount/wordcounts.txt:0+16777216
2014-07-23 05:26:50,926 [Local computation of job 0] INFO  org.apache.hadoop.conf.Configuration.deprecation - mapred.tip.id is deprecated. Instead, use mapreduce.task.id
2014-07-23 05:26:50,926 [Local computation of job 0] INFO  org.apache.hadoop.conf.Configuration.deprecation - mapred.task.id is deprecated. Instead, use mapreduce.task.attempt.id
2014-07-23 05:26:50,927 [Local computation of job 0] INFO  org.apache.hadoop.conf.Configuration.deprecation - mapred.task.is.map is deprecated. Instead, use mapreduce.task.ismap
2014-07-23 05:26:50,927 [Local computation of job 0] INFO  org.apache.hadoop.conf.Configuration.deprecation - mapred.task.partition is deprecated. Instead, use mapreduce.task.partition
2014-07-23 05:26:50,927 [Local computation of job 0] INFO  org.apache.hadoop.conf.Configuration.deprecation - mapred.job.id is deprecated. Instead, use mapreduce.job.id
2014-07-23 05:26:51,030 [main] INFO  org.apache.spark.SparkContext - Job finished: take at RemoveInfrequentWordsApp.scala:46, took 0.151571892 s
2014-07-23 05:26:51,345 [main] INFO  org.apache.spark.SparkContext - Starting job: foreach at RemoveInfrequentWordsApp.scala:27
2014-07-23 05:26:51,347 [spark-akka.actor.default-dispatcher-3] INFO  org.apache.spark.scheduler.DAGScheduler - Got job 1 (foreach at RemoveInfrequentWordsApp.scala:27) with 20 output partitions (allowLocal=false)
2014-07-23 05:26:51,347 [spark-akka.actor.default-dispatcher-3] INFO  org.apache.spark.scheduler.DAGScheduler - Final stage: Stage 1(foreach at RemoveInfrequentWordsApp.scala:27)
2014-07-23 05:26:51,347 [spark-akka.actor.default-dispatcher-3] INFO  org.apache.spark.scheduler.DAGScheduler - Parents of final stage: List()
2014-07-23 05:26:51,349 [spark-akka.actor.default-dispatcher-3] INFO  org.apache.spark.scheduler.DAGScheduler - Missing parents: List()
2014-07-23 05:26:51,354 [spark-akka.actor.default-dispatcher-3] INFO  org.apache.spark.scheduler.DAGScheduler - Submitting Stage 1 (ParallelCollectionRDD[2] at parallelize at RemoveInfrequentWordsApp.scala:27), which has no missing parents
2014-07-23 05:26:51,500 [spark-akka.actor.default-dispatcher-3] INFO  org.apache.spark.scheduler.DAGScheduler - Submitting 20 missing tasks from Stage 1 (ParallelCollectionRDD[2] at parallelize at RemoveInfrequentWordsApp.scala:27)
2014-07-23 05:26:51,502 [spark-akka.actor.default-dispatcher-3] INFO  org.apache.spark.scheduler.TaskSchedulerImpl - Adding task set 1.0 with 20 tasks
2014-07-23 05:27:06,511 [Timer-0] WARN  org.apache.spark.scheduler.TaskSchedulerImpl - Initial job has not accepted any resources; check your cluster UI to ensure that workers are registered and have sufficient memory
2014-07-23 05:27:21,510 [Timer-0] WARN  org.apache.spark.scheduler.TaskSchedulerImpl - Initial job has not accepted any resources; check your cluster UI to ensure that workers are registered and have sufficient memory
2014-07-23 05:27:36,510 [Timer-0] WARN  org.apache.spark.scheduler.TaskSchedulerImpl - Initial job has not accepted any resources; check your cluster UI to ensure that workers are registered and have sufficient memory
2014-07-23 05:27:51,510 [Timer-0] WARN  org.apache.spark.scheduler.TaskSchedulerImpl - Initial job has not accepted any resources; check your cluster UI to ensure that workers are registered and have sufficient memory
2014-07-23 05:27:55,167 [spark-akka.actor.default-dispatcher-2] INFO  org.apache.spark.deploy.client.AppClient$ClientActor - Executor added: app-20140723052650-0008/0 on worker-20140722232232-dco-node135-mgt.dco.ethz.ch-56045 (dco-node135-mgt.dco.ethz.ch:56045) with 16 cores
2014-07-23 05:27:55,169 [spark-akka.actor.default-dispatcher-2] INFO  org.apache.spark.scheduler.cluster.SparkDeploySchedulerBackend - Granted executor ID app-20140723052650-0008/0 on hostPort dco-node135-mgt.dco.ethz.ch:56045 with 16 cores, 70.0 GB RAM
2014-07-23 05:27:55,169 [spark-akka.actor.default-dispatcher-2] INFO  org.apache.spark.deploy.client.AppClient$ClientActor - Executor added: app-20140723052650-0008/1 on worker-20140722232232-dco-node125-mgt.dco.ethz.ch-41556 (dco-node125-mgt.dco.ethz.ch:41556) with 16 cores
2014-07-23 05:27:55,170 [spark-akka.actor.default-dispatcher-2] INFO  org.apache.spark.scheduler.cluster.SparkDeploySchedulerBackend - Granted executor ID app-20140723052650-0008/1 on hostPort dco-node125-mgt.dco.ethz.ch:41556 with 16 cores, 70.0 GB RAM
2014-07-23 05:27:55,170 [spark-akka.actor.default-dispatcher-2] INFO  org.apache.spark.deploy.client.AppClient$ClientActor - Executor added: app-20140723052650-0008/2 on worker-20140722232232-dco-node124-mgt.dco.ethz.ch-46656 (dco-node124-mgt.dco.ethz.ch:46656) with 16 cores
2014-07-23 05:27:55,171 [spark-akka.actor.default-dispatcher-2] INFO  org.apache.spark.scheduler.cluster.SparkDeploySchedulerBackend - Granted executor ID app-20140723052650-0008/2 on hostPort dco-node124-mgt.dco.ethz.ch:46656 with 16 cores, 70.0 GB RAM
2014-07-23 05:27:55,174 [spark-akka.actor.default-dispatcher-2] INFO  org.apache.spark.deploy.client.AppClient$ClientActor - Executor added: app-20140723052650-0008/3 on worker-20140722232232-dco-node123-mgt.dco.ethz.ch-52179 (dco-node123-mgt.dco.ethz.ch:52179) with 16 cores
2014-07-23 05:27:55,175 [spark-akka.actor.default-dispatcher-2] INFO  org.apache.spark.scheduler.cluster.SparkDeploySchedulerBackend - Granted executor ID app-20140723052650-0008/3 on hostPort dco-node123-mgt.dco.ethz.ch:52179 with 16 cores, 70.0 GB RAM
2014-07-23 05:27:55,175 [spark-akka.actor.default-dispatcher-2] INFO  org.apache.spark.deploy.client.AppClient$ClientActor - Executor added: app-20140723052650-0008/4 on worker-20140722232232-dco-node122-mgt.dco.ethz.ch-51038 (dco-node122-mgt.dco.ethz.ch:51038) with 16 cores
2014-07-23 05:27:55,176 [spark-akka.actor.default-dispatcher-2] INFO  org.apache.spark.scheduler.cluster.SparkDeploySchedulerBackend - Granted executor ID app-20140723052650-0008/4 on hostPort dco-node122-mgt.dco.ethz.ch:51038 with 16 cores, 70.0 GB RAM
2014-07-23 05:27:55,176 [spark-akka.actor.default-dispatcher-2] INFO  org.apache.spark.deploy.client.AppClient$ClientActor - Executor added: app-20140723052650-0008/5 on worker-20140722232232-dco-node132-mgt.dco.ethz.ch-45072 (dco-node132-mgt.dco.ethz.ch:45072) with 16 cores
2014-07-23 05:27:55,178 [spark-akka.actor.default-dispatcher-2] INFO  org.apache.spark.scheduler.cluster.SparkDeploySchedulerBackend - Granted executor ID app-20140723052650-0008/5 on hostPort dco-node132-mgt.dco.ethz.ch:45072 with 16 cores, 70.0 GB RAM
2014-07-23 05:27:55,179 [spark-akka.actor.default-dispatcher-2] INFO  org.apache.spark.deploy.client.AppClient$ClientActor - Executor added: app-20140723052650-0008/6 on worker-20140722232232-dco-node131-mgt.dco.ethz.ch-50734 (dco-node131-mgt.dco.ethz.ch:50734) with 16 cores
2014-07-23 05:27:55,180 [spark-akka.actor.default-dispatcher-2] INFO  org.apache.spark.scheduler.cluster.SparkDeploySchedulerBackend - Granted executor ID app-20140723052650-0008/6 on hostPort dco-node131-mgt.dco.ethz.ch:50734 with 16 cores, 70.0 GB RAM
2014-07-23 05:27:55,180 [spark-akka.actor.default-dispatcher-2] INFO  org.apache.spark.deploy.client.AppClient$ClientActor - Executor added: app-20140723052650-0008/7 on worker-20140722232232-dco-node133-mgt.dco.ethz.ch-44156 (dco-node133-mgt.dco.ethz.ch:44156) with 16 cores
2014-07-23 05:27:55,181 [spark-akka.actor.default-dispatcher-2] INFO  org.apache.spark.scheduler.cluster.SparkDeploySchedulerBackend - Granted executor ID app-20140723052650-0008/7 on hostPort dco-node133-mgt.dco.ethz.ch:44156 with 16 cores, 70.0 GB RAM
2014-07-23 05:27:55,181 [spark-akka.actor.default-dispatcher-2] INFO  org.apache.spark.deploy.client.AppClient$ClientActor - Executor added: app-20140723052650-0008/8 on worker-20140722232232-dco-node127-mgt.dco.ethz.ch-60499 (dco-node127-mgt.dco.ethz.ch:60499) with 16 cores
2014-07-23 05:27:55,182 [spark-akka.actor.default-dispatcher-2] INFO  org.apache.spark.scheduler.cluster.SparkDeploySchedulerBackend - Granted executor ID app-20140723052650-0008/8 on hostPort dco-node127-mgt.dco.ethz.ch:60499 with 16 cores, 70.0 GB RAM
2014-07-23 05:27:55,182 [spark-akka.actor.default-dispatcher-2] INFO  org.apache.spark.deploy.client.AppClient$ClientActor - Executor added: app-20140723052650-0008/9 on worker-20140722232232-dco-node121-mgt.dco.ethz.ch-45820 (dco-node121-mgt.dco.ethz.ch:45820) with 16 cores
2014-07-23 05:27:55,183 [spark-akka.actor.default-dispatcher-2] INFO  org.apache.spark.scheduler.cluster.SparkDeploySchedulerBackend - Granted executor ID app-20140723052650-0008/9 on hostPort dco-node121-mgt.dco.ethz.ch:45820 with 16 cores, 70.0 GB RAM
2014-07-23 05:27:55,184 [spark-akka.actor.default-dispatcher-2] INFO  org.apache.spark.deploy.client.AppClient$ClientActor - Executor added: app-20140723052650-0008/10 on worker-20140722232232-dco-node129-mgt.dco.ethz.ch-37573 (dco-node129-mgt.dco.ethz.ch:37573) with 16 cores
2014-07-23 05:27:55,184 [spark-akka.actor.default-dispatcher-2] INFO  org.apache.spark.scheduler.cluster.SparkDeploySchedulerBackend - Granted executor ID app-20140723052650-0008/10 on hostPort dco-node129-mgt.dco.ethz.ch:37573 with 16 cores, 70.0 GB RAM
2014-07-23 05:27:55,185 [spark-akka.actor.default-dispatcher-2] INFO  org.apache.spark.deploy.client.AppClient$ClientActor - Executor added: app-20140723052650-0008/11 on worker-20140722232232-dco-node128-mgt.dco.ethz.ch-58779 (dco-node128-mgt.dco.ethz.ch:58779) with 16 cores
2014-07-23 05:27:55,185 [spark-akka.actor.default-dispatcher-2] INFO  org.apache.spark.scheduler.cluster.SparkDeploySchedulerBackend - Granted executor ID app-20140723052650-0008/11 on hostPort dco-node128-mgt.dco.ethz.ch:58779 with 16 cores, 70.0 GB RAM
2014-07-23 05:27:55,186 [spark-akka.actor.default-dispatcher-2] INFO  org.apache.spark.deploy.client.AppClient$ClientActor - Executor added: app-20140723052650-0008/12 on worker-20140722232232-dco-node134-mgt.dco.ethz.ch-42367 (dco-node134-mgt.dco.ethz.ch:42367) with 16 cores
2014-07-23 05:27:55,187 [spark-akka.actor.default-dispatcher-2] INFO  org.apache.spark.scheduler.cluster.SparkDeploySchedulerBackend - Granted executor ID app-20140723052650-0008/12 on hostPort dco-node134-mgt.dco.ethz.ch:42367 with 16 cores, 70.0 GB RAM
2014-07-23 05:27:55,187 [spark-akka.actor.default-dispatcher-2] INFO  org.apache.spark.deploy.client.AppClient$ClientActor - Executor added: app-20140723052650-0008/13 on worker-20140722232231-dco-node130-mgt.dco.ethz.ch-56551 (dco-node130-mgt.dco.ethz.ch:56551) with 16 cores
2014-07-23 05:27:55,188 [spark-akka.actor.default-dispatcher-2] INFO  org.apache.spark.scheduler.cluster.SparkDeploySchedulerBackend - Granted executor ID app-20140723052650-0008/13 on hostPort dco-node130-mgt.dco.ethz.ch:56551 with 16 cores, 70.0 GB RAM
2014-07-23 05:27:55,188 [spark-akka.actor.default-dispatcher-2] INFO  org.apache.spark.deploy.client.AppClient$ClientActor - Executor added: app-20140723052650-0008/14 on worker-20140722232232-dco-node136-mgt.dco.ethz.ch-34960 (dco-node136-mgt.dco.ethz.ch:34960) with 16 cores
2014-07-23 05:27:55,189 [spark-akka.actor.default-dispatcher-2] INFO  org.apache.spark.scheduler.cluster.SparkDeploySchedulerBackend - Granted executor ID app-20140723052650-0008/14 on hostPort dco-node136-mgt.dco.ethz.ch:34960 with 16 cores, 70.0 GB RAM
2014-07-23 05:27:55,190 [spark-akka.actor.default-dispatcher-2] INFO  org.apache.spark.deploy.client.AppClient$ClientActor - Executor added: app-20140723052650-0008/15 on worker-20140722232232-dco-node126-mgt.dco.ethz.ch-38949 (dco-node126-mgt.dco.ethz.ch:38949) with 16 cores
2014-07-23 05:27:55,191 [spark-akka.actor.default-dispatcher-2] INFO  org.apache.spark.scheduler.cluster.SparkDeploySchedulerBackend - Granted executor ID app-20140723052650-0008/15 on hostPort dco-node126-mgt.dco.ethz.ch:38949 with 16 cores, 70.0 GB RAM
2014-07-23 05:27:55,203 [spark-akka.actor.default-dispatcher-2] INFO  org.apache.spark.deploy.client.AppClient$ClientActor - Executor updated: app-20140723052650-0008/2 is now RUNNING
2014-07-23 05:27:55,203 [spark-akka.actor.default-dispatcher-2] INFO  org.apache.spark.deploy.client.AppClient$ClientActor - Executor updated: app-20140723052650-0008/4 is now RUNNING
2014-07-23 05:27:55,206 [spark-akka.actor.default-dispatcher-2] INFO  org.apache.spark.deploy.client.AppClient$ClientActor - Executor updated: app-20140723052650-0008/0 is now RUNNING
2014-07-23 05:27:55,208 [spark-akka.actor.default-dispatcher-2] INFO  org.apache.spark.deploy.client.AppClient$ClientActor - Executor updated: app-20140723052650-0008/5 is now RUNNING
2014-07-23 05:27:55,211 [spark-akka.actor.default-dispatcher-2] INFO  org.apache.spark.deploy.client.AppClient$ClientActor - Executor updated: app-20140723052650-0008/6 is now RUNNING
2014-07-23 05:27:55,213 [spark-akka.actor.default-dispatcher-2] INFO  org.apache.spark.deploy.client.AppClient$ClientActor - Executor updated: app-20140723052650-0008/1 is now RUNNING
2014-07-23 05:27:55,215 [spark-akka.actor.default-dispatcher-2] INFO  org.apache.spark.deploy.client.AppClient$ClientActor - Executor updated: app-20140723052650-0008/11 is now RUNNING
2014-07-23 05:27:55,218 [spark-akka.actor.default-dispatcher-2] INFO  org.apache.spark.deploy.client.AppClient$ClientActor - Executor updated: app-20140723052650-0008/7 is now RUNNING
2014-07-23 05:27:55,220 [spark-akka.actor.default-dispatcher-2] INFO  org.apache.spark.deploy.client.AppClient$ClientActor - Executor updated: app-20140723052650-0008/8 is now RUNNING
2014-07-23 05:27:55,222 [spark-akka.actor.default-dispatcher-2] INFO  org.apache.spark.deploy.client.AppClient$ClientActor - Executor updated: app-20140723052650-0008/10 is now RUNNING
2014-07-23 05:27:55,223 [spark-akka.actor.default-dispatcher-2] INFO  org.apache.spark.deploy.client.AppClient$ClientActor - Executor updated: app-20140723052650-0008/13 is now RUNNING
2014-07-23 05:27:55,225 [spark-akka.actor.default-dispatcher-2] INFO  org.apache.spark.deploy.client.AppClient$ClientActor - Executor updated: app-20140723052650-0008/3 is now RUNNING
2014-07-23 05:27:55,227 [spark-akka.actor.default-dispatcher-2] INFO  org.apache.spark.deploy.client.AppClient$ClientActor - Executor updated: app-20140723052650-0008/12 is now RUNNING
2014-07-23 05:27:55,228 [spark-akka.actor.default-dispatcher-2] INFO  org.apache.spark.deploy.client.AppClient$ClientActor - Executor updated: app-20140723052650-0008/15 is now RUNNING
2014-07-23 05:27:55,229 [spark-akka.actor.default-dispatcher-2] INFO  org.apache.spark.deploy.client.AppClient$ClientActor - Executor updated: app-20140723052650-0008/9 is now RUNNING
2014-07-23 05:27:55,232 [spark-akka.actor.default-dispatcher-14] INFO  org.apache.spark.deploy.client.AppClient$ClientActor - Executor updated: app-20140723052650-0008/14 is now RUNNING
2014-07-23 05:27:57,299 [spark-akka.actor.default-dispatcher-3] INFO  org.apache.spark.scheduler.cluster.SparkDeploySchedulerBackend - Registered executor: Actor[akka.tcp://sparkExecutor@dco-node130-mgt.dco.ethz.ch:40534/user/Executor#-474529380] with ID 13
2014-07-23 05:27:57,309 [spark-akka.actor.default-dispatcher-3] INFO  org.apache.spark.scheduler.TaskSetManager - Starting task 1.0:0 as TID 0 on executor 13: dco-node130-mgt.dco.ethz.ch (PROCESS_LOCAL)
2014-07-23 05:27:57,322 [spark-akka.actor.default-dispatcher-3] INFO  org.apache.spark.scheduler.TaskSetManager - Serialized task 1.0:0 as 66616 bytes in 12 ms
2014-07-23 05:27:57,325 [spark-akka.actor.default-dispatcher-3] INFO  org.apache.spark.scheduler.TaskSetManager - Starting task 1.0:1 as TID 1 on executor 13: dco-node130-mgt.dco.ethz.ch (PROCESS_LOCAL)
2014-07-23 05:27:57,332 [spark-akka.actor.default-dispatcher-3] INFO  org.apache.spark.scheduler.TaskSetManager - Serialized task 1.0:1 as 66616 bytes in 7 ms
2014-07-23 05:27:57,332 [spark-akka.actor.default-dispatcher-3] INFO  org.apache.spark.scheduler.TaskSetManager - Starting task 1.0:2 as TID 2 on executor 13: dco-node130-mgt.dco.ethz.ch (PROCESS_LOCAL)
2014-07-23 05:27:57,339 [spark-akka.actor.default-dispatcher-3] INFO  org.apache.spark.scheduler.TaskSetManager - Serialized task 1.0:2 as 66616 bytes in 6 ms
2014-07-23 05:27:57,340 [spark-akka.actor.default-dispatcher-3] INFO  org.apache.spark.scheduler.TaskSetManager - Starting task 1.0:3 as TID 3 on executor 13: dco-node130-mgt.dco.ethz.ch (PROCESS_LOCAL)
2014-07-23 05:27:57,346 [spark-akka.actor.default-dispatcher-3] INFO  org.apache.spark.scheduler.TaskSetManager - Serialized task 1.0:3 as 66616 bytes in 5 ms
2014-07-23 05:27:57,346 [spark-akka.actor.default-dispatcher-3] INFO  org.apache.spark.scheduler.TaskSetManager - Starting task 1.0:4 as TID 4 on executor 13: dco-node130-mgt.dco.ethz.ch (PROCESS_LOCAL)
2014-07-23 05:27:57,351 [spark-akka.actor.default-dispatcher-3] INFO  org.apache.spark.scheduler.TaskSetManager - Serialized task 1.0:4 as 66616 bytes in 5 ms
2014-07-23 05:27:57,351 [spark-akka.actor.default-dispatcher-3] INFO  org.apache.spark.scheduler.TaskSetManager - Starting task 1.0:5 as TID 5 on executor 13: dco-node130-mgt.dco.ethz.ch (PROCESS_LOCAL)
2014-07-23 05:27:57,355 [spark-akka.actor.default-dispatcher-3] INFO  org.apache.spark.scheduler.TaskSetManager - Serialized task 1.0:5 as 66616 bytes in 4 ms
2014-07-23 05:27:57,355 [spark-akka.actor.default-dispatcher-3] INFO  org.apache.spark.scheduler.TaskSetManager - Starting task 1.0:6 as TID 6 on executor 13: dco-node130-mgt.dco.ethz.ch (PROCESS_LOCAL)
2014-07-23 05:27:57,359 [spark-akka.actor.default-dispatcher-3] INFO  org.apache.spark.scheduler.TaskSetManager - Serialized task 1.0:6 as 66616 bytes in 4 ms
2014-07-23 05:27:57,360 [spark-akka.actor.default-dispatcher-3] INFO  org.apache.spark.scheduler.TaskSetManager - Starting task 1.0:7 as TID 7 on executor 13: dco-node130-mgt.dco.ethz.ch (PROCESS_LOCAL)
2014-07-23 05:27:57,364 [spark-akka.actor.default-dispatcher-3] INFO  org.apache.spark.scheduler.TaskSetManager - Serialized task 1.0:7 as 66616 bytes in 4 ms
2014-07-23 05:27:57,364 [spark-akka.actor.default-dispatcher-3] INFO  org.apache.spark.scheduler.TaskSetManager - Starting task 1.0:8 as TID 8 on executor 13: dco-node130-mgt.dco.ethz.ch (PROCESS_LOCAL)
2014-07-23 05:27:57,369 [spark-akka.actor.default-dispatcher-3] INFO  org.apache.spark.scheduler.TaskSetManager - Serialized task 1.0:8 as 66616 bytes in 5 ms
2014-07-23 05:27:57,370 [spark-akka.actor.default-dispatcher-3] INFO  org.apache.spark.scheduler.TaskSetManager - Starting task 1.0:9 as TID 9 on executor 13: dco-node130-mgt.dco.ethz.ch (PROCESS_LOCAL)
2014-07-23 05:27:57,374 [spark-akka.actor.default-dispatcher-3] INFO  org.apache.spark.scheduler.TaskSetManager - Serialized task 1.0:9 as 66616 bytes in 4 ms
2014-07-23 05:27:57,375 [spark-akka.actor.default-dispatcher-3] INFO  org.apache.spark.scheduler.TaskSetManager - Starting task 1.0:10 as TID 10 on executor 13: dco-node130-mgt.dco.ethz.ch (PROCESS_LOCAL)
2014-07-23 05:27:57,379 [spark-akka.actor.default-dispatcher-3] INFO  org.apache.spark.scheduler.TaskSetManager - Serialized task 1.0:10 as 66616 bytes in 4 ms
2014-07-23 05:27:57,380 [spark-akka.actor.default-dispatcher-3] INFO  org.apache.spark.scheduler.TaskSetManager - Starting task 1.0:11 as TID 11 on executor 13: dco-node130-mgt.dco.ethz.ch (PROCESS_LOCAL)
2014-07-23 05:27:57,384 [spark-akka.actor.default-dispatcher-3] INFO  org.apache.spark.scheduler.TaskSetManager - Serialized task 1.0:11 as 66616 bytes in 4 ms
2014-07-23 05:27:57,384 [spark-akka.actor.default-dispatcher-3] INFO  org.apache.spark.scheduler.TaskSetManager - Starting task 1.0:12 as TID 12 on executor 13: dco-node130-mgt.dco.ethz.ch (PROCESS_LOCAL)
2014-07-23 05:27:57,388 [spark-akka.actor.default-dispatcher-3] INFO  org.apache.spark.scheduler.TaskSetManager - Serialized task 1.0:12 as 66616 bytes in 3 ms
2014-07-23 05:27:57,388 [spark-akka.actor.default-dispatcher-3] INFO  org.apache.spark.scheduler.TaskSetManager - Starting task 1.0:13 as TID 13 on executor 13: dco-node130-mgt.dco.ethz.ch (PROCESS_LOCAL)
2014-07-23 05:27:57,392 [spark-akka.actor.default-dispatcher-3] INFO  org.apache.spark.scheduler.TaskSetManager - Serialized task 1.0:13 as 66616 bytes in 3 ms
2014-07-23 05:27:57,392 [spark-akka.actor.default-dispatcher-3] INFO  org.apache.spark.scheduler.TaskSetManager - Starting task 1.0:14 as TID 14 on executor 13: dco-node130-mgt.dco.ethz.ch (PROCESS_LOCAL)
2014-07-23 05:27:57,395 [spark-akka.actor.default-dispatcher-3] INFO  org.apache.spark.scheduler.TaskSetManager - Serialized task 1.0:14 as 66616 bytes in 3 ms
2014-07-23 05:27:57,396 [spark-akka.actor.default-dispatcher-3] INFO  org.apache.spark.scheduler.TaskSetManager - Starting task 1.0:15 as TID 15 on executor 13: dco-node130-mgt.dco.ethz.ch (PROCESS_LOCAL)
2014-07-23 05:27:57,399 [spark-akka.actor.default-dispatcher-3] INFO  org.apache.spark.scheduler.TaskSetManager - Serialized task 1.0:15 as 66616 bytes in 3 ms
2014-07-23 05:27:57,568 [spark-akka.actor.default-dispatcher-14] INFO  org.apache.spark.storage.BlockManagerInfo - Registering block manager dco-node130-mgt.dco.ethz.ch:55292 with 40.3 GB RAM
2014-07-23 05:27:58,191 [spark-akka.actor.default-dispatcher-3] INFO  org.apache.spark.scheduler.cluster.SparkDeploySchedulerBackend - Registered executor: Actor[akka.tcp://sparkExecutor@dco-node125-mgt.dco.ethz.ch:34579/user/Executor#-1447699638] with ID 1
2014-07-23 05:27:58,193 [spark-akka.actor.default-dispatcher-3] INFO  org.apache.spark.scheduler.TaskSetManager - Starting task 1.0:16 as TID 16 on executor 1: dco-node125-mgt.dco.ethz.ch (PROCESS_LOCAL)
2014-07-23 05:27:58,199 [spark-akka.actor.default-dispatcher-3] INFO  org.apache.spark.scheduler.TaskSetManager - Serialized task 1.0:16 as 66616 bytes in 5 ms
2014-07-23 05:27:58,199 [spark-akka.actor.default-dispatcher-3] INFO  org.apache.spark.scheduler.TaskSetManager - Starting task 1.0:17 as TID 17 on executor 1: dco-node125-mgt.dco.ethz.ch (PROCESS_LOCAL)
2014-07-23 05:27:58,202 [spark-akka.actor.default-dispatcher-3] INFO  org.apache.spark.scheduler.TaskSetManager - Serialized task 1.0:17 as 66616 bytes in 3 ms
2014-07-23 05:27:58,203 [spark-akka.actor.default-dispatcher-3] INFO  org.apache.spark.scheduler.TaskSetManager - Starting task 1.0:18 as TID 18 on executor 1: dco-node125-mgt.dco.ethz.ch (PROCESS_LOCAL)
2014-07-23 05:27:58,206 [spark-akka.actor.default-dispatcher-3] INFO  org.apache.spark.scheduler.TaskSetManager - Serialized task 1.0:18 as 66616 bytes in 3 ms
2014-07-23 05:27:58,206 [spark-akka.actor.default-dispatcher-3] INFO  org.apache.spark.scheduler.TaskSetManager - Starting task 1.0:19 as TID 19 on executor 1: dco-node125-mgt.dco.ethz.ch (PROCESS_LOCAL)
2014-07-23 05:27:58,210 [spark-akka.actor.default-dispatcher-3] INFO  org.apache.spark.scheduler.TaskSetManager - Serialized task 1.0:19 as 66616 bytes in 4 ms
2014-07-23 05:27:58,215 [spark-akka.actor.default-dispatcher-3] INFO  org.apache.spark.scheduler.cluster.SparkDeploySchedulerBackend - Registered executor: Actor[akka.tcp://sparkExecutor@dco-node121-mgt.dco.ethz.ch:59035/user/Executor#162326229] with ID 9
2014-07-23 05:27:58,216 [spark-akka.actor.default-dispatcher-3] INFO  org.apache.spark.scheduler.cluster.SparkDeploySchedulerBackend - Registered executor: Actor[akka.tcp://sparkExecutor@dco-node127-mgt.dco.ethz.ch:50496/user/Executor#-502425473] with ID 8
2014-07-23 05:27:58,226 [spark-akka.actor.default-dispatcher-3] INFO  org.apache.spark.scheduler.cluster.SparkDeploySchedulerBackend - Registered executor: Actor[akka.tcp://sparkExecutor@dco-node126-mgt.dco.ethz.ch:34479/user/Executor#-514471872] with ID 15
2014-07-23 05:27:58,232 [spark-akka.actor.default-dispatcher-14] INFO  org.apache.spark.scheduler.cluster.SparkDeploySchedulerBackend - Registered executor: Actor[akka.tcp://sparkExecutor@dco-node122-mgt.dco.ethz.ch:44273/user/Executor#-889092907] with ID 4
2014-07-23 05:27:58,235 [spark-akka.actor.default-dispatcher-14] INFO  org.apache.spark.scheduler.cluster.SparkDeploySchedulerBackend - Registered executor: Actor[akka.tcp://sparkExecutor@dco-node133-mgt.dco.ethz.ch:50526/user/Executor#-1694742005] with ID 7
2014-07-23 05:27:58,238 [spark-akka.actor.default-dispatcher-14] INFO  org.apache.spark.scheduler.cluster.SparkDeploySchedulerBackend - Registered executor: Actor[akka.tcp://sparkExecutor@dco-node131-mgt.dco.ethz.ch:57712/user/Executor#-165055499] with ID 6
2014-07-23 05:27:58,240 [spark-akka.actor.default-dispatcher-14] INFO  org.apache.spark.scheduler.cluster.SparkDeploySchedulerBackend - Registered executor: Actor[akka.tcp://sparkExecutor@dco-node129-mgt.dco.ethz.ch:57190/user/Executor#-1325616294] with ID 10
2014-07-23 05:27:58,263 [spark-akka.actor.default-dispatcher-14] INFO  org.apache.spark.scheduler.cluster.SparkDeploySchedulerBackend - Registered executor: Actor[akka.tcp://sparkExecutor@dco-node132-mgt.dco.ethz.ch:48616/user/Executor#783621964] with ID 5
2014-07-23 05:27:58,269 [spark-akka.actor.default-dispatcher-14] INFO  org.apache.spark.scheduler.cluster.SparkDeploySchedulerBackend - Registered executor: Actor[akka.tcp://sparkExecutor@dco-node135-mgt.dco.ethz.ch:45813/user/Executor#-825632091] with ID 0
2014-07-23 05:27:58,277 [spark-akka.actor.default-dispatcher-23] INFO  org.apache.spark.scheduler.cluster.SparkDeploySchedulerBackend - Registered executor: Actor[akka.tcp://sparkExecutor@dco-node136-mgt.dco.ethz.ch:50514/user/Executor#1011926923] with ID 14
2014-07-23 05:27:58,286 [spark-akka.actor.default-dispatcher-22] INFO  org.apache.spark.scheduler.cluster.SparkDeploySchedulerBackend - Registered executor: Actor[akka.tcp://sparkExecutor@dco-node124-mgt.dco.ethz.ch:59275/user/Executor#341210808] with ID 2
2014-07-23 05:27:58,293 [spark-akka.actor.default-dispatcher-23] INFO  org.apache.spark.scheduler.cluster.SparkDeploySchedulerBackend - Registered executor: Actor[akka.tcp://sparkExecutor@dco-node128-mgt.dco.ethz.ch:41125/user/Executor#249200167] with ID 11
2014-07-23 05:27:58,330 [spark-akka.actor.default-dispatcher-14] INFO  org.apache.spark.scheduler.cluster.SparkDeploySchedulerBackend - Registered executor: Actor[akka.tcp://sparkExecutor@dco-node123-mgt.dco.ethz.ch:34835/user/Executor#-237018386] with ID 3
2014-07-23 05:27:58,372 [spark-akka.actor.default-dispatcher-22] INFO  org.apache.spark.scheduler.cluster.SparkDeploySchedulerBackend - Registered executor: Actor[akka.tcp://sparkExecutor@dco-node134-mgt.dco.ethz.ch:58630/user/Executor#1135622649] with ID 12
2014-07-23 05:27:58,464 [spark-akka.actor.default-dispatcher-24] INFO  org.apache.spark.storage.BlockManagerInfo - Registering block manager dco-node125-mgt.dco.ethz.ch:50387 with 40.3 GB RAM
2014-07-23 05:27:58,468 [spark-akka.actor.default-dispatcher-15] INFO  org.apache.spark.storage.BlockManagerInfo - Registering block manager dco-node127-mgt.dco.ethz.ch:53159 with 40.3 GB RAM
2014-07-23 05:27:58,484 [spark-akka.actor.default-dispatcher-2] INFO  org.apache.spark.storage.BlockManagerInfo - Registering block manager dco-node126-mgt.dco.ethz.ch:53432 with 40.3 GB RAM
2014-07-23 05:27:58,489 [spark-akka.actor.default-dispatcher-2] INFO  org.apache.spark.storage.BlockManagerInfo - Registering block manager dco-node133-mgt.dco.ethz.ch:35913 with 40.3 GB RAM
2014-07-23 05:27:58,497 [spark-akka.actor.default-dispatcher-2] INFO  org.apache.spark.storage.BlockManagerInfo - Registering block manager dco-node122-mgt.dco.ethz.ch:53335 with 40.3 GB RAM
2014-07-23 05:27:58,501 [spark-akka.actor.default-dispatcher-14] INFO  org.apache.spark.storage.BlockManagerInfo - Registering block manager dco-node121-mgt.dco.ethz.ch:41095 with 40.3 GB RAM
2014-07-23 05:27:58,502 [spark-akka.actor.default-dispatcher-14] INFO  org.apache.spark.storage.BlockManagerInfo - Registering block manager dco-node131-mgt.dco.ethz.ch:43433 with 40.3 GB RAM
2014-07-23 05:27:58,509 [spark-akka.actor.default-dispatcher-17] INFO  org.apache.spark.storage.BlockManagerInfo - Registering block manager dco-node129-mgt.dco.ethz.ch:52658 with 40.3 GB RAM
2014-07-23 05:27:58,528 [spark-akka.actor.default-dispatcher-24] INFO  org.apache.spark.storage.BlockManagerInfo - Registering block manager dco-node132-mgt.dco.ethz.ch:53582 with 40.3 GB RAM
2014-07-23 05:27:58,533 [spark-akka.actor.default-dispatcher-2] INFO  org.apache.spark.storage.BlockManagerInfo - Registering block manager dco-node135-mgt.dco.ethz.ch:48018 with 40.3 GB RAM
2014-07-23 05:27:58,534 [spark-akka.actor.default-dispatcher-14] INFO  org.apache.spark.storage.BlockManagerInfo - Registering block manager dco-node136-mgt.dco.ethz.ch:55421 with 40.3 GB RAM
2014-07-23 05:27:58,551 [spark-akka.actor.default-dispatcher-24] INFO  org.apache.spark.storage.BlockManagerInfo - Registering block manager dco-node128-mgt.dco.ethz.ch:34612 with 40.3 GB RAM
2014-07-23 05:27:58,551 [spark-akka.actor.default-dispatcher-24] INFO  org.apache.spark.storage.BlockManagerInfo - Registering block manager dco-node124-mgt.dco.ethz.ch:39273 with 40.3 GB RAM
2014-07-23 05:27:58,597 [spark-akka.actor.default-dispatcher-15] INFO  org.apache.spark.storage.BlockManagerInfo - Registering block manager dco-node123-mgt.dco.ethz.ch:49749 with 40.3 GB RAM
2014-07-23 05:27:58,631 [spark-akka.actor.default-dispatcher-4] INFO  org.apache.spark.storage.BlockManagerInfo - Registering block manager dco-node134-mgt.dco.ethz.ch:40855 with 40.3 GB RAM
2014-07-23 05:29:31,855 [Result resolver thread-0] INFO  org.apache.spark.scheduler.TaskSetManager - Finished TID 16 in 93657 ms on dco-node125-mgt.dco.ethz.ch (progress: 1/20)
2014-07-23 05:29:31,857 [spark-akka.actor.default-dispatcher-17] INFO  org.apache.spark.scheduler.DAGScheduler - Completed ResultTask(1, 16)
2014-07-23 05:29:32,483 [spark-akka.actor.default-dispatcher-4] INFO  org.apache.spark.scheduler.DAGScheduler - Completed ResultTask(1, 17)
2014-07-23 05:29:32,483 [Result resolver thread-1] INFO  org.apache.spark.scheduler.TaskSetManager - Finished TID 17 in 94280 ms on dco-node125-mgt.dco.ethz.ch (progress: 2/20)
2014-07-23 05:29:36,197 [spark-akka.actor.default-dispatcher-18] INFO  org.apache.spark.scheduler.DAGScheduler - Completed ResultTask(1, 19)
2014-07-23 05:29:36,197 [Result resolver thread-2] INFO  org.apache.spark.scheduler.TaskSetManager - Finished TID 19 in 97987 ms on dco-node125-mgt.dco.ethz.ch (progress: 3/20)
2014-07-23 05:29:46,670 [spark-akka.actor.default-dispatcher-24] INFO  org.apache.spark.scheduler.DAGScheduler - Completed ResultTask(1, 18)
2014-07-23 05:29:46,670 [Result resolver thread-3] INFO  org.apache.spark.scheduler.TaskSetManager - Finished TID 18 in 108464 ms on dco-node125-mgt.dco.ethz.ch (progress: 4/20)
2014-07-23 05:30:10,171 [spark-akka.actor.default-dispatcher-14] INFO  org.apache.spark.scheduler.DAGScheduler - Completed ResultTask(1, 6)
2014-07-23 05:30:10,171 [Result resolver thread-0] INFO  org.apache.spark.scheduler.TaskSetManager - Finished TID 6 in 132812 ms on dco-node130-mgt.dco.ethz.ch (progress: 5/20)
2014-07-23 05:30:14,831 [spark-akka.actor.default-dispatcher-14] INFO  org.apache.spark.scheduler.DAGScheduler - Completed ResultTask(1, 5)
2014-07-23 05:30:14,831 [Result resolver thread-1] INFO  org.apache.spark.scheduler.TaskSetManager - Finished TID 5 in 137475 ms on dco-node130-mgt.dco.ethz.ch (progress: 6/20)
2014-07-23 05:30:34,148 [spark-akka.actor.default-dispatcher-24] INFO  org.apache.spark.scheduler.DAGScheduler - Completed ResultTask(1, 14)
2014-07-23 05:30:34,148 [Result resolver thread-2] INFO  org.apache.spark.scheduler.TaskSetManager - Finished TID 14 in 156752 ms on dco-node130-mgt.dco.ethz.ch (progress: 7/20)
2014-07-23 05:30:34,684 [spark-akka.actor.default-dispatcher-21] INFO  org.apache.spark.scheduler.DAGScheduler - Completed ResultTask(1, 13)
2014-07-23 05:30:34,684 [Result resolver thread-3] INFO  org.apache.spark.scheduler.TaskSetManager - Finished TID 13 in 157292 ms on dco-node130-mgt.dco.ethz.ch (progress: 8/20)
2014-07-23 05:30:47,130 [spark-akka.actor.default-dispatcher-22] INFO  org.apache.spark.scheduler.DAGScheduler - Completed ResultTask(1, 7)
2014-07-23 05:30:47,130 [Result resolver thread-0] INFO  org.apache.spark.scheduler.TaskSetManager - Finished TID 7 in 169768 ms on dco-node130-mgt.dco.ethz.ch (progress: 9/20)
2014-07-23 05:30:54,568 [spark-akka.actor.default-dispatcher-22] INFO  org.apache.spark.scheduler.DAGScheduler - Completed ResultTask(1, 10)
2014-07-23 05:30:54,568 [Result resolver thread-1] INFO  org.apache.spark.scheduler.TaskSetManager - Finished TID 10 in 177190 ms on dco-node130-mgt.dco.ethz.ch (progress: 10/20)
2014-07-23 05:30:56,369 [spark-akka.actor.default-dispatcher-3] INFO  org.apache.spark.scheduler.DAGScheduler - Completed ResultTask(1, 12)
2014-07-23 05:30:56,370 [Result resolver thread-2] INFO  org.apache.spark.scheduler.TaskSetManager - Finished TID 12 in 178982 ms on dco-node130-mgt.dco.ethz.ch (progress: 11/20)
2014-07-23 05:31:00,249 [spark-akka.actor.default-dispatcher-17] INFO  org.apache.spark.scheduler.DAGScheduler - Completed ResultTask(1, 15)
2014-07-23 05:31:00,249 [Result resolver thread-3] INFO  org.apache.spark.scheduler.TaskSetManager - Finished TID 15 in 182850 ms on dco-node130-mgt.dco.ethz.ch (progress: 12/20)
2014-07-23 05:31:00,643 [spark-akka.actor.default-dispatcher-5] INFO  org.apache.spark.scheduler.DAGScheduler - Completed ResultTask(1, 11)
2014-07-23 05:31:00,644 [Result resolver thread-0] INFO  org.apache.spark.scheduler.TaskSetManager - Finished TID 11 in 183260 ms on dco-node130-mgt.dco.ethz.ch (progress: 13/20)
2014-07-23 05:31:03,386 [spark-akka.actor.default-dispatcher-18] INFO  org.apache.spark.scheduler.DAGScheduler - Completed ResultTask(1, 8)
2014-07-23 05:31:03,386 [Result resolver thread-1] INFO  org.apache.spark.scheduler.TaskSetManager - Finished TID 8 in 186018 ms on dco-node130-mgt.dco.ethz.ch (progress: 14/20)
2014-07-23 05:31:12,397 [spark-akka.actor.default-dispatcher-15] INFO  org.apache.spark.scheduler.DAGScheduler - Completed ResultTask(1, 9)
2014-07-23 05:31:12,398 [Result resolver thread-2] INFO  org.apache.spark.scheduler.TaskSetManager - Finished TID 9 in 195024 ms on dco-node130-mgt.dco.ethz.ch (progress: 15/20)
2014-07-23 05:31:14,877 [spark-akka.actor.default-dispatcher-22] INFO  org.apache.spark.scheduler.DAGScheduler - Completed ResultTask(1, 4)
2014-07-23 05:31:14,877 [Result resolver thread-3] INFO  org.apache.spark.scheduler.TaskSetManager - Finished TID 4 in 197527 ms on dco-node130-mgt.dco.ethz.ch (progress: 16/20)
2014-07-23 05:31:33,945 [spark-akka.actor.default-dispatcher-22] INFO  org.apache.spark.scheduler.DAGScheduler - Completed ResultTask(1, 3)
2014-07-23 05:31:33,945 [Result resolver thread-0] INFO  org.apache.spark.scheduler.TaskSetManager - Finished TID 3 in 216601 ms on dco-node130-mgt.dco.ethz.ch (progress: 17/20)
2014-07-23 05:31:44,932 [spark-akka.actor.default-dispatcher-14] INFO  org.apache.spark.scheduler.DAGScheduler - Completed ResultTask(1, 1)
2014-07-23 05:31:44,932 [Result resolver thread-1] INFO  org.apache.spark.scheduler.TaskSetManager - Finished TID 1 in 227603 ms on dco-node130-mgt.dco.ethz.ch (progress: 18/20)
2014-07-23 05:31:49,817 [spark-akka.actor.default-dispatcher-22] INFO  org.apache.spark.scheduler.DAGScheduler - Completed ResultTask(1, 2)
2014-07-23 05:31:49,817 [Result resolver thread-2] INFO  org.apache.spark.scheduler.TaskSetManager - Finished TID 2 in 232482 ms on dco-node130-mgt.dco.ethz.ch (progress: 19/20)
2014-07-23 05:31:52,608 [spark-akka.actor.default-dispatcher-2] INFO  org.apache.spark.scheduler.DAGScheduler - Completed ResultTask(1, 0)
2014-07-23 05:31:52,609 [Result resolver thread-3] INFO  org.apache.spark.scheduler.TaskSetManager - Finished TID 0 in 235301 ms on dco-node130-mgt.dco.ethz.ch (progress: 20/20)
2014-07-23 05:31:52,611 [Result resolver thread-3] INFO  org.apache.spark.scheduler.TaskSchedulerImpl - Removed TaskSet 1.0, whose tasks have all completed, from pool 
2014-07-23 05:31:52,611 [spark-akka.actor.default-dispatcher-2] INFO  org.apache.spark.scheduler.DAGScheduler - Stage 1 (foreach at RemoveInfrequentWordsApp.scala:27) finished in 301.099 s
2014-07-23 05:31:52,619 [main] INFO  org.apache.spark.SparkContext - Job finished: foreach at RemoveInfrequentWordsApp.scala:27, took 301.273326977 s
