Spark assembly has been built with Hive, including Datanucleus jars on classpath
Java HotSpot(TM) 64-Bit Server VM warning: ignoring option MaxPermSize=128m; support was removed in 8.0
=====================================
Remove Infrequent Words Configuration
-------------------------------------
maxWordCount=2147483647, minWordCount=500, output=hdfs://dco-node121.dco.ethz.ch:54310/cw-combined-pruned-500, inputCombined=hdfs://dco-node121.dco.ethz.ch:54310/cw-combined, inputWordcount=hdfs://dco-node121.dco.ethz.ch:54310/cw-wordcount/wordcounts.txt
=====================================
2014-07-23 04:59:42,147 [main] WARN  org.apache.spark.SparkConf - 
SPARK_JAVA_OPTS was detected (set to '-Xms4g -Xmx70g  -Dspark.akka.frameSize=2000').
This is deprecated in Spark 1.0+.

Please instead use:
 - ./spark-submit with conf/spark-defaults.conf to set defaults for an application
 - ./spark-submit with --driver-java-options to set -X options for a driver
 - spark.executor.extraJavaOptions to set -X options for executors
 - SPARK_DAEMON_JAVA_OPTS to set java options for standalone daemons (master or worker)
        
2014-07-23 04:59:42,149 [main] WARN  org.apache.spark.SparkConf - Setting 'spark.executor.extraJavaOptions' to '-Xms4g -Xmx70g  -Dspark.akka.frameSize=2000' as a work-around.
2014-07-23 04:59:42,149 [main] WARN  org.apache.spark.SparkConf - Setting 'spark.driver.extraJavaOptions' to '-Xms4g -Xmx70g  -Dspark.akka.frameSize=2000' as a work-around.
2014-07-23 04:59:42,203 [main] INFO  org.apache.spark.SecurityManager - Changing view acls to: root
2014-07-23 04:59:42,204 [main] INFO  org.apache.spark.SecurityManager - SecurityManager: authentication disabled; ui acls disabled; users with view permissions: Set(root)
2014-07-23 04:59:42,632 [spark-akka.actor.default-dispatcher-2] INFO  akka.event.slf4j.Slf4jLogger - Slf4jLogger started
2014-07-23 04:59:42,691 [spark-akka.actor.default-dispatcher-3] INFO  Remoting - Starting remoting
2014-07-23 04:59:42,869 [spark-akka.actor.default-dispatcher-4] INFO  Remoting - Remoting started; listening on addresses :[akka.tcp://spark@dco-node121-mgt.dco.ethz.ch:57331]
2014-07-23 04:59:42,873 [spark-akka.actor.default-dispatcher-2] INFO  Remoting - Remoting now listens on addresses: [akka.tcp://spark@dco-node121-mgt.dco.ethz.ch:57331]
2014-07-23 04:59:42,907 [main] INFO  org.apache.spark.SparkEnv - Registering MapOutputTracker
2014-07-23 04:59:42,910 [main] INFO  org.apache.spark.SparkEnv - Registering BlockManagerMaster
2014-07-23 04:59:42,927 [main] INFO  org.apache.spark.storage.DiskBlockManager - Created local directory at /tmp/spark-local-20140723045942-879e
2014-07-23 04:59:42,932 [main] INFO  org.apache.spark.storage.MemoryStore - MemoryStore started with capacity 40.3 GB.
2014-07-23 04:59:42,962 [main] INFO  org.apache.spark.network.ConnectionManager - Bound socket to port 54903 with id = ConnectionManagerId(dco-node121-mgt.dco.ethz.ch,54903)
2014-07-23 04:59:42,967 [main] INFO  org.apache.spark.storage.BlockManagerMaster - Trying to register BlockManager
2014-07-23 04:59:42,971 [spark-akka.actor.default-dispatcher-3] INFO  org.apache.spark.storage.BlockManagerInfo - Registering block manager dco-node121-mgt.dco.ethz.ch:54903 with 40.3 GB RAM
2014-07-23 04:59:42,972 [main] INFO  org.apache.spark.storage.BlockManagerMaster - Registered BlockManager
2014-07-23 04:59:42,989 [main] INFO  org.apache.spark.HttpServer - Starting HTTP Server
2014-07-23 04:59:43,049 [main] INFO  org.eclipse.jetty.server.Server - jetty-8.y.z-SNAPSHOT
2014-07-23 04:59:43,068 [main] INFO  org.eclipse.jetty.server.AbstractConnector - Started SocketConnector@0.0.0.0:34413
2014-07-23 04:59:43,069 [main] INFO  org.apache.spark.broadcast.HttpBroadcast - Broadcast server started at http://172.31.109.131:34413
2014-07-23 04:59:43,075 [main] INFO  org.apache.spark.HttpFileServer - HTTP File server directory is /tmp/spark-5839f478-6a35-4d06-8e44-43ca8955b08d
2014-07-23 04:59:43,076 [main] INFO  org.apache.spark.HttpServer - Starting HTTP Server
2014-07-23 04:59:43,076 [main] INFO  org.eclipse.jetty.server.Server - jetty-8.y.z-SNAPSHOT
2014-07-23 04:59:43,079 [main] INFO  org.eclipse.jetty.server.AbstractConnector - Started SocketConnector@0.0.0.0:43825
2014-07-23 04:59:43,428 [main] INFO  org.eclipse.jetty.server.Server - jetty-8.y.z-SNAPSHOT
2014-07-23 04:59:43,444 [main] INFO  org.eclipse.jetty.server.AbstractConnector - Started SelectChannelConnector@0.0.0.0:4040
2014-07-23 04:59:43,451 [main] INFO  org.apache.spark.ui.SparkUI - Started SparkUI at http://dco-node121-mgt.dco.ethz.ch:4040
2014-07-23 04:59:43,677 [main] WARN  org.apache.hadoop.util.NativeCodeLoader - Unable to load native-hadoop library for your platform... using builtin-java classes where applicable
2014-07-23 04:59:44,339 [main] INFO  org.apache.spark.scheduler.EventLoggingListener - Logging events to hdfs://dco-node121.dco.ethz.ch:54310/spark_event_log/remove-infrequent-words-1406084383778
2014-07-23 04:59:44,592 [main] INFO  org.apache.spark.SparkContext - Added JAR file:/disk3/user_work/runs/remove_infrequent_words2/run.jar at http://172.31.109.131:43825/jars/run.jar with timestamp 1406084384592
2014-07-23 04:59:44,658 [spark-akka.actor.default-dispatcher-3] INFO  org.apache.spark.deploy.client.AppClient$ClientActor - Connecting to master spark://dco-node121.dco.ethz.ch:7077...
2014-07-23 04:59:44,949 [main] INFO  org.apache.spark.storage.MemoryStore - ensureFreeSpace(231905) called with curMem=0, maxMem=43218213273
2014-07-23 04:59:44,951 [main] INFO  org.apache.spark.storage.MemoryStore - Block broadcast_0 stored as values to memory (estimated size 226.5 KB, free 40.2 GB)
2014-07-23 04:59:45,023 [spark-akka.actor.default-dispatcher-2] INFO  org.apache.spark.scheduler.cluster.SparkDeploySchedulerBackend - Connected to Spark cluster with app ID app-20140723045944-0002
2014-07-23 04:59:45,025 [spark-akka.actor.default-dispatcher-2] INFO  org.apache.spark.deploy.client.AppClient$ClientActor - Executor added: app-20140723045944-0002/0 on worker-20140722232232-dco-node135-mgt.dco.ethz.ch-56045 (dco-node135-mgt.dco.ethz.ch:56045) with 16 cores
2014-07-23 04:59:45,026 [spark-akka.actor.default-dispatcher-2] INFO  org.apache.spark.scheduler.cluster.SparkDeploySchedulerBackend - Granted executor ID app-20140723045944-0002/0 on hostPort dco-node135-mgt.dco.ethz.ch:56045 with 16 cores, 70.0 GB RAM
2014-07-23 04:59:45,026 [spark-akka.actor.default-dispatcher-2] INFO  org.apache.spark.deploy.client.AppClient$ClientActor - Executor added: app-20140723045944-0002/1 on worker-20140722232232-dco-node125-mgt.dco.ethz.ch-41556 (dco-node125-mgt.dco.ethz.ch:41556) with 16 cores
2014-07-23 04:59:45,027 [spark-akka.actor.default-dispatcher-2] INFO  org.apache.spark.scheduler.cluster.SparkDeploySchedulerBackend - Granted executor ID app-20140723045944-0002/1 on hostPort dco-node125-mgt.dco.ethz.ch:41556 with 16 cores, 70.0 GB RAM
2014-07-23 04:59:45,027 [spark-akka.actor.default-dispatcher-2] INFO  org.apache.spark.deploy.client.AppClient$ClientActor - Executor added: app-20140723045944-0002/2 on worker-20140722232232-dco-node124-mgt.dco.ethz.ch-46656 (dco-node124-mgt.dco.ethz.ch:46656) with 16 cores
2014-07-23 04:59:45,028 [spark-akka.actor.default-dispatcher-2] INFO  org.apache.spark.scheduler.cluster.SparkDeploySchedulerBackend - Granted executor ID app-20140723045944-0002/2 on hostPort dco-node124-mgt.dco.ethz.ch:46656 with 16 cores, 70.0 GB RAM
2014-07-23 04:59:45,028 [spark-akka.actor.default-dispatcher-2] INFO  org.apache.spark.deploy.client.AppClient$ClientActor - Executor added: app-20140723045944-0002/3 on worker-20140722232232-dco-node123-mgt.dco.ethz.ch-52179 (dco-node123-mgt.dco.ethz.ch:52179) with 16 cores
2014-07-23 04:59:45,029 [spark-akka.actor.default-dispatcher-2] INFO  org.apache.spark.scheduler.cluster.SparkDeploySchedulerBackend - Granted executor ID app-20140723045944-0002/3 on hostPort dco-node123-mgt.dco.ethz.ch:52179 with 16 cores, 70.0 GB RAM
2014-07-23 04:59:45,029 [spark-akka.actor.default-dispatcher-2] INFO  org.apache.spark.deploy.client.AppClient$ClientActor - Executor added: app-20140723045944-0002/4 on worker-20140722232232-dco-node122-mgt.dco.ethz.ch-51038 (dco-node122-mgt.dco.ethz.ch:51038) with 16 cores
2014-07-23 04:59:45,030 [spark-akka.actor.default-dispatcher-2] INFO  org.apache.spark.scheduler.cluster.SparkDeploySchedulerBackend - Granted executor ID app-20140723045944-0002/4 on hostPort dco-node122-mgt.dco.ethz.ch:51038 with 16 cores, 70.0 GB RAM
2014-07-23 04:59:45,030 [spark-akka.actor.default-dispatcher-2] INFO  org.apache.spark.deploy.client.AppClient$ClientActor - Executor added: app-20140723045944-0002/5 on worker-20140722232232-dco-node132-mgt.dco.ethz.ch-45072 (dco-node132-mgt.dco.ethz.ch:45072) with 16 cores
2014-07-23 04:59:45,031 [spark-akka.actor.default-dispatcher-2] INFO  org.apache.spark.scheduler.cluster.SparkDeploySchedulerBackend - Granted executor ID app-20140723045944-0002/5 on hostPort dco-node132-mgt.dco.ethz.ch:45072 with 16 cores, 70.0 GB RAM
2014-07-23 04:59:45,032 [spark-akka.actor.default-dispatcher-2] INFO  org.apache.spark.deploy.client.AppClient$ClientActor - Executor added: app-20140723045944-0002/6 on worker-20140722232232-dco-node131-mgt.dco.ethz.ch-50734 (dco-node131-mgt.dco.ethz.ch:50734) with 16 cores
2014-07-23 04:59:45,032 [spark-akka.actor.default-dispatcher-2] INFO  org.apache.spark.scheduler.cluster.SparkDeploySchedulerBackend - Granted executor ID app-20140723045944-0002/6 on hostPort dco-node131-mgt.dco.ethz.ch:50734 with 16 cores, 70.0 GB RAM
2014-07-23 04:59:45,032 [spark-akka.actor.default-dispatcher-2] INFO  org.apache.spark.deploy.client.AppClient$ClientActor - Executor added: app-20140723045944-0002/7 on worker-20140722232232-dco-node133-mgt.dco.ethz.ch-44156 (dco-node133-mgt.dco.ethz.ch:44156) with 16 cores
2014-07-23 04:59:45,033 [spark-akka.actor.default-dispatcher-2] INFO  org.apache.spark.scheduler.cluster.SparkDeploySchedulerBackend - Granted executor ID app-20140723045944-0002/7 on hostPort dco-node133-mgt.dco.ethz.ch:44156 with 16 cores, 70.0 GB RAM
2014-07-23 04:59:45,033 [spark-akka.actor.default-dispatcher-2] INFO  org.apache.spark.deploy.client.AppClient$ClientActor - Executor added: app-20140723045944-0002/8 on worker-20140722232232-dco-node127-mgt.dco.ethz.ch-60499 (dco-node127-mgt.dco.ethz.ch:60499) with 16 cores
2014-07-23 04:59:45,033 [spark-akka.actor.default-dispatcher-2] INFO  org.apache.spark.scheduler.cluster.SparkDeploySchedulerBackend - Granted executor ID app-20140723045944-0002/8 on hostPort dco-node127-mgt.dco.ethz.ch:60499 with 16 cores, 70.0 GB RAM
2014-07-23 04:59:45,034 [spark-akka.actor.default-dispatcher-2] INFO  org.apache.spark.deploy.client.AppClient$ClientActor - Executor added: app-20140723045944-0002/9 on worker-20140722232232-dco-node121-mgt.dco.ethz.ch-45820 (dco-node121-mgt.dco.ethz.ch:45820) with 16 cores
2014-07-23 04:59:45,034 [spark-akka.actor.default-dispatcher-2] INFO  org.apache.spark.scheduler.cluster.SparkDeploySchedulerBackend - Granted executor ID app-20140723045944-0002/9 on hostPort dco-node121-mgt.dco.ethz.ch:45820 with 16 cores, 70.0 GB RAM
2014-07-23 04:59:45,034 [spark-akka.actor.default-dispatcher-2] INFO  org.apache.spark.deploy.client.AppClient$ClientActor - Executor added: app-20140723045944-0002/10 on worker-20140722232232-dco-node129-mgt.dco.ethz.ch-37573 (dco-node129-mgt.dco.ethz.ch:37573) with 16 cores
2014-07-23 04:59:45,035 [spark-akka.actor.default-dispatcher-2] INFO  org.apache.spark.scheduler.cluster.SparkDeploySchedulerBackend - Granted executor ID app-20140723045944-0002/10 on hostPort dco-node129-mgt.dco.ethz.ch:37573 with 16 cores, 70.0 GB RAM
2014-07-23 04:59:45,035 [spark-akka.actor.default-dispatcher-2] INFO  org.apache.spark.deploy.client.AppClient$ClientActor - Executor added: app-20140723045944-0002/11 on worker-20140722232232-dco-node128-mgt.dco.ethz.ch-58779 (dco-node128-mgt.dco.ethz.ch:58779) with 16 cores
2014-07-23 04:59:45,036 [spark-akka.actor.default-dispatcher-2] INFO  org.apache.spark.scheduler.cluster.SparkDeploySchedulerBackend - Granted executor ID app-20140723045944-0002/11 on hostPort dco-node128-mgt.dco.ethz.ch:58779 with 16 cores, 70.0 GB RAM
2014-07-23 04:59:45,037 [spark-akka.actor.default-dispatcher-2] INFO  org.apache.spark.deploy.client.AppClient$ClientActor - Executor added: app-20140723045944-0002/12 on worker-20140722232232-dco-node134-mgt.dco.ethz.ch-42367 (dco-node134-mgt.dco.ethz.ch:42367) with 16 cores
2014-07-23 04:59:45,037 [spark-akka.actor.default-dispatcher-2] INFO  org.apache.spark.scheduler.cluster.SparkDeploySchedulerBackend - Granted executor ID app-20140723045944-0002/12 on hostPort dco-node134-mgt.dco.ethz.ch:42367 with 16 cores, 70.0 GB RAM
2014-07-23 04:59:45,038 [spark-akka.actor.default-dispatcher-2] INFO  org.apache.spark.deploy.client.AppClient$ClientActor - Executor added: app-20140723045944-0002/13 on worker-20140722232231-dco-node130-mgt.dco.ethz.ch-56551 (dco-node130-mgt.dco.ethz.ch:56551) with 16 cores
2014-07-23 04:59:45,039 [spark-akka.actor.default-dispatcher-2] INFO  org.apache.spark.scheduler.cluster.SparkDeploySchedulerBackend - Granted executor ID app-20140723045944-0002/13 on hostPort dco-node130-mgt.dco.ethz.ch:56551 with 16 cores, 70.0 GB RAM
2014-07-23 04:59:45,039 [spark-akka.actor.default-dispatcher-2] INFO  org.apache.spark.deploy.client.AppClient$ClientActor - Executor added: app-20140723045944-0002/14 on worker-20140722232232-dco-node136-mgt.dco.ethz.ch-34960 (dco-node136-mgt.dco.ethz.ch:34960) with 16 cores
2014-07-23 04:59:45,039 [spark-akka.actor.default-dispatcher-2] INFO  org.apache.spark.scheduler.cluster.SparkDeploySchedulerBackend - Granted executor ID app-20140723045944-0002/14 on hostPort dco-node136-mgt.dco.ethz.ch:34960 with 16 cores, 70.0 GB RAM
2014-07-23 04:59:45,040 [spark-akka.actor.default-dispatcher-2] INFO  org.apache.spark.deploy.client.AppClient$ClientActor - Executor added: app-20140723045944-0002/15 on worker-20140722232232-dco-node126-mgt.dco.ethz.ch-38949 (dco-node126-mgt.dco.ethz.ch:38949) with 16 cores
2014-07-23 04:59:45,040 [spark-akka.actor.default-dispatcher-2] INFO  org.apache.spark.scheduler.cluster.SparkDeploySchedulerBackend - Granted executor ID app-20140723045944-0002/15 on hostPort dco-node126-mgt.dco.ethz.ch:38949 with 16 cores, 70.0 GB RAM
2014-07-23 04:59:45,061 [spark-akka.actor.default-dispatcher-2] INFO  org.apache.spark.deploy.client.AppClient$ClientActor - Executor updated: app-20140723045944-0002/1 is now RUNNING
2014-07-23 04:59:45,061 [spark-akka.actor.default-dispatcher-2] INFO  org.apache.spark.deploy.client.AppClient$ClientActor - Executor updated: app-20140723045944-0002/2 is now RUNNING
2014-07-23 04:59:45,065 [spark-akka.actor.default-dispatcher-2] INFO  org.apache.spark.deploy.client.AppClient$ClientActor - Executor updated: app-20140723045944-0002/5 is now RUNNING
2014-07-23 04:59:45,067 [spark-akka.actor.default-dispatcher-2] INFO  org.apache.spark.deploy.client.AppClient$ClientActor - Executor updated: app-20140723045944-0002/4 is now RUNNING
2014-07-23 04:59:45,070 [spark-akka.actor.default-dispatcher-2] INFO  org.apache.spark.deploy.client.AppClient$ClientActor - Executor updated: app-20140723045944-0002/0 is now RUNNING
2014-07-23 04:59:45,072 [spark-akka.actor.default-dispatcher-2] INFO  org.apache.spark.deploy.client.AppClient$ClientActor - Executor updated: app-20140723045944-0002/6 is now RUNNING
2014-07-23 04:59:45,075 [spark-akka.actor.default-dispatcher-2] INFO  org.apache.spark.deploy.client.AppClient$ClientActor - Executor updated: app-20140723045944-0002/8 is now RUNNING
2014-07-23 04:59:45,078 [spark-akka.actor.default-dispatcher-2] INFO  org.apache.spark.deploy.client.AppClient$ClientActor - Executor updated: app-20140723045944-0002/7 is now RUNNING
2014-07-23 04:59:45,081 [spark-akka.actor.default-dispatcher-2] INFO  org.apache.spark.deploy.client.AppClient$ClientActor - Executor updated: app-20140723045944-0002/12 is now RUNNING
2014-07-23 04:59:45,083 [spark-akka.actor.default-dispatcher-2] INFO  org.apache.spark.deploy.client.AppClient$ClientActor - Executor updated: app-20140723045944-0002/14 is now RUNNING
2014-07-23 04:59:45,085 [spark-akka.actor.default-dispatcher-2] INFO  org.apache.spark.deploy.client.AppClient$ClientActor - Executor updated: app-20140723045944-0002/10 is now RUNNING
2014-07-23 04:59:45,087 [spark-akka.actor.default-dispatcher-2] INFO  org.apache.spark.deploy.client.AppClient$ClientActor - Executor updated: app-20140723045944-0002/3 is now RUNNING
2014-07-23 04:59:45,089 [spark-akka.actor.default-dispatcher-2] INFO  org.apache.spark.deploy.client.AppClient$ClientActor - Executor updated: app-20140723045944-0002/11 is now RUNNING
2014-07-23 04:59:45,091 [spark-akka.actor.default-dispatcher-5] INFO  org.apache.spark.deploy.client.AppClient$ClientActor - Executor updated: app-20140723045944-0002/15 is now RUNNING
2014-07-23 04:59:45,093 [spark-akka.actor.default-dispatcher-5] INFO  org.apache.spark.deploy.client.AppClient$ClientActor - Executor updated: app-20140723045944-0002/13 is now RUNNING
2014-07-23 04:59:45,095 [spark-akka.actor.default-dispatcher-5] INFO  org.apache.spark.deploy.client.AppClient$ClientActor - Executor updated: app-20140723045944-0002/9 is now RUNNING
2014-07-23 04:59:45,255 [main] INFO  org.apache.hadoop.mapred.FileInputFormat - Total input paths to process : 1
2014-07-23 04:59:45,316 [main] INFO  org.apache.hadoop.net.NetworkTopology - Adding a new node: /default-rack/172.31.109.146:50010
2014-07-23 04:59:45,317 [main] INFO  org.apache.hadoop.net.NetworkTopology - Adding a new node: /default-rack/172.31.109.135:50010
2014-07-23 04:59:45,338 [main] INFO  org.apache.hadoop.net.NetworkTopology - Adding a new node: /default-rack/172.31.109.133:50010
2014-07-23 04:59:45,338 [main] INFO  org.apache.hadoop.net.NetworkTopology - Adding a new node: /default-rack/172.31.109.142:50010
2014-07-23 04:59:45,339 [main] INFO  org.apache.hadoop.net.NetworkTopology - Adding a new node: /default-rack/172.31.109.139:50010
2014-07-23 04:59:45,350 [main] INFO  org.apache.spark.SparkContext - Starting job: take at RemoveInfrequentWordsApp.scala:46
2014-07-23 04:59:45,367 [spark-akka.actor.default-dispatcher-4] INFO  org.apache.spark.scheduler.DAGScheduler - Got job 0 (take at RemoveInfrequentWordsApp.scala:46) with 1 output partitions (allowLocal=true)
2014-07-23 04:59:45,368 [spark-akka.actor.default-dispatcher-4] INFO  org.apache.spark.scheduler.DAGScheduler - Final stage: Stage 0(take at RemoveInfrequentWordsApp.scala:46)
2014-07-23 04:59:45,368 [spark-akka.actor.default-dispatcher-4] INFO  org.apache.spark.scheduler.DAGScheduler - Parents of final stage: List()
2014-07-23 04:59:45,385 [spark-akka.actor.default-dispatcher-4] INFO  org.apache.spark.scheduler.DAGScheduler - Missing parents: List()
2014-07-23 04:59:45,386 [spark-akka.actor.default-dispatcher-4] INFO  org.apache.spark.scheduler.DAGScheduler - Computing the requested partition locally
2014-07-23 04:59:45,394 [Local computation of job 0] INFO  org.apache.spark.rdd.HadoopRDD - Input split: hdfs://dco-node121.dco.ethz.ch:54310/cw-wordcount/wordcounts.txt:0+16777216
2014-07-23 04:59:45,400 [Local computation of job 0] INFO  org.apache.hadoop.conf.Configuration.deprecation - mapred.tip.id is deprecated. Instead, use mapreduce.task.id
2014-07-23 04:59:45,400 [Local computation of job 0] INFO  org.apache.hadoop.conf.Configuration.deprecation - mapred.task.id is deprecated. Instead, use mapreduce.task.attempt.id
2014-07-23 04:59:45,401 [Local computation of job 0] INFO  org.apache.hadoop.conf.Configuration.deprecation - mapred.task.is.map is deprecated. Instead, use mapreduce.task.ismap
2014-07-23 04:59:45,401 [Local computation of job 0] INFO  org.apache.hadoop.conf.Configuration.deprecation - mapred.task.partition is deprecated. Instead, use mapreduce.task.partition
2014-07-23 04:59:45,401 [Local computation of job 0] INFO  org.apache.hadoop.conf.Configuration.deprecation - mapred.job.id is deprecated. Instead, use mapreduce.job.id
2014-07-23 04:59:45,457 [main] INFO  org.apache.spark.SparkContext - Job finished: take at RemoveInfrequentWordsApp.scala:46, took 0.106831873 s
2014-07-23 04:59:45,688 [main] INFO  org.apache.spark.SparkContext - Starting job: foreach at RemoveInfrequentWordsApp.scala:27
2014-07-23 04:59:45,689 [spark-akka.actor.default-dispatcher-5] INFO  org.apache.spark.scheduler.DAGScheduler - Got job 1 (foreach at RemoveInfrequentWordsApp.scala:27) with 20 output partitions (allowLocal=false)
2014-07-23 04:59:45,689 [spark-akka.actor.default-dispatcher-5] INFO  org.apache.spark.scheduler.DAGScheduler - Final stage: Stage 1(foreach at RemoveInfrequentWordsApp.scala:27)
2014-07-23 04:59:45,690 [spark-akka.actor.default-dispatcher-5] INFO  org.apache.spark.scheduler.DAGScheduler - Parents of final stage: List()
2014-07-23 04:59:45,691 [spark-akka.actor.default-dispatcher-5] INFO  org.apache.spark.scheduler.DAGScheduler - Missing parents: List()
2014-07-23 04:59:45,696 [spark-akka.actor.default-dispatcher-5] INFO  org.apache.spark.scheduler.DAGScheduler - Submitting Stage 1 (ParallelCollectionRDD[2] at parallelize at RemoveInfrequentWordsApp.scala:27), which has no missing parents
2014-07-23 04:59:45,764 [spark-akka.actor.default-dispatcher-5] INFO  org.apache.spark.scheduler.DAGScheduler - Submitting 20 missing tasks from Stage 1 (ParallelCollectionRDD[2] at parallelize at RemoveInfrequentWordsApp.scala:27)
2014-07-23 04:59:45,766 [spark-akka.actor.default-dispatcher-5] INFO  org.apache.spark.scheduler.TaskSchedulerImpl - Adding task set 1.0 with 20 tasks
2014-07-23 04:59:47,134 [spark-akka.actor.default-dispatcher-3] INFO  org.apache.spark.scheduler.cluster.SparkDeploySchedulerBackend - Registered executor: Actor[akka.tcp://sparkExecutor@dco-node130-mgt.dco.ethz.ch:40285/user/Executor#1284862] with ID 13
2014-07-23 04:59:47,141 [spark-akka.actor.default-dispatcher-3] INFO  org.apache.spark.scheduler.TaskSetManager - Starting task 1.0:0 as TID 0 on executor 13: dco-node130-mgt.dco.ethz.ch (PROCESS_LOCAL)
2014-07-23 04:59:47,152 [spark-akka.actor.default-dispatcher-3] INFO  org.apache.spark.scheduler.TaskSetManager - Serialized task 1.0:0 as 3335 bytes in 11 ms
2014-07-23 04:59:47,155 [spark-akka.actor.default-dispatcher-3] INFO  org.apache.spark.scheduler.TaskSetManager - Starting task 1.0:1 as TID 1 on executor 13: dco-node130-mgt.dco.ethz.ch (PROCESS_LOCAL)
2014-07-23 04:59:47,163 [spark-akka.actor.default-dispatcher-3] INFO  org.apache.spark.scheduler.TaskSetManager - Serialized task 1.0:1 as 3335 bytes in 6 ms
2014-07-23 04:59:47,163 [spark-akka.actor.default-dispatcher-3] INFO  org.apache.spark.scheduler.TaskSetManager - Starting task 1.0:2 as TID 2 on executor 13: dco-node130-mgt.dco.ethz.ch (PROCESS_LOCAL)
2014-07-23 04:59:47,170 [spark-akka.actor.default-dispatcher-3] INFO  org.apache.spark.scheduler.TaskSetManager - Serialized task 1.0:2 as 3335 bytes in 7 ms
2014-07-23 04:59:47,170 [spark-akka.actor.default-dispatcher-3] INFO  org.apache.spark.scheduler.TaskSetManager - Starting task 1.0:3 as TID 3 on executor 13: dco-node130-mgt.dco.ethz.ch (PROCESS_LOCAL)
2014-07-23 04:59:47,176 [spark-akka.actor.default-dispatcher-3] INFO  org.apache.spark.scheduler.TaskSetManager - Serialized task 1.0:3 as 3335 bytes in 6 ms
2014-07-23 04:59:47,176 [spark-akka.actor.default-dispatcher-3] INFO  org.apache.spark.scheduler.TaskSetManager - Starting task 1.0:4 as TID 4 on executor 13: dco-node130-mgt.dco.ethz.ch (PROCESS_LOCAL)
2014-07-23 04:59:47,181 [spark-akka.actor.default-dispatcher-3] INFO  org.apache.spark.scheduler.TaskSetManager - Serialized task 1.0:4 as 3335 bytes in 5 ms
2014-07-23 04:59:47,182 [spark-akka.actor.default-dispatcher-3] INFO  org.apache.spark.scheduler.TaskSetManager - Starting task 1.0:5 as TID 5 on executor 13: dco-node130-mgt.dco.ethz.ch (PROCESS_LOCAL)
2014-07-23 04:59:47,186 [spark-akka.actor.default-dispatcher-3] INFO  org.apache.spark.scheduler.TaskSetManager - Serialized task 1.0:5 as 3335 bytes in 4 ms
2014-07-23 04:59:47,187 [spark-akka.actor.default-dispatcher-3] INFO  org.apache.spark.scheduler.TaskSetManager - Starting task 1.0:6 as TID 6 on executor 13: dco-node130-mgt.dco.ethz.ch (PROCESS_LOCAL)
2014-07-23 04:59:47,191 [spark-akka.actor.default-dispatcher-3] INFO  org.apache.spark.scheduler.TaskSetManager - Serialized task 1.0:6 as 3335 bytes in 4 ms
2014-07-23 04:59:47,192 [spark-akka.actor.default-dispatcher-3] INFO  org.apache.spark.scheduler.TaskSetManager - Starting task 1.0:7 as TID 7 on executor 13: dco-node130-mgt.dco.ethz.ch (PROCESS_LOCAL)
2014-07-23 04:59:47,196 [spark-akka.actor.default-dispatcher-3] INFO  org.apache.spark.scheduler.TaskSetManager - Serialized task 1.0:7 as 3335 bytes in 4 ms
2014-07-23 04:59:47,196 [spark-akka.actor.default-dispatcher-3] INFO  org.apache.spark.scheduler.TaskSetManager - Starting task 1.0:8 as TID 8 on executor 13: dco-node130-mgt.dco.ethz.ch (PROCESS_LOCAL)
2014-07-23 04:59:47,200 [spark-akka.actor.default-dispatcher-3] INFO  org.apache.spark.scheduler.TaskSetManager - Serialized task 1.0:8 as 3335 bytes in 4 ms
2014-07-23 04:59:47,201 [spark-akka.actor.default-dispatcher-3] INFO  org.apache.spark.scheduler.TaskSetManager - Starting task 1.0:9 as TID 9 on executor 13: dco-node130-mgt.dco.ethz.ch (PROCESS_LOCAL)
2014-07-23 04:59:47,205 [spark-akka.actor.default-dispatcher-3] INFO  org.apache.spark.scheduler.TaskSetManager - Serialized task 1.0:9 as 3335 bytes in 4 ms
2014-07-23 04:59:47,205 [spark-akka.actor.default-dispatcher-3] INFO  org.apache.spark.scheduler.TaskSetManager - Starting task 1.0:10 as TID 10 on executor 13: dco-node130-mgt.dco.ethz.ch (PROCESS_LOCAL)
2014-07-23 04:59:47,210 [spark-akka.actor.default-dispatcher-3] INFO  org.apache.spark.scheduler.TaskSetManager - Serialized task 1.0:10 as 3335 bytes in 5 ms
2014-07-23 04:59:47,210 [spark-akka.actor.default-dispatcher-3] INFO  org.apache.spark.scheduler.TaskSetManager - Starting task 1.0:11 as TID 11 on executor 13: dco-node130-mgt.dco.ethz.ch (PROCESS_LOCAL)
2014-07-23 04:59:47,214 [spark-akka.actor.default-dispatcher-3] INFO  org.apache.spark.scheduler.TaskSetManager - Serialized task 1.0:11 as 3335 bytes in 3 ms
2014-07-23 04:59:47,214 [spark-akka.actor.default-dispatcher-3] INFO  org.apache.spark.scheduler.TaskSetManager - Starting task 1.0:12 as TID 12 on executor 13: dco-node130-mgt.dco.ethz.ch (PROCESS_LOCAL)
2014-07-23 04:59:47,217 [spark-akka.actor.default-dispatcher-3] INFO  org.apache.spark.scheduler.TaskSetManager - Serialized task 1.0:12 as 3335 bytes in 3 ms
2014-07-23 04:59:47,218 [spark-akka.actor.default-dispatcher-3] INFO  org.apache.spark.scheduler.TaskSetManager - Starting task 1.0:13 as TID 13 on executor 13: dco-node130-mgt.dco.ethz.ch (PROCESS_LOCAL)
2014-07-23 04:59:47,222 [spark-akka.actor.default-dispatcher-3] INFO  org.apache.spark.scheduler.TaskSetManager - Serialized task 1.0:13 as 3335 bytes in 3 ms
2014-07-23 04:59:47,222 [spark-akka.actor.default-dispatcher-3] INFO  org.apache.spark.scheduler.TaskSetManager - Starting task 1.0:14 as TID 14 on executor 13: dco-node130-mgt.dco.ethz.ch (PROCESS_LOCAL)
2014-07-23 04:59:47,226 [spark-akka.actor.default-dispatcher-3] INFO  org.apache.spark.scheduler.TaskSetManager - Serialized task 1.0:14 as 3335 bytes in 3 ms
2014-07-23 04:59:47,226 [spark-akka.actor.default-dispatcher-3] INFO  org.apache.spark.scheduler.TaskSetManager - Starting task 1.0:15 as TID 15 on executor 13: dco-node130-mgt.dco.ethz.ch (PROCESS_LOCAL)
2014-07-23 04:59:47,229 [spark-akka.actor.default-dispatcher-3] INFO  org.apache.spark.scheduler.TaskSetManager - Serialized task 1.0:15 as 3335 bytes in 3 ms
2014-07-23 04:59:47,420 [spark-akka.actor.default-dispatcher-5] INFO  org.apache.spark.storage.BlockManagerInfo - Registering block manager dco-node130-mgt.dco.ethz.ch:56584 with 40.3 GB RAM
2014-07-23 04:59:48,017 [spark-akka.actor.default-dispatcher-5] INFO  org.apache.spark.scheduler.cluster.SparkDeploySchedulerBackend - Registered executor: Actor[akka.tcp://sparkExecutor@dco-node136-mgt.dco.ethz.ch:53979/user/Executor#1744225812] with ID 14
2014-07-23 04:59:48,018 [spark-akka.actor.default-dispatcher-5] INFO  org.apache.spark.scheduler.TaskSetManager - Starting task 1.0:16 as TID 16 on executor 14: dco-node136-mgt.dco.ethz.ch (PROCESS_LOCAL)
2014-07-23 04:59:48,022 [spark-akka.actor.default-dispatcher-5] INFO  org.apache.spark.scheduler.TaskSetManager - Serialized task 1.0:16 as 3335 bytes in 3 ms
2014-07-23 04:59:48,023 [spark-akka.actor.default-dispatcher-5] INFO  org.apache.spark.scheduler.TaskSetManager - Starting task 1.0:17 as TID 17 on executor 14: dco-node136-mgt.dco.ethz.ch (PROCESS_LOCAL)
2014-07-23 04:59:48,026 [spark-akka.actor.default-dispatcher-5] INFO  org.apache.spark.scheduler.TaskSetManager - Serialized task 1.0:17 as 3335 bytes in 3 ms
2014-07-23 04:59:48,027 [spark-akka.actor.default-dispatcher-5] INFO  org.apache.spark.scheduler.TaskSetManager - Starting task 1.0:18 as TID 18 on executor 14: dco-node136-mgt.dco.ethz.ch (PROCESS_LOCAL)
2014-07-23 04:59:48,030 [spark-akka.actor.default-dispatcher-5] INFO  org.apache.spark.scheduler.TaskSetManager - Serialized task 1.0:18 as 3335 bytes in 3 ms
2014-07-23 04:59:48,031 [spark-akka.actor.default-dispatcher-5] INFO  org.apache.spark.scheduler.TaskSetManager - Starting task 1.0:19 as TID 19 on executor 14: dco-node136-mgt.dco.ethz.ch (PROCESS_LOCAL)
2014-07-23 04:59:48,034 [spark-akka.actor.default-dispatcher-5] INFO  org.apache.spark.scheduler.TaskSetManager - Serialized task 1.0:19 as 3335 bytes in 2 ms
2014-07-23 04:59:48,045 [spark-akka.actor.default-dispatcher-5] INFO  org.apache.spark.scheduler.cluster.SparkDeploySchedulerBackend - Registered executor: Actor[akka.tcp://sparkExecutor@dco-node128-mgt.dco.ethz.ch:42041/user/Executor#1620417819] with ID 11
2014-07-23 04:59:48,051 [spark-akka.actor.default-dispatcher-17] INFO  org.apache.spark.scheduler.cluster.SparkDeploySchedulerBackend - Registered executor: Actor[akka.tcp://sparkExecutor@dco-node124-mgt.dco.ethz.ch:35310/user/Executor#-808840183] with ID 2
2014-07-23 04:59:48,076 [spark-akka.actor.default-dispatcher-15] INFO  org.apache.spark.scheduler.cluster.SparkDeploySchedulerBackend - Registered executor: Actor[akka.tcp://sparkExecutor@dco-node131-mgt.dco.ethz.ch:54103/user/Executor#-380009641] with ID 6
2014-07-23 04:59:48,087 [spark-akka.actor.default-dispatcher-15] INFO  org.apache.spark.scheduler.cluster.SparkDeploySchedulerBackend - Registered executor: Actor[akka.tcp://sparkExecutor@dco-node123-mgt.dco.ethz.ch:54294/user/Executor#-52843623] with ID 3
2014-07-23 04:59:48,090 [spark-akka.actor.default-dispatcher-15] INFO  org.apache.spark.scheduler.cluster.SparkDeploySchedulerBackend - Registered executor: Actor[akka.tcp://sparkExecutor@dco-node122-mgt.dco.ethz.ch:45773/user/Executor#300822174] with ID 4
2014-07-23 04:59:48,093 [spark-akka.actor.default-dispatcher-15] INFO  org.apache.spark.scheduler.cluster.SparkDeploySchedulerBackend - Registered executor: Actor[akka.tcp://sparkExecutor@dco-node129-mgt.dco.ethz.ch:56430/user/Executor#219823401] with ID 10
2014-07-23 04:59:48,097 [spark-akka.actor.default-dispatcher-15] INFO  org.apache.spark.scheduler.cluster.SparkDeploySchedulerBackend - Registered executor: Actor[akka.tcp://sparkExecutor@dco-node132-mgt.dco.ethz.ch:35733/user/Executor#454902323] with ID 5
2014-07-23 04:59:48,099 [spark-akka.actor.default-dispatcher-15] INFO  org.apache.spark.scheduler.cluster.SparkDeploySchedulerBackend - Registered executor: Actor[akka.tcp://sparkExecutor@dco-node125-mgt.dco.ethz.ch:46457/user/Executor#134776021] with ID 1
2014-07-23 04:59:48,106 [spark-akka.actor.default-dispatcher-15] INFO  org.apache.spark.scheduler.cluster.SparkDeploySchedulerBackend - Registered executor: Actor[akka.tcp://sparkExecutor@dco-node133-mgt.dco.ethz.ch:56386/user/Executor#-286022418] with ID 7
2014-07-23 04:59:48,109 [spark-akka.actor.default-dispatcher-15] INFO  org.apache.spark.scheduler.cluster.SparkDeploySchedulerBackend - Registered executor: Actor[akka.tcp://sparkExecutor@dco-node134-mgt.dco.ethz.ch:49558/user/Executor#1681812148] with ID 12
2014-07-23 04:59:48,112 [spark-akka.actor.default-dispatcher-15] INFO  org.apache.spark.scheduler.cluster.SparkDeploySchedulerBackend - Registered executor: Actor[akka.tcp://sparkExecutor@dco-node127-mgt.dco.ethz.ch:53048/user/Executor#1386733637] with ID 8
2014-07-23 04:59:48,119 [spark-akka.actor.default-dispatcher-15] INFO  org.apache.spark.scheduler.cluster.SparkDeploySchedulerBackend - Registered executor: Actor[akka.tcp://sparkExecutor@dco-node126-mgt.dco.ethz.ch:57352/user/Executor#-693158676] with ID 15
2014-07-23 04:59:48,126 [spark-akka.actor.default-dispatcher-5] INFO  org.apache.spark.scheduler.cluster.SparkDeploySchedulerBackend - Registered executor: Actor[akka.tcp://sparkExecutor@dco-node135-mgt.dco.ethz.ch:57097/user/Executor#-1063421727] with ID 0
2014-07-23 04:59:48,167 [spark-akka.actor.default-dispatcher-15] INFO  org.apache.spark.scheduler.cluster.SparkDeploySchedulerBackend - Registered executor: Actor[akka.tcp://sparkExecutor@dco-node121-mgt.dco.ethz.ch:37897/user/Executor#1592188044] with ID 9
2014-07-23 04:59:48,278 [spark-akka.actor.default-dispatcher-4] INFO  org.apache.spark.storage.BlockManagerInfo - Registering block manager dco-node136-mgt.dco.ethz.ch:50156 with 40.3 GB RAM
2014-07-23 04:59:48,316 [spark-akka.actor.default-dispatcher-5] INFO  org.apache.spark.storage.BlockManagerInfo - Registering block manager dco-node128-mgt.dco.ethz.ch:51881 with 40.3 GB RAM
2014-07-23 04:59:48,328 [spark-akka.actor.default-dispatcher-5] INFO  org.apache.spark.storage.BlockManagerInfo - Registering block manager dco-node124-mgt.dco.ethz.ch:52114 with 40.3 GB RAM
2014-07-23 04:59:48,340 [spark-akka.actor.default-dispatcher-4] INFO  org.apache.spark.storage.BlockManagerInfo - Registering block manager dco-node123-mgt.dco.ethz.ch:55034 with 40.3 GB RAM
2014-07-23 04:59:48,342 [spark-akka.actor.default-dispatcher-5] INFO  org.apache.spark.storage.BlockManagerInfo - Registering block manager dco-node131-mgt.dco.ethz.ch:39516 with 40.3 GB RAM
2014-07-23 04:59:48,357 [spark-akka.actor.default-dispatcher-15] INFO  org.apache.spark.storage.BlockManagerInfo - Registering block manager dco-node132-mgt.dco.ethz.ch:52095 with 40.3 GB RAM
2014-07-23 04:59:48,361 [spark-akka.actor.default-dispatcher-4] INFO  org.apache.spark.storage.BlockManagerInfo - Registering block manager dco-node122-mgt.dco.ethz.ch:48647 with 40.3 GB RAM
2014-07-23 04:59:48,364 [spark-akka.actor.default-dispatcher-2] INFO  org.apache.spark.storage.BlockManagerInfo - Registering block manager dco-node129-mgt.dco.ethz.ch:34052 with 40.3 GB RAM
2014-07-23 04:59:48,366 [spark-akka.actor.default-dispatcher-2] INFO  org.apache.spark.storage.BlockManagerInfo - Registering block manager dco-node125-mgt.dco.ethz.ch:41121 with 40.3 GB RAM
2014-07-23 04:59:48,367 [spark-akka.actor.default-dispatcher-2] INFO  org.apache.spark.storage.BlockManagerInfo - Registering block manager dco-node133-mgt.dco.ethz.ch:54599 with 40.3 GB RAM
2014-07-23 04:59:48,382 [spark-akka.actor.default-dispatcher-2] INFO  org.apache.spark.storage.BlockManagerInfo - Registering block manager dco-node126-mgt.dco.ethz.ch:58700 with 40.3 GB RAM
2014-07-23 04:59:48,393 [spark-akka.actor.default-dispatcher-4] INFO  org.apache.spark.storage.BlockManagerInfo - Registering block manager dco-node134-mgt.dco.ethz.ch:60339 with 40.3 GB RAM
2014-07-23 04:59:48,397 [spark-akka.actor.default-dispatcher-4] INFO  org.apache.spark.storage.BlockManagerInfo - Registering block manager dco-node127-mgt.dco.ethz.ch:43850 with 40.3 GB RAM
2014-07-23 04:59:48,397 [spark-akka.actor.default-dispatcher-5] INFO  org.apache.spark.storage.BlockManagerInfo - Registering block manager dco-node135-mgt.dco.ethz.ch:59680 with 40.3 GB RAM
2014-07-23 04:59:48,461 [spark-akka.actor.default-dispatcher-4] INFO  org.apache.spark.storage.BlockManagerInfo - Registering block manager dco-node121-mgt.dco.ethz.ch:49396 with 40.3 GB RAM
2014-07-23 05:01:10,908 [Result resolver thread-0] INFO  org.apache.spark.scheduler.TaskSetManager - Finished TID 16 in 82884 ms on dco-node136-mgt.dco.ethz.ch (progress: 1/20)
2014-07-23 05:01:10,910 [spark-akka.actor.default-dispatcher-2] INFO  org.apache.spark.scheduler.DAGScheduler - Completed ResultTask(1, 16)
2014-07-23 05:01:11,124 [spark-akka.actor.default-dispatcher-20] INFO  org.apache.spark.scheduler.DAGScheduler - Completed ResultTask(1, 19)
2014-07-23 05:01:11,124 [Result resolver thread-1] INFO  org.apache.spark.scheduler.TaskSetManager - Finished TID 19 in 83089 ms on dco-node136-mgt.dco.ethz.ch (progress: 2/20)
2014-07-23 05:01:16,498 [spark-akka.actor.default-dispatcher-20] INFO  org.apache.spark.scheduler.DAGScheduler - Completed ResultTask(1, 17)
2014-07-23 05:01:16,498 [Result resolver thread-2] INFO  org.apache.spark.scheduler.TaskSetManager - Finished TID 17 in 88472 ms on dco-node136-mgt.dco.ethz.ch (progress: 3/20)
2014-07-23 05:01:26,872 [spark-akka.actor.default-dispatcher-14] INFO  org.apache.spark.scheduler.DAGScheduler - Completed ResultTask(1, 18)
2014-07-23 05:01:26,872 [Result resolver thread-3] INFO  org.apache.spark.scheduler.TaskSetManager - Finished TID 18 in 98841 ms on dco-node136-mgt.dco.ethz.ch (progress: 4/20)
2014-07-23 05:03:07,118 [spark-akka.actor.default-dispatcher-21] INFO  org.apache.spark.scheduler.DAGScheduler - Completed ResultTask(1, 5)
2014-07-23 05:03:07,118 [Result resolver thread-0] INFO  org.apache.spark.scheduler.TaskSetManager - Finished TID 5 in 199933 ms on dco-node130-mgt.dco.ethz.ch (progress: 5/20)
2014-07-23 05:03:17,487 [spark-akka.actor.default-dispatcher-19] INFO  org.apache.spark.scheduler.DAGScheduler - Completed ResultTask(1, 6)
2014-07-23 05:03:17,487 [Result resolver thread-1] INFO  org.apache.spark.scheduler.TaskSetManager - Finished TID 6 in 210296 ms on dco-node130-mgt.dco.ethz.ch (progress: 6/20)
2014-07-23 05:03:35,753 [Result resolver thread-2] INFO  org.apache.spark.scheduler.TaskSetManager - Finished TID 14 in 228527 ms on dco-node130-mgt.dco.ethz.ch (progress: 7/20)
2014-07-23 05:03:35,753 [spark-akka.actor.default-dispatcher-2] INFO  org.apache.spark.scheduler.DAGScheduler - Completed ResultTask(1, 14)
2014-07-23 05:03:52,346 [spark-akka.actor.default-dispatcher-21] INFO  org.apache.spark.scheduler.DAGScheduler - Completed ResultTask(1, 13)
2014-07-23 05:03:52,346 [Result resolver thread-3] INFO  org.apache.spark.scheduler.TaskSetManager - Finished TID 13 in 245124 ms on dco-node130-mgt.dco.ethz.ch (progress: 8/20)
2014-07-23 05:04:00,546 [spark-akka.actor.default-dispatcher-13] INFO  org.apache.spark.scheduler.DAGScheduler - Completed ResultTask(1, 7)
2014-07-23 05:04:00,546 [Result resolver thread-0] INFO  org.apache.spark.scheduler.TaskSetManager - Finished TID 7 in 253350 ms on dco-node130-mgt.dco.ethz.ch (progress: 9/20)
2014-07-23 05:04:16,078 [spark-akka.actor.default-dispatcher-15] INFO  org.apache.spark.scheduler.DAGScheduler - Completed ResultTask(1, 10)
2014-07-23 05:04:16,078 [Result resolver thread-1] INFO  org.apache.spark.scheduler.TaskSetManager - Finished TID 10 in 268869 ms on dco-node130-mgt.dco.ethz.ch (progress: 10/20)
2014-07-23 05:04:23,364 [spark-akka.actor.default-dispatcher-13] INFO  org.apache.spark.scheduler.DAGScheduler - Completed ResultTask(1, 12)
2014-07-23 05:04:23,364 [Result resolver thread-2] INFO  org.apache.spark.scheduler.TaskSetManager - Finished TID 12 in 276146 ms on dco-node130-mgt.dco.ethz.ch (progress: 11/20)
2014-07-23 05:04:24,855 [spark-akka.actor.default-dispatcher-13] INFO  org.apache.spark.scheduler.DAGScheduler - Completed ResultTask(1, 9)
2014-07-23 05:04:24,855 [Result resolver thread-3] INFO  org.apache.spark.scheduler.TaskSetManager - Finished TID 9 in 277651 ms on dco-node130-mgt.dco.ethz.ch (progress: 12/20)
2014-07-23 05:04:26,121 [spark-akka.actor.default-dispatcher-16] INFO  org.apache.spark.scheduler.DAGScheduler - Completed ResultTask(1, 15)
2014-07-23 05:04:26,121 [Result resolver thread-0] INFO  org.apache.spark.scheduler.TaskSetManager - Finished TID 15 in 278891 ms on dco-node130-mgt.dco.ethz.ch (progress: 13/20)
2014-07-23 05:04:28,395 [spark-akka.actor.default-dispatcher-14] INFO  org.apache.spark.scheduler.DAGScheduler - Completed ResultTask(1, 8)
2014-07-23 05:04:28,395 [Result resolver thread-1] INFO  org.apache.spark.scheduler.TaskSetManager - Finished TID 8 in 281195 ms on dco-node130-mgt.dco.ethz.ch (progress: 14/20)
2014-07-23 05:04:38,587 [spark-akka.actor.default-dispatcher-3] INFO  org.apache.spark.scheduler.DAGScheduler - Completed ResultTask(1, 11)
2014-07-23 05:04:38,587 [Result resolver thread-2] INFO  org.apache.spark.scheduler.TaskSetManager - Finished TID 11 in 291373 ms on dco-node130-mgt.dco.ethz.ch (progress: 15/20)
2014-07-23 05:04:40,545 [spark-akka.actor.default-dispatcher-3] INFO  org.apache.spark.scheduler.DAGScheduler - Completed ResultTask(1, 4)
2014-07-23 05:04:40,545 [Result resolver thread-3] INFO  org.apache.spark.scheduler.TaskSetManager - Finished TID 4 in 293365 ms on dco-node130-mgt.dco.ethz.ch (progress: 16/20)
2014-07-23 05:05:02,266 [spark-akka.actor.default-dispatcher-19] INFO  org.apache.spark.scheduler.DAGScheduler - Completed ResultTask(1, 3)
2014-07-23 05:05:02,266 [Result resolver thread-0] INFO  org.apache.spark.scheduler.TaskSetManager - Finished TID 3 in 315092 ms on dco-node130-mgt.dco.ethz.ch (progress: 17/20)
2014-07-23 05:05:05,766 [spark-akka.actor.default-dispatcher-19] INFO  org.apache.spark.scheduler.DAGScheduler - Completed ResultTask(1, 1)
2014-07-23 05:05:05,766 [Result resolver thread-1] INFO  org.apache.spark.scheduler.TaskSetManager - Finished TID 1 in 318607 ms on dco-node130-mgt.dco.ethz.ch (progress: 18/20)
2014-07-23 05:05:09,483 [spark-akka.actor.default-dispatcher-14] INFO  org.apache.spark.scheduler.DAGScheduler - Completed ResultTask(1, 2)
2014-07-23 05:05:09,483 [Result resolver thread-2] INFO  org.apache.spark.scheduler.TaskSetManager - Finished TID 2 in 322317 ms on dco-node130-mgt.dco.ethz.ch (progress: 19/20)
2014-07-23 05:05:26,775 [spark-akka.actor.default-dispatcher-18] INFO  org.apache.spark.scheduler.DAGScheduler - Completed ResultTask(1, 0)
2014-07-23 05:05:26,775 [Result resolver thread-3] INFO  org.apache.spark.scheduler.TaskSetManager - Finished TID 0 in 339633 ms on dco-node130-mgt.dco.ethz.ch (progress: 20/20)
2014-07-23 05:05:26,776 [spark-akka.actor.default-dispatcher-18] INFO  org.apache.spark.scheduler.DAGScheduler - Stage 1 (foreach at RemoveInfrequentWordsApp.scala:27) finished in 340.999 s
2014-07-23 05:05:26,776 [Result resolver thread-3] INFO  org.apache.spark.scheduler.TaskSchedulerImpl - Removed TaskSet 1.0, whose tasks have all completed, from pool 
2014-07-23 05:05:26,786 [main] INFO  org.apache.spark.SparkContext - Job finished: foreach at RemoveInfrequentWordsApp.scala:27, took 341.098471988 s
