Running on hadoop, using /opt/hadoop-2.4.0/bin/hadoop and HADOOP_CONF_DIR=
MAHOUT-JOB: /opt/mahout/examples/target/mahout-examples-1.0-SNAPSHOT-job.jar
14/07/19 05:30:35 WARN driver.MahoutDriver: No cvb.props found on classpath, will use command-line arguments only
14/07/19 05:30:35 INFO common.AbstractJob: Command line arguments: {--convergenceDelta=[0.0], --dictionary=[/cw-seqdir-sparse-lda/dictionary.file-*], --doc_topic_output=[/runs/r12/doc-topics], --doc_topic_smoothing=[1.0E-4], --endPhase=[2147483647], --input=[/cw-out-matrix/matrix], --iteration_block_size=[10], --maxIter=[1], --max_doc_topic_iters=[10], --num_reduce_tasks=[256], --num_terms=[32768000], --num_topics=[10], --num_train_threads=[4], --num_update_threads=[1], --output=[/runs/r12/topics], --random_seed=[42], --startPhase=[0], --tempDir=[/runs/r12/cas-temp/], --term_topic_smoothing=[1.0E-4], --test_set_fraction=[0.0]}
14/07/19 05:30:35 INFO cvb.CVB0Driver: Will run Collapsed Variational Bayes (0th-derivative approximation) learning for LDA on /cw-out-matrix/matrix (numTerms: 32768000), finding 10-topics, with document/topic prior 1.0E-4, topic/term prior 1.0E-4.  Maximum iterations to run will be 1, unless the change in perplexity is less than 0.0.  Topic model output (p(term|topic) for each topic) will be stored /runs/r12/topics.  Random initialization seed is 42, holding out 0.0 of the data for perplexity check

14/07/19 05:30:35 INFO cvb.CVB0Driver: Dictionary to be used located /cw-seqdir-sparse-lda/dictionary.file-*
p(topic|docId) will be stored /runs/r12/doc-topics

14/07/19 05:30:35 WARN util.NativeCodeLoader: Unable to load native-hadoop library for your platform... using builtin-java classes where applicable
14/07/19 05:30:36 INFO cvb.CVB0Driver: Current iteration number: 0
14/07/19 05:30:36 INFO cvb.CVB0Driver: About to run iteration 1 of 1
14/07/19 05:30:36 INFO cvb.CVB0Driver: About to run: Iteration 1 of 1, input path: /runs/r12/cas-temp/topicModelState/model-0
14/07/19 05:30:36 INFO Configuration.deprecation: mapred.input.dir is deprecated. Instead, use mapreduce.input.fileinputformat.inputdir
14/07/19 05:30:36 INFO Configuration.deprecation: mapred.compress.map.output is deprecated. Instead, use mapreduce.map.output.compress
14/07/19 05:30:36 INFO Configuration.deprecation: mapred.output.dir is deprecated. Instead, use mapreduce.output.fileoutputformat.outputdir
14/07/19 05:30:36 INFO client.RMProxy: Connecting to ResourceManager at dco-node121.dco.ethz.ch/172.31.109.131:8032
14/07/19 05:30:38 INFO input.FileInputFormat: Total input paths to process : 1
14/07/19 05:30:38 INFO mapreduce.JobSubmitter: number of splits:1096
14/07/19 05:30:38 INFO Configuration.deprecation: mapred.reduce.tasks is deprecated. Instead, use mapreduce.job.reduces
14/07/19 05:30:38 INFO mapreduce.JobSubmitter: Submitting tokens for job: job_1405738110938_0005
14/07/19 05:30:38 INFO impl.YarnClientImpl: Submitted application application_1405738110938_0005
14/07/19 05:30:38 INFO mapreduce.Job: The url to track the job: http://dco-node121.dco.ethz.ch:8088/proxy/application_1405738110938_0005/
14/07/19 05:30:38 INFO mapreduce.Job: Running job: job_1405738110938_0005
14/07/19 05:30:46 INFO mapreduce.Job: Job job_1405738110938_0005 running in uber mode : false
14/07/19 05:30:46 INFO mapreduce.Job:  map 0% reduce 0%
14/07/19 05:32:24 INFO mapreduce.Job:  map 1% reduce 0%
14/07/19 05:33:04 INFO mapreduce.Job:  map 2% reduce 0%
14/07/19 05:33:28 INFO mapreduce.Job:  map 3% reduce 0%
14/07/19 05:33:47 INFO mapreduce.Job:  map 4% reduce 0%
14/07/19 05:34:07 INFO mapreduce.Job:  map 5% reduce 0%
14/07/19 05:34:22 INFO mapreduce.Job:  map 6% reduce 0%
14/07/19 05:34:37 INFO mapreduce.Job:  map 7% reduce 0%
14/07/19 05:34:57 INFO mapreduce.Job:  map 8% reduce 0%
14/07/19 05:35:17 INFO mapreduce.Job:  map 9% reduce 0%
14/07/19 05:35:38 INFO mapreduce.Job:  map 10% reduce 0%
14/07/19 05:36:13 INFO mapreduce.Job:  map 11% reduce 0%
14/07/19 05:41:30 INFO mapreduce.Job:  map 12% reduce 0%
14/07/19 05:43:41 INFO mapreduce.Job:  map 13% reduce 0%
14/07/19 05:44:29 INFO mapreduce.Job:  map 14% reduce 0%
14/07/19 05:44:49 INFO mapreduce.Job:  map 15% reduce 0%
14/07/19 05:45:03 INFO mapreduce.Job:  map 16% reduce 0%
