Spark assembly has been built with Hive, including Datanucleus jars on classpath
Java HotSpot(TM) 64-Bit Server VM warning: ignoring option MaxPermSize=128m; support was removed in 8.0
=====================================
Remove Infrequent Words Configuration
-------------------------------------
maxWordCount=2147483647, minWordCount=1000, output=hdfs://dco-node121.dco.ethz.ch:54310/cw-combined-pruned-1000, inputCombined=hdfs://dco-node121.dco.ethz.ch:54310/cw-combined, inputWordcount=hdfs://dco-node121.dco.ethz.ch:54310/cw-wordcount/wordcounts.txt
=====================================
2014-07-23 06:00:36,544 [main] WARN  org.apache.spark.SparkConf - 
SPARK_JAVA_OPTS was detected (set to '-Xms4g -Xmx70g  -Dspark.akka.frameSize=2000').
This is deprecated in Spark 1.0+.

Please instead use:
 - ./spark-submit with conf/spark-defaults.conf to set defaults for an application
 - ./spark-submit with --driver-java-options to set -X options for a driver
 - spark.executor.extraJavaOptions to set -X options for executors
 - SPARK_DAEMON_JAVA_OPTS to set java options for standalone daemons (master or worker)
        
2014-07-23 06:00:36,545 [main] WARN  org.apache.spark.SparkConf - Setting 'spark.executor.extraJavaOptions' to '-Xms4g -Xmx70g  -Dspark.akka.frameSize=2000' as a work-around.
2014-07-23 06:00:36,546 [main] WARN  org.apache.spark.SparkConf - Setting 'spark.driver.extraJavaOptions' to '-Xms4g -Xmx70g  -Dspark.akka.frameSize=2000' as a work-around.
2014-07-23 06:00:36,602 [main] INFO  org.apache.spark.SecurityManager - Changing view acls to: root
2014-07-23 06:00:36,603 [main] INFO  org.apache.spark.SecurityManager - SecurityManager: authentication disabled; ui acls disabled; users with view permissions: Set(root)
2014-07-23 06:00:37,046 [spark-akka.actor.default-dispatcher-2] INFO  akka.event.slf4j.Slf4jLogger - Slf4jLogger started
2014-07-23 06:00:37,103 [spark-akka.actor.default-dispatcher-2] INFO  Remoting - Starting remoting
2014-07-23 06:00:37,281 [spark-akka.actor.default-dispatcher-3] INFO  Remoting - Remoting started; listening on addresses :[akka.tcp://spark@dco-node121-mgt.dco.ethz.ch:55315]
2014-07-23 06:00:37,286 [spark-akka.actor.default-dispatcher-2] INFO  Remoting - Remoting now listens on addresses: [akka.tcp://spark@dco-node121-mgt.dco.ethz.ch:55315]
2014-07-23 06:00:37,318 [main] INFO  org.apache.spark.SparkEnv - Registering MapOutputTracker
2014-07-23 06:00:37,322 [main] INFO  org.apache.spark.SparkEnv - Registering BlockManagerMaster
2014-07-23 06:00:37,340 [main] INFO  org.apache.spark.storage.DiskBlockManager - Created local directory at /tmp/spark-local-20140723060037-da02
2014-07-23 06:00:37,345 [main] INFO  org.apache.spark.storage.MemoryStore - MemoryStore started with capacity 40.3 GB.
2014-07-23 06:00:37,377 [main] INFO  org.apache.spark.network.ConnectionManager - Bound socket to port 60496 with id = ConnectionManagerId(dco-node121-mgt.dco.ethz.ch,60496)
2014-07-23 06:00:37,383 [main] INFO  org.apache.spark.storage.BlockManagerMaster - Trying to register BlockManager
2014-07-23 06:00:37,387 [spark-akka.actor.default-dispatcher-3] INFO  org.apache.spark.storage.BlockManagerInfo - Registering block manager dco-node121-mgt.dco.ethz.ch:60496 with 40.3 GB RAM
2014-07-23 06:00:37,390 [main] INFO  org.apache.spark.storage.BlockManagerMaster - Registered BlockManager
2014-07-23 06:00:37,409 [main] INFO  org.apache.spark.HttpServer - Starting HTTP Server
2014-07-23 06:00:37,473 [main] INFO  org.eclipse.jetty.server.Server - jetty-8.y.z-SNAPSHOT
2014-07-23 06:00:37,495 [main] INFO  org.eclipse.jetty.server.AbstractConnector - Started SocketConnector@0.0.0.0:39565
2014-07-23 06:00:37,496 [main] INFO  org.apache.spark.broadcast.HttpBroadcast - Broadcast server started at http://172.31.109.131:39565
2014-07-23 06:00:37,503 [main] INFO  org.apache.spark.HttpFileServer - HTTP File server directory is /tmp/spark-5a62a8d5-a6de-4411-90eb-44b3a93260f0
2014-07-23 06:00:37,503 [main] INFO  org.apache.spark.HttpServer - Starting HTTP Server
2014-07-23 06:00:37,505 [main] INFO  org.eclipse.jetty.server.Server - jetty-8.y.z-SNAPSHOT
2014-07-23 06:00:37,508 [main] INFO  org.eclipse.jetty.server.AbstractConnector - Started SocketConnector@0.0.0.0:41640
2014-07-23 06:00:37,869 [main] INFO  org.eclipse.jetty.server.Server - jetty-8.y.z-SNAPSHOT
2014-07-23 06:00:37,883 [main] WARN  org.eclipse.jetty.util.component.AbstractLifeCycle - FAILED SelectChannelConnector@0.0.0.0:4040: java.net.BindException: Address already in use
java.net.BindException: Address already in use
	at sun.nio.ch.Net.bind0(Native Method)
	at sun.nio.ch.Net.bind(Net.java:414)
	at sun.nio.ch.Net.bind(Net.java:406)
	at sun.nio.ch.ServerSocketChannelImpl.bind(ServerSocketChannelImpl.java:214)
	at sun.nio.ch.ServerSocketAdaptor.bind(ServerSocketAdaptor.java:74)
	at org.eclipse.jetty.server.nio.SelectChannelConnector.open(SelectChannelConnector.java:187)
	at org.eclipse.jetty.server.AbstractConnector.doStart(AbstractConnector.java:316)
	at org.eclipse.jetty.server.nio.SelectChannelConnector.doStart(SelectChannelConnector.java:265)
	at org.eclipse.jetty.util.component.AbstractLifeCycle.start(AbstractLifeCycle.java:64)
	at org.eclipse.jetty.server.Server.doStart(Server.java:293)
	at org.eclipse.jetty.util.component.AbstractLifeCycle.start(AbstractLifeCycle.java:64)
	at org.apache.spark.ui.JettyUtils$$anonfun$1.apply$mcV$sp(JettyUtils.scala:192)
	at org.apache.spark.ui.JettyUtils$$anonfun$1.apply(JettyUtils.scala:192)
	at org.apache.spark.ui.JettyUtils$$anonfun$1.apply(JettyUtils.scala:192)
	at scala.util.Try$.apply(Try.scala:161)
	at org.apache.spark.ui.JettyUtils$.connect$1(JettyUtils.scala:191)
	at org.apache.spark.ui.JettyUtils$.startJettyServer(JettyUtils.scala:205)
	at org.apache.spark.ui.WebUI.bind(WebUI.scala:99)
	at org.apache.spark.SparkContext.<init>(SparkContext.scala:223)
	at RemoveInfrequentWordsApp$.createSparkContext(RemoveInfrequentWordsApp.scala:98)
	at RemoveInfrequentWordsApp$.main(RemoveInfrequentWordsApp.scala:15)
	at RemoveInfrequentWordsApp.main(RemoveInfrequentWordsApp.scala)
	at sun.reflect.NativeMethodAccessorImpl.invoke0(Native Method)
	at sun.reflect.NativeMethodAccessorImpl.invoke(NativeMethodAccessorImpl.java:62)
	at sun.reflect.DelegatingMethodAccessorImpl.invoke(DelegatingMethodAccessorImpl.java:43)
	at java.lang.reflect.Method.invoke(Method.java:483)
	at org.apache.spark.deploy.SparkSubmit$.launch(SparkSubmit.scala:292)
	at org.apache.spark.deploy.SparkSubmit$.main(SparkSubmit.scala:55)
	at org.apache.spark.deploy.SparkSubmit.main(SparkSubmit.scala)
2014-07-23 06:00:37,888 [main] WARN  org.eclipse.jetty.util.component.AbstractLifeCycle - FAILED org.eclipse.jetty.server.Server@10ded6a9: java.net.BindException: Address already in use
java.net.BindException: Address already in use
	at sun.nio.ch.Net.bind0(Native Method)
	at sun.nio.ch.Net.bind(Net.java:414)
	at sun.nio.ch.Net.bind(Net.java:406)
	at sun.nio.ch.ServerSocketChannelImpl.bind(ServerSocketChannelImpl.java:214)
	at sun.nio.ch.ServerSocketAdaptor.bind(ServerSocketAdaptor.java:74)
	at org.eclipse.jetty.server.nio.SelectChannelConnector.open(SelectChannelConnector.java:187)
	at org.eclipse.jetty.server.AbstractConnector.doStart(AbstractConnector.java:316)
	at org.eclipse.jetty.server.nio.SelectChannelConnector.doStart(SelectChannelConnector.java:265)
	at org.eclipse.jetty.util.component.AbstractLifeCycle.start(AbstractLifeCycle.java:64)
	at org.eclipse.jetty.server.Server.doStart(Server.java:293)
	at org.eclipse.jetty.util.component.AbstractLifeCycle.start(AbstractLifeCycle.java:64)
	at org.apache.spark.ui.JettyUtils$$anonfun$1.apply$mcV$sp(JettyUtils.scala:192)
	at org.apache.spark.ui.JettyUtils$$anonfun$1.apply(JettyUtils.scala:192)
	at org.apache.spark.ui.JettyUtils$$anonfun$1.apply(JettyUtils.scala:192)
	at scala.util.Try$.apply(Try.scala:161)
	at org.apache.spark.ui.JettyUtils$.connect$1(JettyUtils.scala:191)
	at org.apache.spark.ui.JettyUtils$.startJettyServer(JettyUtils.scala:205)
	at org.apache.spark.ui.WebUI.bind(WebUI.scala:99)
	at org.apache.spark.SparkContext.<init>(SparkContext.scala:223)
	at RemoveInfrequentWordsApp$.createSparkContext(RemoveInfrequentWordsApp.scala:98)
	at RemoveInfrequentWordsApp$.main(RemoveInfrequentWordsApp.scala:15)
	at RemoveInfrequentWordsApp.main(RemoveInfrequentWordsApp.scala)
	at sun.reflect.NativeMethodAccessorImpl.invoke0(Native Method)
	at sun.reflect.NativeMethodAccessorImpl.invoke(NativeMethodAccessorImpl.java:62)
	at sun.reflect.DelegatingMethodAccessorImpl.invoke(DelegatingMethodAccessorImpl.java:43)
	at java.lang.reflect.Method.invoke(Method.java:483)
	at org.apache.spark.deploy.SparkSubmit$.launch(SparkSubmit.scala:292)
	at org.apache.spark.deploy.SparkSubmit$.main(SparkSubmit.scala:55)
	at org.apache.spark.deploy.SparkSubmit.main(SparkSubmit.scala)
2014-07-23 06:00:37,894 [main] INFO  org.eclipse.jetty.server.handler.ContextHandler - stopped o.e.j.s.ServletContextHandler{/metrics/json,null}
2014-07-23 06:00:37,894 [main] INFO  org.eclipse.jetty.server.handler.ContextHandler - stopped o.e.j.s.ServletContextHandler{/stages/stage/kill,null}
2014-07-23 06:00:37,895 [main] INFO  org.eclipse.jetty.server.handler.ContextHandler - stopped o.e.j.s.ServletContextHandler{/,null}
2014-07-23 06:00:37,895 [main] INFO  org.eclipse.jetty.server.handler.ContextHandler - stopped o.e.j.s.ServletContextHandler{/static,null}
2014-07-23 06:00:37,895 [main] INFO  org.eclipse.jetty.server.handler.ContextHandler - stopped o.e.j.s.ServletContextHandler{/executors/json,null}
2014-07-23 06:00:37,896 [main] INFO  org.eclipse.jetty.server.handler.ContextHandler - stopped o.e.j.s.ServletContextHandler{/executors,null}
2014-07-23 06:00:37,897 [main] INFO  org.eclipse.jetty.server.handler.ContextHandler - stopped o.e.j.s.ServletContextHandler{/environment/json,null}
2014-07-23 06:00:37,897 [main] INFO  org.eclipse.jetty.server.handler.ContextHandler - stopped o.e.j.s.ServletContextHandler{/environment,null}
2014-07-23 06:00:37,897 [main] INFO  org.eclipse.jetty.server.handler.ContextHandler - stopped o.e.j.s.ServletContextHandler{/storage/rdd/json,null}
2014-07-23 06:00:37,897 [main] INFO  org.eclipse.jetty.server.handler.ContextHandler - stopped o.e.j.s.ServletContextHandler{/storage/rdd,null}
2014-07-23 06:00:37,898 [main] INFO  org.eclipse.jetty.server.handler.ContextHandler - stopped o.e.j.s.ServletContextHandler{/storage/json,null}
2014-07-23 06:00:37,898 [main] INFO  org.eclipse.jetty.server.handler.ContextHandler - stopped o.e.j.s.ServletContextHandler{/storage,null}
2014-07-23 06:00:37,898 [main] INFO  org.eclipse.jetty.server.handler.ContextHandler - stopped o.e.j.s.ServletContextHandler{/stages/pool/json,null}
2014-07-23 06:00:37,898 [main] INFO  org.eclipse.jetty.server.handler.ContextHandler - stopped o.e.j.s.ServletContextHandler{/stages/pool,null}
2014-07-23 06:00:37,899 [main] INFO  org.eclipse.jetty.server.handler.ContextHandler - stopped o.e.j.s.ServletContextHandler{/stages/stage/json,null}
2014-07-23 06:00:37,899 [main] INFO  org.eclipse.jetty.server.handler.ContextHandler - stopped o.e.j.s.ServletContextHandler{/stages/stage,null}
2014-07-23 06:00:37,899 [main] INFO  org.eclipse.jetty.server.handler.ContextHandler - stopped o.e.j.s.ServletContextHandler{/stages/json,null}
2014-07-23 06:00:37,900 [main] INFO  org.eclipse.jetty.server.handler.ContextHandler - stopped o.e.j.s.ServletContextHandler{/stages,null}
2014-07-23 06:00:37,954 [main] INFO  org.apache.spark.ui.JettyUtils - Failed to create UI at port, 4040. Trying again.
2014-07-23 06:00:37,955 [main] INFO  org.apache.spark.ui.JettyUtils - Error was: Failure(java.net.BindException: Address already in use)
2014-07-23 06:00:37,958 [main] INFO  org.eclipse.jetty.server.Server - jetty-8.y.z-SNAPSHOT
2014-07-23 06:00:37,975 [main] INFO  org.eclipse.jetty.server.AbstractConnector - Started SelectChannelConnector@0.0.0.0:4041
2014-07-23 06:00:37,982 [main] INFO  org.apache.spark.ui.SparkUI - Started SparkUI at http://dco-node121-mgt.dco.ethz.ch:4041
2014-07-23 06:00:38,221 [main] WARN  org.apache.hadoop.util.NativeCodeLoader - Unable to load native-hadoop library for your platform... using builtin-java classes where applicable
2014-07-23 06:00:38,940 [main] INFO  org.apache.spark.scheduler.EventLoggingListener - Logging events to hdfs://dco-node121.dco.ethz.ch:54310/spark_event_log/remove-infrequent-words-1406088038323
2014-07-23 06:00:39,207 [main] INFO  org.apache.spark.SparkContext - Added JAR file:/disk3/user_work/runs/remove_infrequent_words11/run.jar at http://172.31.109.131:41640/jars/run.jar with timestamp 1406088039206
2014-07-23 06:00:39,272 [spark-akka.actor.default-dispatcher-2] INFO  org.apache.spark.deploy.client.AppClient$ClientActor - Connecting to master spark://dco-node121.dco.ethz.ch:7077...
2014-07-23 06:00:39,566 [main] INFO  org.apache.spark.storage.MemoryStore - ensureFreeSpace(231905) called with curMem=0, maxMem=43218213273
2014-07-23 06:00:39,568 [main] INFO  org.apache.spark.storage.MemoryStore - Block broadcast_0 stored as values to memory (estimated size 226.5 KB, free 40.2 GB)
2014-07-23 06:00:39,638 [spark-akka.actor.default-dispatcher-5] INFO  org.apache.spark.scheduler.cluster.SparkDeploySchedulerBackend - Connected to Spark cluster with app ID app-20140723060039-0014
2014-07-23 06:00:39,839 [main] INFO  org.apache.hadoop.mapred.FileInputFormat - Total input paths to process : 1
2014-07-23 06:00:39,884 [main] INFO  org.apache.hadoop.net.NetworkTopology - Adding a new node: /default-rack/172.31.109.146:50010
2014-07-23 06:00:39,885 [main] INFO  org.apache.hadoop.net.NetworkTopology - Adding a new node: /default-rack/172.31.109.135:50010
2014-07-23 06:00:39,885 [main] INFO  org.apache.hadoop.net.NetworkTopology - Adding a new node: /default-rack/172.31.109.133:50010
2014-07-23 06:00:39,886 [main] INFO  org.apache.hadoop.net.NetworkTopology - Adding a new node: /default-rack/172.31.109.139:50010
2014-07-23 06:00:39,886 [main] INFO  org.apache.hadoop.net.NetworkTopology - Adding a new node: /default-rack/172.31.109.142:50010
2014-07-23 06:00:39,892 [main] INFO  org.apache.spark.SparkContext - Starting job: collect at RemoveInfrequentWordsApp.scala:51
2014-07-23 06:00:39,908 [spark-akka.actor.default-dispatcher-3] INFO  org.apache.spark.scheduler.DAGScheduler - Got job 0 (collect at RemoveInfrequentWordsApp.scala:51) with 81 output partitions (allowLocal=false)
2014-07-23 06:00:39,908 [spark-akka.actor.default-dispatcher-3] INFO  org.apache.spark.scheduler.DAGScheduler - Final stage: Stage 0(collect at RemoveInfrequentWordsApp.scala:51)
2014-07-23 06:00:39,909 [spark-akka.actor.default-dispatcher-3] INFO  org.apache.spark.scheduler.DAGScheduler - Parents of final stage: List()
2014-07-23 06:00:39,939 [spark-akka.actor.default-dispatcher-3] INFO  org.apache.spark.scheduler.DAGScheduler - Missing parents: List()
2014-07-23 06:00:39,948 [spark-akka.actor.default-dispatcher-3] INFO  org.apache.spark.scheduler.DAGScheduler - Submitting Stage 0 (FilteredRDD[5] at filter at RemoveInfrequentWordsApp.scala:50), which has no missing parents
2014-07-23 06:00:40,024 [spark-akka.actor.default-dispatcher-3] INFO  org.apache.spark.scheduler.DAGScheduler - Submitting 81 missing tasks from Stage 0 (FilteredRDD[5] at filter at RemoveInfrequentWordsApp.scala:50)
2014-07-23 06:00:40,027 [spark-akka.actor.default-dispatcher-3] INFO  org.apache.spark.scheduler.TaskSchedulerImpl - Adding task set 0.0 with 81 tasks
2014-07-23 06:00:55,039 [Timer-0] WARN  org.apache.spark.scheduler.TaskSchedulerImpl - Initial job has not accepted any resources; check your cluster UI to ensure that workers are registered and have sufficient memory
2014-07-23 06:01:10,038 [Timer-0] WARN  org.apache.spark.scheduler.TaskSchedulerImpl - Initial job has not accepted any resources; check your cluster UI to ensure that workers are registered and have sufficient memory
2014-07-23 06:01:25,038 [Timer-0] WARN  org.apache.spark.scheduler.TaskSchedulerImpl - Initial job has not accepted any resources; check your cluster UI to ensure that workers are registered and have sufficient memory
2014-07-23 06:01:40,038 [Timer-0] WARN  org.apache.spark.scheduler.TaskSchedulerImpl - Initial job has not accepted any resources; check your cluster UI to ensure that workers are registered and have sufficient memory
2014-07-23 06:01:55,038 [Timer-0] WARN  org.apache.spark.scheduler.TaskSchedulerImpl - Initial job has not accepted any resources; check your cluster UI to ensure that workers are registered and have sufficient memory
2014-07-23 06:02:10,039 [Timer-0] WARN  org.apache.spark.scheduler.TaskSchedulerImpl - Initial job has not accepted any resources; check your cluster UI to ensure that workers are registered and have sufficient memory
2014-07-23 06:02:25,038 [Timer-0] WARN  org.apache.spark.scheduler.TaskSchedulerImpl - Initial job has not accepted any resources; check your cluster UI to ensure that workers are registered and have sufficient memory
