Running on hadoop, using /opt/hadoop-2.4.0/bin/hadoop and HADOOP_CONF_DIR=
MAHOUT-JOB: /opt/mahout/examples/target/mahout-examples-1.0-SNAPSHOT-job.jar
14/07/19 21:09:48 WARN driver.MahoutDriver: No cvb.props found on classpath, will use command-line arguments only
14/07/19 21:09:48 INFO common.AbstractJob: Command line arguments: {--convergenceDelta=[0.0], --dictionary=[/cw-seqdir-sparse-lda/dictionary.file-*], --doc_topic_output=[/runs/r20/doc-topics], --doc_topic_smoothing=[1.0E-4], --endPhase=[2147483647], --input=[/cw-out-matrix/matrix], --iteration_block_size=[10], --maxIter=[1], --max_doc_topic_iters=[10], --num_reduce_tasks=[10], --num_topics=[10], --num_train_threads=[4], --num_update_threads=[4], --output=[/runs/r20/topics], --random_seed=[42], --startPhase=[0], --tempDir=[/runs/r20/cas-temp/], --term_topic_smoothing=[1.0E-4], --test_set_fraction=[0.1]}
14/07/19 21:09:48 WARN util.NativeCodeLoader: Unable to load native-hadoop library for your platform... using builtin-java classes where applicable
14/07/19 21:10:12 INFO cvb.CVB0Driver: Will run Collapsed Variational Bayes (0th-derivative approximation) learning for LDA on /cw-out-matrix/matrix (numTerms: 13914453), finding 10-topics, with document/topic prior 1.0E-4, topic/term prior 1.0E-4.  Maximum iterations to run will be 1, unless the change in perplexity is less than 0.0.  Topic model output (p(term|topic) for each topic) will be stored /runs/r20/topics.  Random initialization seed is 42, holding out 0.1 of the data for perplexity check

14/07/19 21:10:12 INFO cvb.CVB0Driver: Dictionary to be used located /cw-seqdir-sparse-lda/dictionary.file-*
p(topic|docId) will be stored /runs/r20/doc-topics

14/07/19 21:10:12 INFO cvb.CVB0Driver: Current iteration number: 0
14/07/19 21:10:12 INFO cvb.CVB0Driver: About to run iteration 1 of 1
14/07/19 21:10:12 INFO cvb.CVB0Driver: About to run: Iteration 1 of 1, input path: /runs/r20/cas-temp/topicModelState/model-0
14/07/19 21:10:12 INFO Configuration.deprecation: mapred.input.dir is deprecated. Instead, use mapreduce.input.fileinputformat.inputdir
14/07/19 21:10:12 INFO Configuration.deprecation: mapred.compress.map.output is deprecated. Instead, use mapreduce.map.output.compress
14/07/19 21:10:12 INFO Configuration.deprecation: mapred.output.dir is deprecated. Instead, use mapreduce.output.fileoutputformat.outputdir
14/07/19 21:10:12 INFO client.RMProxy: Connecting to ResourceManager at dco-node121.dco.ethz.ch/172.31.109.131:8032
14/07/19 21:10:19 INFO input.FileInputFormat: Total input paths to process : 1
14/07/19 21:10:23 INFO mapreduce.JobSubmitter: number of splits:1096
14/07/19 21:10:23 INFO mapreduce.JobSubmitter: Submitting tokens for job: job_1405796570933_0002
14/07/19 21:10:24 INFO impl.YarnClientImpl: Submitted application application_1405796570933_0002
14/07/19 21:10:24 INFO mapreduce.Job: The url to track the job: http://dco-node121.dco.ethz.ch:8088/proxy/application_1405796570933_0002/
14/07/19 21:10:24 INFO mapreduce.Job: Running job: job_1405796570933_0002
14/07/19 21:10:32 INFO mapreduce.Job: Job job_1405796570933_0002 running in uber mode : false
14/07/19 21:10:32 INFO mapreduce.Job:  map 0% reduce 0%
14/07/19 21:11:20 INFO mapreduce.Job:  map 1% reduce 0%
14/07/19 21:11:37 INFO mapreduce.Job:  map 2% reduce 0%
14/07/19 21:11:50 INFO mapreduce.Job:  map 3% reduce 0%
14/07/19 21:12:05 INFO mapreduce.Job:  map 4% reduce 0%
14/07/19 21:12:21 INFO mapreduce.Job:  map 5% reduce 0%
14/07/19 21:12:36 INFO mapreduce.Job:  map 6% reduce 0%
14/07/19 21:12:52 INFO mapreduce.Job:  map 7% reduce 0%
14/07/19 21:13:07 INFO mapreduce.Job:  map 8% reduce 0%
14/07/19 21:13:24 INFO mapreduce.Job:  map 9% reduce 0%
14/07/19 21:13:42 INFO mapreduce.Job:  map 10% reduce 0%
14/07/19 21:14:09 INFO mapreduce.Job:  map 11% reduce 0%
14/07/19 21:15:42 INFO mapreduce.Job:  map 12% reduce 0%
14/07/19 21:15:55 INFO mapreduce.Job:  map 13% reduce 0%
14/07/19 21:16:07 INFO mapreduce.Job:  map 14% reduce 0%
14/07/19 21:16:17 INFO mapreduce.Job:  map 15% reduce 0%
14/07/19 21:16:28 INFO mapreduce.Job:  map 16% reduce 0%
14/07/19 21:16:44 INFO mapreduce.Job:  map 17% reduce 0%
14/07/19 21:17:03 INFO mapreduce.Job:  map 18% reduce 0%
14/07/19 21:17:22 INFO mapreduce.Job:  map 19% reduce 0%
14/07/19 21:17:43 INFO mapreduce.Job:  map 20% reduce 0%
14/07/19 21:18:00 INFO mapreduce.Job:  map 21% reduce 0%
14/07/19 21:18:18 INFO mapreduce.Job:  map 22% reduce 0%
14/07/19 21:18:37 INFO mapreduce.Job:  map 23% reduce 0%
14/07/19 21:18:59 INFO mapreduce.Job:  map 24% reduce 0%
14/07/19 21:19:37 INFO mapreduce.Job:  map 25% reduce 0%
14/07/19 21:20:00 INFO mapreduce.Job: Task Id : attempt_1405796570933_0002_r_000000_0, Status : FAILED
Error: java.lang.RuntimeException: Invlaid configuration: maxSingleShuffleLimit should be less than mergeThresholdmaxSingleShuffleLimit: 0mergeThreshold: 0
	at org.apache.hadoop.mapreduce.task.reduce.MergeManagerImpl.<init>(MergeManagerImpl.java:200)
	at org.apache.hadoop.mapreduce.task.reduce.Shuffle.createMergeManager(Shuffle.java:85)
	at org.apache.hadoop.mapreduce.task.reduce.Shuffle.init(Shuffle.java:80)
	at org.apache.hadoop.mapred.ReduceTask.run(ReduceTask.java:374)
	at org.apache.hadoop.mapred.YarnChild$2.run(YarnChild.java:167)
	at java.security.AccessController.doPrivileged(Native Method)
	at javax.security.auth.Subject.doAs(Subject.java:422)
	at org.apache.hadoop.security.UserGroupInformation.doAs(UserGroupInformation.java:1548)
	at org.apache.hadoop.mapred.YarnChild.main(YarnChild.java:162)

14/07/19 21:20:51 INFO mapreduce.Job:  map 26% reduce 0%
14/07/19 21:21:04 INFO mapreduce.Job:  map 27% reduce 0%
14/07/19 21:21:21 INFO mapreduce.Job:  map 28% reduce 0%
14/07/19 21:21:33 INFO mapreduce.Job:  map 29% reduce 0%
14/07/19 21:21:34 INFO mapreduce.Job: Task Id : attempt_1405796570933_0002_r_000001_0, Status : FAILED
Error: java.lang.RuntimeException: Invlaid configuration: maxSingleShuffleLimit should be less than mergeThresholdmaxSingleShuffleLimit: 0mergeThreshold: 0
	at org.apache.hadoop.mapreduce.task.reduce.MergeManagerImpl.<init>(MergeManagerImpl.java:200)
	at org.apache.hadoop.mapreduce.task.reduce.Shuffle.createMergeManager(Shuffle.java:85)
	at org.apache.hadoop.mapreduce.task.reduce.Shuffle.init(Shuffle.java:80)
	at org.apache.hadoop.mapred.ReduceTask.run(ReduceTask.java:374)
	at org.apache.hadoop.mapred.YarnChild$2.run(YarnChild.java:167)
	at java.security.AccessController.doPrivileged(Native Method)
	at javax.security.auth.Subject.doAs(Subject.java:422)
	at org.apache.hadoop.security.UserGroupInformation.doAs(UserGroupInformation.java:1548)
	at org.apache.hadoop.mapred.YarnChild.main(YarnChild.java:162)

14/07/19 21:21:48 INFO mapreduce.Job:  map 30% reduce 0%
14/07/19 21:22:02 INFO mapreduce.Job:  map 31% reduce 0%
14/07/19 21:22:15 INFO mapreduce.Job:  map 32% reduce 0%
14/07/19 21:22:32 INFO mapreduce.Job:  map 33% reduce 0%
14/07/19 21:22:49 INFO mapreduce.Job:  map 34% reduce 0%
14/07/19 21:23:06 INFO mapreduce.Job:  map 35% reduce 0%
14/07/19 21:23:23 INFO mapreduce.Job:  map 36% reduce 0%
14/07/19 21:23:44 INFO mapreduce.Job: Task Id : attempt_1405796570933_0002_r_000000_1, Status : FAILED
Error: java.lang.RuntimeException: Invlaid configuration: maxSingleShuffleLimit should be less than mergeThresholdmaxSingleShuffleLimit: 0mergeThreshold: 0
	at org.apache.hadoop.mapreduce.task.reduce.MergeManagerImpl.<init>(MergeManagerImpl.java:200)
	at org.apache.hadoop.mapreduce.task.reduce.Shuffle.createMergeManager(Shuffle.java:85)
	at org.apache.hadoop.mapreduce.task.reduce.Shuffle.init(Shuffle.java:80)
	at org.apache.hadoop.mapred.ReduceTask.run(ReduceTask.java:374)
	at org.apache.hadoop.mapred.YarnChild$2.run(YarnChild.java:167)
	at java.security.AccessController.doPrivileged(Native Method)
	at javax.security.auth.Subject.doAs(Subject.java:422)
	at org.apache.hadoop.security.UserGroupInformation.doAs(UserGroupInformation.java:1548)
	at org.apache.hadoop.mapred.YarnChild.main(YarnChild.java:162)

14/07/19 21:23:45 INFO mapreduce.Job:  map 37% reduce 0%
14/07/19 21:24:00 INFO mapreduce.Job: Task Id : attempt_1405796570933_0002_r_000002_0, Status : FAILED
Error: java.lang.RuntimeException: Invlaid configuration: maxSingleShuffleLimit should be less than mergeThresholdmaxSingleShuffleLimit: 0mergeThreshold: 0
	at org.apache.hadoop.mapreduce.task.reduce.MergeManagerImpl.<init>(MergeManagerImpl.java:200)
	at org.apache.hadoop.mapreduce.task.reduce.Shuffle.createMergeManager(Shuffle.java:85)
	at org.apache.hadoop.mapreduce.task.reduce.Shuffle.init(Shuffle.java:80)
	at org.apache.hadoop.mapred.ReduceTask.run(ReduceTask.java:374)
	at org.apache.hadoop.mapred.YarnChild$2.run(YarnChild.java:167)
	at java.security.AccessController.doPrivileged(Native Method)
	at javax.security.auth.Subject.doAs(Subject.java:422)
	at org.apache.hadoop.security.UserGroupInformation.doAs(UserGroupInformation.java:1548)
	at org.apache.hadoop.mapred.YarnChild.main(YarnChild.java:162)

14/07/19 21:24:24 INFO mapreduce.Job:  map 38% reduce 0%
14/07/19 21:25:33 INFO mapreduce.Job:  map 39% reduce 0%
14/07/19 21:26:02 INFO mapreduce.Job:  map 40% reduce 0%
14/07/19 21:26:22 INFO mapreduce.Job:  map 41% reduce 0%
14/07/19 21:26:35 INFO mapreduce.Job: Task Id : attempt_1405796570933_0002_r_000001_1, Status : FAILED
Error: java.lang.RuntimeException: Invlaid configuration: maxSingleShuffleLimit should be less than mergeThresholdmaxSingleShuffleLimit: 0mergeThreshold: 0
	at org.apache.hadoop.mapreduce.task.reduce.MergeManagerImpl.<init>(MergeManagerImpl.java:200)
	at org.apache.hadoop.mapreduce.task.reduce.Shuffle.createMergeManager(Shuffle.java:85)
	at org.apache.hadoop.mapreduce.task.reduce.Shuffle.init(Shuffle.java:80)
	at org.apache.hadoop.mapred.ReduceTask.run(ReduceTask.java:374)
	at org.apache.hadoop.mapred.YarnChild$2.run(YarnChild.java:167)
	at java.security.AccessController.doPrivileged(Native Method)
	at javax.security.auth.Subject.doAs(Subject.java:422)
	at org.apache.hadoop.security.UserGroupInformation.doAs(UserGroupInformation.java:1548)
	at org.apache.hadoop.mapred.YarnChild.main(YarnChild.java:162)

14/07/19 21:26:49 INFO mapreduce.Job:  map 42% reduce 0%
14/07/19 21:26:54 INFO mapreduce.Job: Task Id : attempt_1405796570933_0002_r_000000_2, Status : FAILED
Error: java.lang.RuntimeException: Invlaid configuration: maxSingleShuffleLimit should be less than mergeThresholdmaxSingleShuffleLimit: 0mergeThreshold: 0
	at org.apache.hadoop.mapreduce.task.reduce.MergeManagerImpl.<init>(MergeManagerImpl.java:200)
	at org.apache.hadoop.mapreduce.task.reduce.Shuffle.createMergeManager(Shuffle.java:85)
	at org.apache.hadoop.mapreduce.task.reduce.Shuffle.init(Shuffle.java:80)
	at org.apache.hadoop.mapred.ReduceTask.run(ReduceTask.java:374)
	at org.apache.hadoop.mapred.YarnChild$2.run(YarnChild.java:167)
	at java.security.AccessController.doPrivileged(Native Method)
	at javax.security.auth.Subject.doAs(Subject.java:422)
	at org.apache.hadoop.security.UserGroupInformation.doAs(UserGroupInformation.java:1548)
	at org.apache.hadoop.mapred.YarnChild.main(YarnChild.java:162)

14/07/19 21:27:12 INFO mapreduce.Job:  map 43% reduce 0%
14/07/19 21:27:29 INFO mapreduce.Job:  map 44% reduce 0%
14/07/19 21:27:46 INFO mapreduce.Job:  map 45% reduce 0%
14/07/19 21:28:04 INFO mapreduce.Job:  map 46% reduce 0%
14/07/19 21:28:30 INFO mapreduce.Job:  map 47% reduce 0%
14/07/19 21:28:39 INFO mapreduce.Job: Task Id : attempt_1405796570933_0002_r_000002_1, Status : FAILED
Error: java.lang.RuntimeException: Invlaid configuration: maxSingleShuffleLimit should be less than mergeThresholdmaxSingleShuffleLimit: 0mergeThreshold: 0
	at org.apache.hadoop.mapreduce.task.reduce.MergeManagerImpl.<init>(MergeManagerImpl.java:200)
	at org.apache.hadoop.mapreduce.task.reduce.Shuffle.createMergeManager(Shuffle.java:85)
	at org.apache.hadoop.mapreduce.task.reduce.Shuffle.init(Shuffle.java:80)
	at org.apache.hadoop.mapred.ReduceTask.run(ReduceTask.java:374)
	at org.apache.hadoop.mapred.YarnChild$2.run(YarnChild.java:167)
	at java.security.AccessController.doPrivileged(Native Method)
	at javax.security.auth.Subject.doAs(Subject.java:422)
	at org.apache.hadoop.security.UserGroupInformation.doAs(UserGroupInformation.java:1548)
	at org.apache.hadoop.mapred.YarnChild.main(YarnChild.java:162)

14/07/19 21:28:51 INFO mapreduce.Job:  map 48% reduce 0%
14/07/19 21:29:10 INFO mapreduce.Job:  map 49% reduce 0%
14/07/19 21:29:35 INFO mapreduce.Job:  map 50% reduce 0%
14/07/19 21:29:45 INFO mapreduce.Job: Task Id : attempt_1405796570933_0002_r_000003_0, Status : FAILED
Error: java.lang.RuntimeException: Invlaid configuration: maxSingleShuffleLimit should be less than mergeThresholdmaxSingleShuffleLimit: 0mergeThreshold: 0
	at org.apache.hadoop.mapreduce.task.reduce.MergeManagerImpl.<init>(MergeManagerImpl.java:200)
	at org.apache.hadoop.mapreduce.task.reduce.Shuffle.createMergeManager(Shuffle.java:85)
	at org.apache.hadoop.mapreduce.task.reduce.Shuffle.init(Shuffle.java:80)
	at org.apache.hadoop.mapred.ReduceTask.run(ReduceTask.java:374)
	at org.apache.hadoop.mapred.YarnChild$2.run(YarnChild.java:167)
	at java.security.AccessController.doPrivileged(Native Method)
	at javax.security.auth.Subject.doAs(Subject.java:422)
	at org.apache.hadoop.security.UserGroupInformation.doAs(UserGroupInformation.java:1548)
	at org.apache.hadoop.mapred.YarnChild.main(YarnChild.java:162)

14/07/19 21:29:48 INFO mapreduce.Job: Task Id : attempt_1405796570933_0002_r_000001_2, Status : FAILED
Error: java.lang.RuntimeException: Invlaid configuration: maxSingleShuffleLimit should be less than mergeThresholdmaxSingleShuffleLimit: 0mergeThreshold: 0
	at org.apache.hadoop.mapreduce.task.reduce.MergeManagerImpl.<init>(MergeManagerImpl.java:200)
	at org.apache.hadoop.mapreduce.task.reduce.Shuffle.createMergeManager(Shuffle.java:85)
	at org.apache.hadoop.mapreduce.task.reduce.Shuffle.init(Shuffle.java:80)
	at org.apache.hadoop.mapred.ReduceTask.run(ReduceTask.java:374)
	at org.apache.hadoop.mapred.YarnChild$2.run(YarnChild.java:167)
	at java.security.AccessController.doPrivileged(Native Method)
	at javax.security.auth.Subject.doAs(Subject.java:422)
	at org.apache.hadoop.security.UserGroupInformation.doAs(UserGroupInformation.java:1548)
	at org.apache.hadoop.mapred.YarnChild.main(YarnChild.java:162)

14/07/19 21:30:00 INFO mapreduce.Job:  map 100% reduce 100%
14/07/19 21:30:03 INFO mapreduce.Job: Job job_1405796570933_0002 failed with state FAILED due to: Task failed task_1405796570933_0002_r_000000
Job failed as tasks failed. failedMaps:0 failedReduces:1

14/07/19 21:30:03 INFO mapreduce.Job: Counters: 40
	File System Counters
		FILE: Number of bytes read=11112003116
		FILE: Number of bytes written=22088096182
		FILE: Number of read operations=0
		FILE: Number of large read operations=0
		FILE: Number of write operations=0
		HDFS: Number of bytes read=8222450416
		HDFS: Number of bytes written=0
		HDFS: Number of read operations=1960
		HDFS: Number of large read operations=0
		HDFS: Number of write operations=0
	Job Counters 
		Failed reduce tasks=10
		Killed map tasks=131
		Launched map tasks=621
		Launched reduce tasks=10
		Data-local map tasks=610
		Rack-local map tasks=11
		Total time spent by all maps in occupied slots (ms)=1778252270
		Total time spent by all reduces in occupied slots (ms)=7300778
		Total time spent by all map tasks (ms)=177825227
		Total time spent by all reduce tasks (ms)=61871
		Total vcore-seconds taken by all map tasks=177825227
		Total vcore-seconds taken by all reduce tasks=61871
		Total megabyte-seconds taken by all map tasks=1778252270000
		Total megabyte-seconds taken by all reduce tasks=7424520000
	Map-Reduce Framework
		Map input records=18770116
		Map output records=4900
		Map output bytes=10979208208
		Map output materialized bytes=11020249091
		Input split bytes=59780
		Combine input records=4900
		Combine output records=4900
		Spilled Records=9800
		Failed Shuffles=0
		Merged Map outputs=0
		GC time elapsed (ms)=10082986
		CPU time spent (ms)=164114240
		Physical memory (bytes) snapshot=1834215604224
		Virtual memory (bytes) snapshot=6272567980032
		Total committed heap usage (bytes)=1749377089536
	File Input Format Counters 
		Bytes Read=8222390636
Exception in thread "main" java.lang.InterruptedException: Failed to complete iteration 1 stage 1
	at org.apache.mahout.clustering.lda.cvb.CVB0Driver.runIteration(CVB0Driver.java:502)
	at org.apache.mahout.clustering.lda.cvb.CVB0Driver.run(CVB0Driver.java:319)
	at org.apache.mahout.clustering.lda.cvb.CVB0Driver.run(CVB0Driver.java:198)
	at org.apache.hadoop.util.ToolRunner.run(ToolRunner.java:70)
	at org.apache.mahout.clustering.lda.cvb.CVB0Driver.main(CVB0Driver.java:534)
	at sun.reflect.NativeMethodAccessorImpl.invoke0(Native Method)
	at sun.reflect.NativeMethodAccessorImpl.invoke(NativeMethodAccessorImpl.java:62)
	at sun.reflect.DelegatingMethodAccessorImpl.invoke(DelegatingMethodAccessorImpl.java:43)
	at java.lang.reflect.Method.invoke(Method.java:483)
	at org.apache.hadoop.util.ProgramDriver$ProgramDescription.invoke(ProgramDriver.java:72)
	at org.apache.hadoop.util.ProgramDriver.run(ProgramDriver.java:145)
	at org.apache.hadoop.util.ProgramDriver.driver(ProgramDriver.java:153)
	at org.apache.mahout.driver.MahoutDriver.main(MahoutDriver.java:195)
	at sun.reflect.NativeMethodAccessorImpl.invoke0(Native Method)
	at sun.reflect.NativeMethodAccessorImpl.invoke(NativeMethodAccessorImpl.java:62)
	at sun.reflect.DelegatingMethodAccessorImpl.invoke(DelegatingMethodAccessorImpl.java:43)
	at java.lang.reflect.Method.invoke(Method.java:483)
	at org.apache.hadoop.util.RunJar.main(RunJar.java:212)
