Spark assembly has been built with Hive, including Datanucleus jars on classpath
Java HotSpot(TM) 64-Bit Server VM warning: ignoring option MaxPermSize=128m; support was removed in 8.0
=====================================
Remove Infrequent Words Configuration
-------------------------------------
maxWordCount=2147483647, minWordCount=5000, output=hdfs://dco-node121.dco.ethz.ch:54310/cw-combined-pruned-5000, inputCombined=hdfs://dco-node121.dco.ethz.ch:54310/cw-combined, inputWordcount=hdfs://dco-node121.dco.ethz.ch:54310/cw-wordcount/wordcounts.txt
=====================================
2014-07-23 06:01:31,063 [main] WARN  org.apache.spark.SparkConf - 
SPARK_JAVA_OPTS was detected (set to '-Xms4g -Xmx70g  -Dspark.akka.frameSize=2000').
This is deprecated in Spark 1.0+.

Please instead use:
 - ./spark-submit with conf/spark-defaults.conf to set defaults for an application
 - ./spark-submit with --driver-java-options to set -X options for a driver
 - spark.executor.extraJavaOptions to set -X options for executors
 - SPARK_DAEMON_JAVA_OPTS to set java options for standalone daemons (master or worker)
        
2014-07-23 06:01:31,065 [main] WARN  org.apache.spark.SparkConf - Setting 'spark.executor.extraJavaOptions' to '-Xms4g -Xmx70g  -Dspark.akka.frameSize=2000' as a work-around.
2014-07-23 06:01:31,065 [main] WARN  org.apache.spark.SparkConf - Setting 'spark.driver.extraJavaOptions' to '-Xms4g -Xmx70g  -Dspark.akka.frameSize=2000' as a work-around.
2014-07-23 06:01:31,119 [main] INFO  org.apache.spark.SecurityManager - Changing view acls to: root
2014-07-23 06:01:31,120 [main] INFO  org.apache.spark.SecurityManager - SecurityManager: authentication disabled; ui acls disabled; users with view permissions: Set(root)
2014-07-23 06:01:31,563 [spark-akka.actor.default-dispatcher-5] INFO  akka.event.slf4j.Slf4jLogger - Slf4jLogger started
2014-07-23 06:01:31,628 [spark-akka.actor.default-dispatcher-5] INFO  Remoting - Starting remoting
2014-07-23 06:01:31,811 [spark-akka.actor.default-dispatcher-2] INFO  Remoting - Remoting started; listening on addresses :[akka.tcp://spark@dco-node121-mgt.dco.ethz.ch:36771]
2014-07-23 06:01:31,815 [spark-akka.actor.default-dispatcher-4] INFO  Remoting - Remoting now listens on addresses: [akka.tcp://spark@dco-node121-mgt.dco.ethz.ch:36771]
2014-07-23 06:01:31,847 [main] INFO  org.apache.spark.SparkEnv - Registering MapOutputTracker
2014-07-23 06:01:31,850 [main] INFO  org.apache.spark.SparkEnv - Registering BlockManagerMaster
2014-07-23 06:01:31,869 [main] INFO  org.apache.spark.storage.DiskBlockManager - Created local directory at /tmp/spark-local-20140723060131-111a
2014-07-23 06:01:31,873 [main] INFO  org.apache.spark.storage.MemoryStore - MemoryStore started with capacity 40.3 GB.
2014-07-23 06:01:31,903 [main] INFO  org.apache.spark.network.ConnectionManager - Bound socket to port 40855 with id = ConnectionManagerId(dco-node121-mgt.dco.ethz.ch,40855)
2014-07-23 06:01:31,907 [main] INFO  org.apache.spark.storage.BlockManagerMaster - Trying to register BlockManager
2014-07-23 06:01:31,910 [spark-akka.actor.default-dispatcher-5] INFO  org.apache.spark.storage.BlockManagerInfo - Registering block manager dco-node121-mgt.dco.ethz.ch:40855 with 40.3 GB RAM
2014-07-23 06:01:31,912 [main] INFO  org.apache.spark.storage.BlockManagerMaster - Registered BlockManager
2014-07-23 06:01:31,928 [main] INFO  org.apache.spark.HttpServer - Starting HTTP Server
2014-07-23 06:01:31,986 [main] INFO  org.eclipse.jetty.server.Server - jetty-8.y.z-SNAPSHOT
2014-07-23 06:01:32,006 [main] INFO  org.eclipse.jetty.server.AbstractConnector - Started SocketConnector@0.0.0.0:49825
2014-07-23 06:01:32,007 [main] INFO  org.apache.spark.broadcast.HttpBroadcast - Broadcast server started at http://172.31.109.131:49825
2014-07-23 06:01:32,013 [main] INFO  org.apache.spark.HttpFileServer - HTTP File server directory is /tmp/spark-ad4b9338-4f9f-4615-94b8-fdb3cf2b6800
2014-07-23 06:01:32,013 [main] INFO  org.apache.spark.HttpServer - Starting HTTP Server
2014-07-23 06:01:32,014 [main] INFO  org.eclipse.jetty.server.Server - jetty-8.y.z-SNAPSHOT
2014-07-23 06:01:32,017 [main] INFO  org.eclipse.jetty.server.AbstractConnector - Started SocketConnector@0.0.0.0:56104
2014-07-23 06:01:32,370 [main] INFO  org.eclipse.jetty.server.Server - jetty-8.y.z-SNAPSHOT
2014-07-23 06:01:32,384 [main] WARN  org.eclipse.jetty.util.component.AbstractLifeCycle - FAILED SelectChannelConnector@0.0.0.0:4040: java.net.BindException: Address already in use
java.net.BindException: Address already in use
	at sun.nio.ch.Net.bind0(Native Method)
	at sun.nio.ch.Net.bind(Net.java:414)
	at sun.nio.ch.Net.bind(Net.java:406)
	at sun.nio.ch.ServerSocketChannelImpl.bind(ServerSocketChannelImpl.java:214)
	at sun.nio.ch.ServerSocketAdaptor.bind(ServerSocketAdaptor.java:74)
	at org.eclipse.jetty.server.nio.SelectChannelConnector.open(SelectChannelConnector.java:187)
	at org.eclipse.jetty.server.AbstractConnector.doStart(AbstractConnector.java:316)
	at org.eclipse.jetty.server.nio.SelectChannelConnector.doStart(SelectChannelConnector.java:265)
	at org.eclipse.jetty.util.component.AbstractLifeCycle.start(AbstractLifeCycle.java:64)
	at org.eclipse.jetty.server.Server.doStart(Server.java:293)
	at org.eclipse.jetty.util.component.AbstractLifeCycle.start(AbstractLifeCycle.java:64)
	at org.apache.spark.ui.JettyUtils$$anonfun$1.apply$mcV$sp(JettyUtils.scala:192)
	at org.apache.spark.ui.JettyUtils$$anonfun$1.apply(JettyUtils.scala:192)
	at org.apache.spark.ui.JettyUtils$$anonfun$1.apply(JettyUtils.scala:192)
	at scala.util.Try$.apply(Try.scala:161)
	at org.apache.spark.ui.JettyUtils$.connect$1(JettyUtils.scala:191)
	at org.apache.spark.ui.JettyUtils$.startJettyServer(JettyUtils.scala:205)
	at org.apache.spark.ui.WebUI.bind(WebUI.scala:99)
	at org.apache.spark.SparkContext.<init>(SparkContext.scala:223)
	at RemoveInfrequentWordsApp$.createSparkContext(RemoveInfrequentWordsApp.scala:98)
	at RemoveInfrequentWordsApp$.main(RemoveInfrequentWordsApp.scala:15)
	at RemoveInfrequentWordsApp.main(RemoveInfrequentWordsApp.scala)
	at sun.reflect.NativeMethodAccessorImpl.invoke0(Native Method)
	at sun.reflect.NativeMethodAccessorImpl.invoke(NativeMethodAccessorImpl.java:62)
	at sun.reflect.DelegatingMethodAccessorImpl.invoke(DelegatingMethodAccessorImpl.java:43)
	at java.lang.reflect.Method.invoke(Method.java:483)
	at org.apache.spark.deploy.SparkSubmit$.launch(SparkSubmit.scala:292)
	at org.apache.spark.deploy.SparkSubmit$.main(SparkSubmit.scala:55)
	at org.apache.spark.deploy.SparkSubmit.main(SparkSubmit.scala)
2014-07-23 06:01:32,390 [main] WARN  org.eclipse.jetty.util.component.AbstractLifeCycle - FAILED org.eclipse.jetty.server.Server@10ded6a9: java.net.BindException: Address already in use
java.net.BindException: Address already in use
	at sun.nio.ch.Net.bind0(Native Method)
	at sun.nio.ch.Net.bind(Net.java:414)
	at sun.nio.ch.Net.bind(Net.java:406)
	at sun.nio.ch.ServerSocketChannelImpl.bind(ServerSocketChannelImpl.java:214)
	at sun.nio.ch.ServerSocketAdaptor.bind(ServerSocketAdaptor.java:74)
	at org.eclipse.jetty.server.nio.SelectChannelConnector.open(SelectChannelConnector.java:187)
	at org.eclipse.jetty.server.AbstractConnector.doStart(AbstractConnector.java:316)
	at org.eclipse.jetty.server.nio.SelectChannelConnector.doStart(SelectChannelConnector.java:265)
	at org.eclipse.jetty.util.component.AbstractLifeCycle.start(AbstractLifeCycle.java:64)
	at org.eclipse.jetty.server.Server.doStart(Server.java:293)
	at org.eclipse.jetty.util.component.AbstractLifeCycle.start(AbstractLifeCycle.java:64)
	at org.apache.spark.ui.JettyUtils$$anonfun$1.apply$mcV$sp(JettyUtils.scala:192)
	at org.apache.spark.ui.JettyUtils$$anonfun$1.apply(JettyUtils.scala:192)
	at org.apache.spark.ui.JettyUtils$$anonfun$1.apply(JettyUtils.scala:192)
	at scala.util.Try$.apply(Try.scala:161)
	at org.apache.spark.ui.JettyUtils$.connect$1(JettyUtils.scala:191)
	at org.apache.spark.ui.JettyUtils$.startJettyServer(JettyUtils.scala:205)
	at org.apache.spark.ui.WebUI.bind(WebUI.scala:99)
	at org.apache.spark.SparkContext.<init>(SparkContext.scala:223)
	at RemoveInfrequentWordsApp$.createSparkContext(RemoveInfrequentWordsApp.scala:98)
	at RemoveInfrequentWordsApp$.main(RemoveInfrequentWordsApp.scala:15)
	at RemoveInfrequentWordsApp.main(RemoveInfrequentWordsApp.scala)
	at sun.reflect.NativeMethodAccessorImpl.invoke0(Native Method)
	at sun.reflect.NativeMethodAccessorImpl.invoke(NativeMethodAccessorImpl.java:62)
	at sun.reflect.DelegatingMethodAccessorImpl.invoke(DelegatingMethodAccessorImpl.java:43)
	at java.lang.reflect.Method.invoke(Method.java:483)
	at org.apache.spark.deploy.SparkSubmit$.launch(SparkSubmit.scala:292)
	at org.apache.spark.deploy.SparkSubmit$.main(SparkSubmit.scala:55)
	at org.apache.spark.deploy.SparkSubmit.main(SparkSubmit.scala)
2014-07-23 06:01:32,396 [main] INFO  org.eclipse.jetty.server.handler.ContextHandler - stopped o.e.j.s.ServletContextHandler{/metrics/json,null}
2014-07-23 06:01:32,396 [main] INFO  org.eclipse.jetty.server.handler.ContextHandler - stopped o.e.j.s.ServletContextHandler{/stages/stage/kill,null}
2014-07-23 06:01:32,397 [main] INFO  org.eclipse.jetty.server.handler.ContextHandler - stopped o.e.j.s.ServletContextHandler{/,null}
2014-07-23 06:01:32,397 [main] INFO  org.eclipse.jetty.server.handler.ContextHandler - stopped o.e.j.s.ServletContextHandler{/static,null}
2014-07-23 06:01:32,397 [main] INFO  org.eclipse.jetty.server.handler.ContextHandler - stopped o.e.j.s.ServletContextHandler{/executors/json,null}
2014-07-23 06:01:32,397 [main] INFO  org.eclipse.jetty.server.handler.ContextHandler - stopped o.e.j.s.ServletContextHandler{/executors,null}
2014-07-23 06:01:32,398 [main] INFO  org.eclipse.jetty.server.handler.ContextHandler - stopped o.e.j.s.ServletContextHandler{/environment/json,null}
2014-07-23 06:01:32,398 [main] INFO  org.eclipse.jetty.server.handler.ContextHandler - stopped o.e.j.s.ServletContextHandler{/environment,null}
2014-07-23 06:01:32,399 [main] INFO  org.eclipse.jetty.server.handler.ContextHandler - stopped o.e.j.s.ServletContextHandler{/storage/rdd/json,null}
2014-07-23 06:01:32,399 [main] INFO  org.eclipse.jetty.server.handler.ContextHandler - stopped o.e.j.s.ServletContextHandler{/storage/rdd,null}
2014-07-23 06:01:32,399 [main] INFO  org.eclipse.jetty.server.handler.ContextHandler - stopped o.e.j.s.ServletContextHandler{/storage/json,null}
2014-07-23 06:01:32,399 [main] INFO  org.eclipse.jetty.server.handler.ContextHandler - stopped o.e.j.s.ServletContextHandler{/storage,null}
2014-07-23 06:01:32,400 [main] INFO  org.eclipse.jetty.server.handler.ContextHandler - stopped o.e.j.s.ServletContextHandler{/stages/pool/json,null}
2014-07-23 06:01:32,400 [main] INFO  org.eclipse.jetty.server.handler.ContextHandler - stopped o.e.j.s.ServletContextHandler{/stages/pool,null}
2014-07-23 06:01:32,400 [main] INFO  org.eclipse.jetty.server.handler.ContextHandler - stopped o.e.j.s.ServletContextHandler{/stages/stage/json,null}
2014-07-23 06:01:32,401 [main] INFO  org.eclipse.jetty.server.handler.ContextHandler - stopped o.e.j.s.ServletContextHandler{/stages/stage,null}
2014-07-23 06:01:32,401 [main] INFO  org.eclipse.jetty.server.handler.ContextHandler - stopped o.e.j.s.ServletContextHandler{/stages/json,null}
2014-07-23 06:01:32,401 [main] INFO  org.eclipse.jetty.server.handler.ContextHandler - stopped o.e.j.s.ServletContextHandler{/stages,null}
2014-07-23 06:01:32,456 [main] INFO  org.apache.spark.ui.JettyUtils - Failed to create UI at port, 4040. Trying again.
2014-07-23 06:01:32,456 [main] INFO  org.apache.spark.ui.JettyUtils - Error was: Failure(java.net.BindException: Address already in use)
2014-07-23 06:01:32,458 [main] INFO  org.eclipse.jetty.server.Server - jetty-8.y.z-SNAPSHOT
2014-07-23 06:01:32,467 [main] WARN  org.eclipse.jetty.util.component.AbstractLifeCycle - FAILED SelectChannelConnector@0.0.0.0:4041: java.net.BindException: Address already in use
java.net.BindException: Address already in use
	at sun.nio.ch.Net.bind0(Native Method)
	at sun.nio.ch.Net.bind(Net.java:414)
	at sun.nio.ch.Net.bind(Net.java:406)
	at sun.nio.ch.ServerSocketChannelImpl.bind(ServerSocketChannelImpl.java:214)
	at sun.nio.ch.ServerSocketAdaptor.bind(ServerSocketAdaptor.java:74)
	at org.eclipse.jetty.server.nio.SelectChannelConnector.open(SelectChannelConnector.java:187)
	at org.eclipse.jetty.server.AbstractConnector.doStart(AbstractConnector.java:316)
	at org.eclipse.jetty.server.nio.SelectChannelConnector.doStart(SelectChannelConnector.java:265)
	at org.eclipse.jetty.util.component.AbstractLifeCycle.start(AbstractLifeCycle.java:64)
	at org.eclipse.jetty.server.Server.doStart(Server.java:293)
	at org.eclipse.jetty.util.component.AbstractLifeCycle.start(AbstractLifeCycle.java:64)
	at org.apache.spark.ui.JettyUtils$$anonfun$1.apply$mcV$sp(JettyUtils.scala:192)
	at org.apache.spark.ui.JettyUtils$$anonfun$1.apply(JettyUtils.scala:192)
	at org.apache.spark.ui.JettyUtils$$anonfun$1.apply(JettyUtils.scala:192)
	at scala.util.Try$.apply(Try.scala:161)
	at org.apache.spark.ui.JettyUtils$.connect$1(JettyUtils.scala:191)
	at org.apache.spark.ui.JettyUtils$.startJettyServer(JettyUtils.scala:205)
	at org.apache.spark.ui.WebUI.bind(WebUI.scala:99)
	at org.apache.spark.SparkContext.<init>(SparkContext.scala:223)
	at RemoveInfrequentWordsApp$.createSparkContext(RemoveInfrequentWordsApp.scala:98)
	at RemoveInfrequentWordsApp$.main(RemoveInfrequentWordsApp.scala:15)
	at RemoveInfrequentWordsApp.main(RemoveInfrequentWordsApp.scala)
	at sun.reflect.NativeMethodAccessorImpl.invoke0(Native Method)
	at sun.reflect.NativeMethodAccessorImpl.invoke(NativeMethodAccessorImpl.java:62)
	at sun.reflect.DelegatingMethodAccessorImpl.invoke(DelegatingMethodAccessorImpl.java:43)
	at java.lang.reflect.Method.invoke(Method.java:483)
	at org.apache.spark.deploy.SparkSubmit$.launch(SparkSubmit.scala:292)
	at org.apache.spark.deploy.SparkSubmit$.main(SparkSubmit.scala:55)
	at org.apache.spark.deploy.SparkSubmit.main(SparkSubmit.scala)
2014-07-23 06:01:32,468 [main] WARN  org.eclipse.jetty.util.component.AbstractLifeCycle - FAILED org.eclipse.jetty.server.Server@2ceb80a1: java.net.BindException: Address already in use
java.net.BindException: Address already in use
	at sun.nio.ch.Net.bind0(Native Method)
	at sun.nio.ch.Net.bind(Net.java:414)
	at sun.nio.ch.Net.bind(Net.java:406)
	at sun.nio.ch.ServerSocketChannelImpl.bind(ServerSocketChannelImpl.java:214)
	at sun.nio.ch.ServerSocketAdaptor.bind(ServerSocketAdaptor.java:74)
	at org.eclipse.jetty.server.nio.SelectChannelConnector.open(SelectChannelConnector.java:187)
	at org.eclipse.jetty.server.AbstractConnector.doStart(AbstractConnector.java:316)
	at org.eclipse.jetty.server.nio.SelectChannelConnector.doStart(SelectChannelConnector.java:265)
	at org.eclipse.jetty.util.component.AbstractLifeCycle.start(AbstractLifeCycle.java:64)
	at org.eclipse.jetty.server.Server.doStart(Server.java:293)
	at org.eclipse.jetty.util.component.AbstractLifeCycle.start(AbstractLifeCycle.java:64)
	at org.apache.spark.ui.JettyUtils$$anonfun$1.apply$mcV$sp(JettyUtils.scala:192)
	at org.apache.spark.ui.JettyUtils$$anonfun$1.apply(JettyUtils.scala:192)
	at org.apache.spark.ui.JettyUtils$$anonfun$1.apply(JettyUtils.scala:192)
	at scala.util.Try$.apply(Try.scala:161)
	at org.apache.spark.ui.JettyUtils$.connect$1(JettyUtils.scala:191)
	at org.apache.spark.ui.JettyUtils$.startJettyServer(JettyUtils.scala:205)
	at org.apache.spark.ui.WebUI.bind(WebUI.scala:99)
	at org.apache.spark.SparkContext.<init>(SparkContext.scala:223)
	at RemoveInfrequentWordsApp$.createSparkContext(RemoveInfrequentWordsApp.scala:98)
	at RemoveInfrequentWordsApp$.main(RemoveInfrequentWordsApp.scala:15)
	at RemoveInfrequentWordsApp.main(RemoveInfrequentWordsApp.scala)
	at sun.reflect.NativeMethodAccessorImpl.invoke0(Native Method)
	at sun.reflect.NativeMethodAccessorImpl.invoke(NativeMethodAccessorImpl.java:62)
	at sun.reflect.DelegatingMethodAccessorImpl.invoke(DelegatingMethodAccessorImpl.java:43)
	at java.lang.reflect.Method.invoke(Method.java:483)
	at org.apache.spark.deploy.SparkSubmit$.launch(SparkSubmit.scala:292)
	at org.apache.spark.deploy.SparkSubmit$.main(SparkSubmit.scala:55)
	at org.apache.spark.deploy.SparkSubmit.main(SparkSubmit.scala)
2014-07-23 06:01:32,470 [main] INFO  org.eclipse.jetty.server.handler.ContextHandler - stopped o.e.j.s.ServletContextHandler{/metrics/json,null}
2014-07-23 06:01:32,470 [main] INFO  org.eclipse.jetty.server.handler.ContextHandler - stopped o.e.j.s.ServletContextHandler{/stages/stage/kill,null}
2014-07-23 06:01:32,470 [main] INFO  org.eclipse.jetty.server.handler.ContextHandler - stopped o.e.j.s.ServletContextHandler{/,null}
2014-07-23 06:01:32,470 [main] INFO  org.eclipse.jetty.server.handler.ContextHandler - stopped o.e.j.s.ServletContextHandler{/static,null}
2014-07-23 06:01:32,471 [main] INFO  org.eclipse.jetty.server.handler.ContextHandler - stopped o.e.j.s.ServletContextHandler{/executors/json,null}
2014-07-23 06:01:32,471 [main] INFO  org.eclipse.jetty.server.handler.ContextHandler - stopped o.e.j.s.ServletContextHandler{/executors,null}
2014-07-23 06:01:32,471 [main] INFO  org.eclipse.jetty.server.handler.ContextHandler - stopped o.e.j.s.ServletContextHandler{/environment/json,null}
2014-07-23 06:01:32,471 [main] INFO  org.eclipse.jetty.server.handler.ContextHandler - stopped o.e.j.s.ServletContextHandler{/environment,null}
2014-07-23 06:01:32,472 [main] INFO  org.eclipse.jetty.server.handler.ContextHandler - stopped o.e.j.s.ServletContextHandler{/storage/rdd/json,null}
2014-07-23 06:01:32,472 [main] INFO  org.eclipse.jetty.server.handler.ContextHandler - stopped o.e.j.s.ServletContextHandler{/storage/rdd,null}
2014-07-23 06:01:32,472 [main] INFO  org.eclipse.jetty.server.handler.ContextHandler - stopped o.e.j.s.ServletContextHandler{/storage/json,null}
2014-07-23 06:01:32,472 [main] INFO  org.eclipse.jetty.server.handler.ContextHandler - stopped o.e.j.s.ServletContextHandler{/storage,null}
2014-07-23 06:01:32,472 [main] INFO  org.eclipse.jetty.server.handler.ContextHandler - stopped o.e.j.s.ServletContextHandler{/stages/pool/json,null}
2014-07-23 06:01:32,473 [main] INFO  org.eclipse.jetty.server.handler.ContextHandler - stopped o.e.j.s.ServletContextHandler{/stages/pool,null}
2014-07-23 06:01:32,473 [main] INFO  org.eclipse.jetty.server.handler.ContextHandler - stopped o.e.j.s.ServletContextHandler{/stages/stage/json,null}
2014-07-23 06:01:32,473 [main] INFO  org.eclipse.jetty.server.handler.ContextHandler - stopped o.e.j.s.ServletContextHandler{/stages/stage,null}
2014-07-23 06:01:32,473 [main] INFO  org.eclipse.jetty.server.handler.ContextHandler - stopped o.e.j.s.ServletContextHandler{/stages/json,null}
2014-07-23 06:01:32,473 [main] INFO  org.eclipse.jetty.server.handler.ContextHandler - stopped o.e.j.s.ServletContextHandler{/stages,null}
2014-07-23 06:01:32,529 [main] INFO  org.apache.spark.ui.JettyUtils - Failed to create UI at port, 4041. Trying again.
2014-07-23 06:01:32,530 [main] INFO  org.apache.spark.ui.JettyUtils - Error was: Failure(java.net.BindException: Address already in use)
2014-07-23 06:01:32,531 [main] INFO  org.eclipse.jetty.server.Server - jetty-8.y.z-SNAPSHOT
2014-07-23 06:01:32,537 [main] WARN  org.eclipse.jetty.util.component.AbstractLifeCycle - FAILED SelectChannelConnector@0.0.0.0:4042: java.net.BindException: Address already in use
java.net.BindException: Address already in use
	at sun.nio.ch.Net.bind0(Native Method)
	at sun.nio.ch.Net.bind(Net.java:414)
	at sun.nio.ch.Net.bind(Net.java:406)
	at sun.nio.ch.ServerSocketChannelImpl.bind(ServerSocketChannelImpl.java:214)
	at sun.nio.ch.ServerSocketAdaptor.bind(ServerSocketAdaptor.java:74)
	at org.eclipse.jetty.server.nio.SelectChannelConnector.open(SelectChannelConnector.java:187)
	at org.eclipse.jetty.server.AbstractConnector.doStart(AbstractConnector.java:316)
	at org.eclipse.jetty.server.nio.SelectChannelConnector.doStart(SelectChannelConnector.java:265)
	at org.eclipse.jetty.util.component.AbstractLifeCycle.start(AbstractLifeCycle.java:64)
	at org.eclipse.jetty.server.Server.doStart(Server.java:293)
	at org.eclipse.jetty.util.component.AbstractLifeCycle.start(AbstractLifeCycle.java:64)
	at org.apache.spark.ui.JettyUtils$$anonfun$1.apply$mcV$sp(JettyUtils.scala:192)
	at org.apache.spark.ui.JettyUtils$$anonfun$1.apply(JettyUtils.scala:192)
	at org.apache.spark.ui.JettyUtils$$anonfun$1.apply(JettyUtils.scala:192)
	at scala.util.Try$.apply(Try.scala:161)
	at org.apache.spark.ui.JettyUtils$.connect$1(JettyUtils.scala:191)
	at org.apache.spark.ui.JettyUtils$.startJettyServer(JettyUtils.scala:205)
	at org.apache.spark.ui.WebUI.bind(WebUI.scala:99)
	at org.apache.spark.SparkContext.<init>(SparkContext.scala:223)
	at RemoveInfrequentWordsApp$.createSparkContext(RemoveInfrequentWordsApp.scala:98)
	at RemoveInfrequentWordsApp$.main(RemoveInfrequentWordsApp.scala:15)
	at RemoveInfrequentWordsApp.main(RemoveInfrequentWordsApp.scala)
	at sun.reflect.NativeMethodAccessorImpl.invoke0(Native Method)
	at sun.reflect.NativeMethodAccessorImpl.invoke(NativeMethodAccessorImpl.java:62)
	at sun.reflect.DelegatingMethodAccessorImpl.invoke(DelegatingMethodAccessorImpl.java:43)
	at java.lang.reflect.Method.invoke(Method.java:483)
	at org.apache.spark.deploy.SparkSubmit$.launch(SparkSubmit.scala:292)
	at org.apache.spark.deploy.SparkSubmit$.main(SparkSubmit.scala:55)
	at org.apache.spark.deploy.SparkSubmit.main(SparkSubmit.scala)
2014-07-23 06:01:32,538 [main] WARN  org.eclipse.jetty.util.component.AbstractLifeCycle - FAILED org.eclipse.jetty.server.Server@340da44c: java.net.BindException: Address already in use
java.net.BindException: Address already in use
	at sun.nio.ch.Net.bind0(Native Method)
	at sun.nio.ch.Net.bind(Net.java:414)
	at sun.nio.ch.Net.bind(Net.java:406)
	at sun.nio.ch.ServerSocketChannelImpl.bind(ServerSocketChannelImpl.java:214)
	at sun.nio.ch.ServerSocketAdaptor.bind(ServerSocketAdaptor.java:74)
	at org.eclipse.jetty.server.nio.SelectChannelConnector.open(SelectChannelConnector.java:187)
	at org.eclipse.jetty.server.AbstractConnector.doStart(AbstractConnector.java:316)
	at org.eclipse.jetty.server.nio.SelectChannelConnector.doStart(SelectChannelConnector.java:265)
	at org.eclipse.jetty.util.component.AbstractLifeCycle.start(AbstractLifeCycle.java:64)
	at org.eclipse.jetty.server.Server.doStart(Server.java:293)
	at org.eclipse.jetty.util.component.AbstractLifeCycle.start(AbstractLifeCycle.java:64)
	at org.apache.spark.ui.JettyUtils$$anonfun$1.apply$mcV$sp(JettyUtils.scala:192)
	at org.apache.spark.ui.JettyUtils$$anonfun$1.apply(JettyUtils.scala:192)
	at org.apache.spark.ui.JettyUtils$$anonfun$1.apply(JettyUtils.scala:192)
	at scala.util.Try$.apply(Try.scala:161)
	at org.apache.spark.ui.JettyUtils$.connect$1(JettyUtils.scala:191)
	at org.apache.spark.ui.JettyUtils$.startJettyServer(JettyUtils.scala:205)
	at org.apache.spark.ui.WebUI.bind(WebUI.scala:99)
	at org.apache.spark.SparkContext.<init>(SparkContext.scala:223)
	at RemoveInfrequentWordsApp$.createSparkContext(RemoveInfrequentWordsApp.scala:98)
	at RemoveInfrequentWordsApp$.main(RemoveInfrequentWordsApp.scala:15)
	at RemoveInfrequentWordsApp.main(RemoveInfrequentWordsApp.scala)
	at sun.reflect.NativeMethodAccessorImpl.invoke0(Native Method)
	at sun.reflect.NativeMethodAccessorImpl.invoke(NativeMethodAccessorImpl.java:62)
	at sun.reflect.DelegatingMethodAccessorImpl.invoke(DelegatingMethodAccessorImpl.java:43)
	at java.lang.reflect.Method.invoke(Method.java:483)
	at org.apache.spark.deploy.SparkSubmit$.launch(SparkSubmit.scala:292)
	at org.apache.spark.deploy.SparkSubmit$.main(SparkSubmit.scala:55)
	at org.apache.spark.deploy.SparkSubmit.main(SparkSubmit.scala)
2014-07-23 06:01:32,539 [main] INFO  org.eclipse.jetty.server.handler.ContextHandler - stopped o.e.j.s.ServletContextHandler{/metrics/json,null}
2014-07-23 06:01:32,539 [main] INFO  org.eclipse.jetty.server.handler.ContextHandler - stopped o.e.j.s.ServletContextHandler{/stages/stage/kill,null}
2014-07-23 06:01:32,539 [main] INFO  org.eclipse.jetty.server.handler.ContextHandler - stopped o.e.j.s.ServletContextHandler{/,null}
2014-07-23 06:01:32,540 [main] INFO  org.eclipse.jetty.server.handler.ContextHandler - stopped o.e.j.s.ServletContextHandler{/static,null}
2014-07-23 06:01:32,540 [main] INFO  org.eclipse.jetty.server.handler.ContextHandler - stopped o.e.j.s.ServletContextHandler{/executors/json,null}
2014-07-23 06:01:32,540 [main] INFO  org.eclipse.jetty.server.handler.ContextHandler - stopped o.e.j.s.ServletContextHandler{/executors,null}
2014-07-23 06:01:32,540 [main] INFO  org.eclipse.jetty.server.handler.ContextHandler - stopped o.e.j.s.ServletContextHandler{/environment/json,null}
2014-07-23 06:01:32,541 [main] INFO  org.eclipse.jetty.server.handler.ContextHandler - stopped o.e.j.s.ServletContextHandler{/environment,null}
2014-07-23 06:01:32,541 [main] INFO  org.eclipse.jetty.server.handler.ContextHandler - stopped o.e.j.s.ServletContextHandler{/storage/rdd/json,null}
2014-07-23 06:01:32,541 [main] INFO  org.eclipse.jetty.server.handler.ContextHandler - stopped o.e.j.s.ServletContextHandler{/storage/rdd,null}
2014-07-23 06:01:32,541 [main] INFO  org.eclipse.jetty.server.handler.ContextHandler - stopped o.e.j.s.ServletContextHandler{/storage/json,null}
2014-07-23 06:01:32,542 [main] INFO  org.eclipse.jetty.server.handler.ContextHandler - stopped o.e.j.s.ServletContextHandler{/storage,null}
2014-07-23 06:01:32,542 [main] INFO  org.eclipse.jetty.server.handler.ContextHandler - stopped o.e.j.s.ServletContextHandler{/stages/pool/json,null}
2014-07-23 06:01:32,542 [main] INFO  org.eclipse.jetty.server.handler.ContextHandler - stopped o.e.j.s.ServletContextHandler{/stages/pool,null}
2014-07-23 06:01:32,543 [main] INFO  org.eclipse.jetty.server.handler.ContextHandler - stopped o.e.j.s.ServletContextHandler{/stages/stage/json,null}
2014-07-23 06:01:32,543 [main] INFO  org.eclipse.jetty.server.handler.ContextHandler - stopped o.e.j.s.ServletContextHandler{/stages/stage,null}
2014-07-23 06:01:32,543 [main] INFO  org.eclipse.jetty.server.handler.ContextHandler - stopped o.e.j.s.ServletContextHandler{/stages/json,null}
2014-07-23 06:01:32,544 [main] INFO  org.eclipse.jetty.server.handler.ContextHandler - stopped o.e.j.s.ServletContextHandler{/stages,null}
2014-07-23 06:01:32,598 [main] INFO  org.apache.spark.ui.JettyUtils - Failed to create UI at port, 4042. Trying again.
2014-07-23 06:01:32,599 [main] INFO  org.apache.spark.ui.JettyUtils - Error was: Failure(java.net.BindException: Address already in use)
2014-07-23 06:01:32,601 [main] INFO  org.eclipse.jetty.server.Server - jetty-8.y.z-SNAPSHOT
2014-07-23 06:01:32,612 [main] INFO  org.eclipse.jetty.server.AbstractConnector - Started SelectChannelConnector@0.0.0.0:4043
2014-07-23 06:01:32,616 [main] INFO  org.apache.spark.ui.SparkUI - Started SparkUI at http://dco-node121-mgt.dco.ethz.ch:4043
2014-07-23 06:01:32,895 [main] WARN  org.apache.hadoop.util.NativeCodeLoader - Unable to load native-hadoop library for your platform... using builtin-java classes where applicable
2014-07-23 06:01:33,541 [main] INFO  org.apache.spark.scheduler.EventLoggingListener - Logging events to hdfs://dco-node121.dco.ethz.ch:54310/spark_event_log/remove-infrequent-words-1406088093005
2014-07-23 06:01:33,777 [main] INFO  org.apache.spark.SparkContext - Added JAR file:/disk3/user_work/runs/remove_infrequent_words13/run.jar at http://172.31.109.131:56104/jars/run.jar with timestamp 1406088093776
2014-07-23 06:01:33,848 [spark-akka.actor.default-dispatcher-5] INFO  org.apache.spark.deploy.client.AppClient$ClientActor - Connecting to master spark://dco-node121.dco.ethz.ch:7077...
2014-07-23 06:01:34,121 [main] INFO  org.apache.spark.storage.MemoryStore - ensureFreeSpace(231905) called with curMem=0, maxMem=43218213273
2014-07-23 06:01:34,123 [main] INFO  org.apache.spark.storage.MemoryStore - Block broadcast_0 stored as values to memory (estimated size 226.5 KB, free 40.2 GB)
2014-07-23 06:01:34,193 [spark-akka.actor.default-dispatcher-4] INFO  org.apache.spark.scheduler.cluster.SparkDeploySchedulerBackend - Connected to Spark cluster with app ID app-20140723060134-0016
2014-07-23 06:01:34,401 [main] INFO  org.apache.hadoop.mapred.FileInputFormat - Total input paths to process : 1
2014-07-23 06:01:34,448 [main] INFO  org.apache.hadoop.net.NetworkTopology - Adding a new node: /default-rack/172.31.109.133:50010
2014-07-23 06:01:34,448 [main] INFO  org.apache.hadoop.net.NetworkTopology - Adding a new node: /default-rack/172.31.109.135:50010
2014-07-23 06:01:34,449 [main] INFO  org.apache.hadoop.net.NetworkTopology - Adding a new node: /default-rack/172.31.109.146:50010
2014-07-23 06:01:34,449 [main] INFO  org.apache.hadoop.net.NetworkTopology - Adding a new node: /default-rack/172.31.109.139:50010
2014-07-23 06:01:34,449 [main] INFO  org.apache.hadoop.net.NetworkTopology - Adding a new node: /default-rack/172.31.109.142:50010
2014-07-23 06:01:34,456 [main] INFO  org.apache.spark.SparkContext - Starting job: collect at RemoveInfrequentWordsApp.scala:51
2014-07-23 06:01:34,474 [spark-akka.actor.default-dispatcher-5] INFO  org.apache.spark.scheduler.DAGScheduler - Got job 0 (collect at RemoveInfrequentWordsApp.scala:51) with 81 output partitions (allowLocal=false)
2014-07-23 06:01:34,493 [spark-akka.actor.default-dispatcher-5] INFO  org.apache.spark.scheduler.DAGScheduler - Final stage: Stage 0(collect at RemoveInfrequentWordsApp.scala:51)
2014-07-23 06:01:34,493 [spark-akka.actor.default-dispatcher-5] INFO  org.apache.spark.scheduler.DAGScheduler - Parents of final stage: List()
2014-07-23 06:01:34,525 [spark-akka.actor.default-dispatcher-5] INFO  org.apache.spark.scheduler.DAGScheduler - Missing parents: List()
2014-07-23 06:01:34,533 [spark-akka.actor.default-dispatcher-5] INFO  org.apache.spark.scheduler.DAGScheduler - Submitting Stage 0 (FilteredRDD[5] at filter at RemoveInfrequentWordsApp.scala:50), which has no missing parents
2014-07-23 06:01:34,606 [spark-akka.actor.default-dispatcher-5] INFO  org.apache.spark.scheduler.DAGScheduler - Submitting 81 missing tasks from Stage 0 (FilteredRDD[5] at filter at RemoveInfrequentWordsApp.scala:50)
2014-07-23 06:01:34,609 [spark-akka.actor.default-dispatcher-5] INFO  org.apache.spark.scheduler.TaskSchedulerImpl - Adding task set 0.0 with 81 tasks
2014-07-23 06:01:49,620 [Timer-0] WARN  org.apache.spark.scheduler.TaskSchedulerImpl - Initial job has not accepted any resources; check your cluster UI to ensure that workers are registered and have sufficient memory
2014-07-23 06:02:04,619 [Timer-0] WARN  org.apache.spark.scheduler.TaskSchedulerImpl - Initial job has not accepted any resources; check your cluster UI to ensure that workers are registered and have sufficient memory
2014-07-23 06:02:19,619 [Timer-0] WARN  org.apache.spark.scheduler.TaskSchedulerImpl - Initial job has not accepted any resources; check your cluster UI to ensure that workers are registered and have sufficient memory
2014-07-23 06:02:34,620 [Timer-0] WARN  org.apache.spark.scheduler.TaskSchedulerImpl - Initial job has not accepted any resources; check your cluster UI to ensure that workers are registered and have sufficient memory
2014-07-23 06:02:49,619 [Timer-0] WARN  org.apache.spark.scheduler.TaskSchedulerImpl - Initial job has not accepted any resources; check your cluster UI to ensure that workers are registered and have sufficient memory
2014-07-23 06:03:04,619 [Timer-0] WARN  org.apache.spark.scheduler.TaskSchedulerImpl - Initial job has not accepted any resources; check your cluster UI to ensure that workers are registered and have sufficient memory
2014-07-23 06:03:19,619 [Timer-0] WARN  org.apache.spark.scheduler.TaskSchedulerImpl - Initial job has not accepted any resources; check your cluster UI to ensure that workers are registered and have sufficient memory
2014-07-23 06:03:34,619 [Timer-0] WARN  org.apache.spark.scheduler.TaskSchedulerImpl - Initial job has not accepted any resources; check your cluster UI to ensure that workers are registered and have sufficient memory
2014-07-23 06:03:49,619 [Timer-0] WARN  org.apache.spark.scheduler.TaskSchedulerImpl - Initial job has not accepted any resources; check your cluster UI to ensure that workers are registered and have sufficient memory
2014-07-23 06:04:04,619 [Timer-0] WARN  org.apache.spark.scheduler.TaskSchedulerImpl - Initial job has not accepted any resources; check your cluster UI to ensure that workers are registered and have sufficient memory
2014-07-23 06:04:19,619 [Timer-0] WARN  org.apache.spark.scheduler.TaskSchedulerImpl - Initial job has not accepted any resources; check your cluster UI to ensure that workers are registered and have sufficient memory
2014-07-23 06:04:34,620 [Timer-0] WARN  org.apache.spark.scheduler.TaskSchedulerImpl - Initial job has not accepted any resources; check your cluster UI to ensure that workers are registered and have sufficient memory
2014-07-23 06:04:49,619 [Timer-0] WARN  org.apache.spark.scheduler.TaskSchedulerImpl - Initial job has not accepted any resources; check your cluster UI to ensure that workers are registered and have sufficient memory
2014-07-23 06:05:04,619 [Timer-0] WARN  org.apache.spark.scheduler.TaskSchedulerImpl - Initial job has not accepted any resources; check your cluster UI to ensure that workers are registered and have sufficient memory
2014-07-23 06:05:19,619 [Timer-0] WARN  org.apache.spark.scheduler.TaskSchedulerImpl - Initial job has not accepted any resources; check your cluster UI to ensure that workers are registered and have sufficient memory
